.................................................. 50
25/11 yankees rodriguez alex ventures investigation case spring uniform scherzer max 
  18/4 rights reserved applicable interest online children espn position debate players 
    10/2 privacy policy ads based california terms internet reserved applicable interest 
    12/2 fantasy karabell eric rod shot fun roy winner young cy 
  25/7 man field head ball boston runs home hadn plead scheduled 
    24/3 march looked friday bat left hit home long america biogenesis 
    12/4 game play tampa carlos struck white nationals window hour appears 
.................................................. 100
27/11 rights game york applicable terms head home long drug guilty 
  40/11 yankees privacy alex rodriguez interest children internet espn field boston 
    12/2 policy reserved ads based online california ventures tampa beltran carlos 
    28/4 rod march man looked friday bat left ball hit runs 
    19/5 investigation case star starter spring arguably position max debate players 
.................................................. 150
35/11 rights policy rod ads based online man federal charges star 
  44/11 yankees home alex york california terms internet espn field head 
    17/4 america biogenesis pending case drug guilty plead starter spring struck 
    18/4 march looked friday bat ball boston long tampa beltran game 
    12/3 privacy reserved applicable interest children ventures eric direct winner retired 
.................................................. 200
34/11 play march applicable children ventures field head left hit long 
  36/11 rodriguez yankees home alex york looked friday ball boston runs 
    19/2 privacy rights policy reserved ads based interest online california terms 
    19/5 man bat hadn spring rod shot halladay roy winner young 
    8/2 scherzer debate fantasy list nationals window viera pitch reserved applicable 
    10/2 investigation america biogenesis federal defendant guilty scheduled league tampa game 
.................................................. 250
25/11 yankees york reserved ads online california hadn investigation federal defendant 
  39/11 home rodriguez alex game play man looked friday field head 
    19/4 america pending star spring arguably rod shot direct needless halladay 
    24/5 march bat left ball hit long league minor struck uniform 
    19/2 privacy rights policy applicable based interest children terms ventures internet 
.................................................. 300
38/11 rodriguez alex march york based children left hit long biogenesis 
  23/3 policy privacy reserved ads rights california terms ventures espn struck 
    14/3 applicable interest online rights privacy internet absurd uniform baseball white 
  26/8 yankees home looked friday runs america case drug starter minor 
    14/5 investigation government federal charges plead star league tampa beltran game 
    11/3 man field head bat ball boston hadn max karabell hasn 
.................................................. 350
44/11 alex home game march york based online children terms internet 
  28/11 yankees ads friday bat left ball hadn pending defendant guilty 
    17/4 rodriguez man looked field head boston hit runs investigation biogenesis 
    17/4 play league minor beltran rod shot halladay roy winner young 
    20/3 privacy rights policy reserved applicable interest california ventures espn position 
.................................................. 400
37/11 privacy rodriguez yankees based interest policy espn looked head long 
  21/11 rod children man left hit home america biogenesis pending case 
    14/2 investigation federal defendant charges plead scheduled alex injury suffering drills 
    12/3 max players karabell eric yankees hunt rotation starting spot win 
    17/2 alex friday field bat ball boston runs home hadn absurd 
    9/2 needless halladay roy winner retired game play viera pitch reserved 
    16/2 rights reserved applicable ads online california policy terms ventures internet 
.................................................. 450
37/11 yankees rights alex reserved ads online internet bat left america 
  5/2 spring absurd odd uniform baseball reserved applicable ads based interest 
    4/2 starter struck white rodriguez reserved applicable ads based interest online 
  27/9 rodriguez march york investigation government case defendant charges drug scheduled 
    9/2 rod shot direct halladay roy winner oblique suffering hasn reserved 
    12/3 biogenesis guilty game nationals window hour appears pitch hunt rotation 
    15/2 privacy policy applicable based interest children california terms ventures espn 
    17/2 home man looked friday field head ball boston hit runs 
.................................................. 500
35/11 alex rod applicable ads terms ball america plead scheduled starter 
  46/11 yankees rights rodriguez play march york california internet looked field 
    20/5 home man friday head bat boston hit runs long hadn 
    7/3 position scherzer max shot winner retired tweet reserved applicable ads 
    18/3 privacy policy reserved based interest online children ventures espn biogenesis 
.................................................. 550
30/11 yankees alex game based privacy man looked field head boston 
  12/4 starter scherzer debate players rod direct roy young retired tweet 
    15/4 spring arguably position max fantasy shot needless fun halladay winner 
  29/7 privacy home york applicable ads interest friday runs hadn investigation 
    11/3 play league minor carlos nationals window pitch march drills hasn 
    29/4 rodriguez rights policy reserved online children california terms ventures internet 
.................................................. 600
31/11 yankees rodriguez alex play reserved applicable california terms internet friday 
  34/11 privacy rights game march ads based online policy espn investigation 
    23/3 home man looked field bat ball boston hit runs long 
    11/3 interest children policy ventures case defendant drug plead star alex 
    9/2 position debate players fantasy list rotation starting win hander reserved 
    18/3 rod shot direct needless fun halladay winner young cy nationals 
.................................................. 650
33/11 home rod based interest internet espn left investigation government federal 
  32/11 yankees applicable terms ventures hit charges guilty scheduled star spring 
    26/3 alex man looked friday field head bat ball boston runs 
    21/4 privacy rights policy reserved ads online children california halladay young 
    14/4 game minor max list karabell eric play hour viera pitch 
.................................................. 700
37/11 yankees march reserved ads interest terms field bat left ball 
  26/11 rodriguez alex rod play york ventures man head scheduled arguably 
    27/4 privacy rights policy game applicable based online children california internet 
    12/2 home looked friday boston hit runs hunt rotation spot win 
    20/3 investigation biogenesis federal pending case defendant charges drug guilty plead 
    4/2 starter max top eric reserved applicable ads based interest online 
.................................................. 750
39/11 alex policy rod march children terms man head bat left 
  26/9 rights applicable interest california internet espn looked field hit pending 
    28/6 yankees game play government case defendant drug plead starter arguably 
    15/3 privacy home reserved ads based online ventures friday boston hadn 
  10/2 struck odd white rodriguez direct needless fun roy young cy 
    8/2 absurd baseball suv climbing shot halladay winner retired reserved applicable 
.................................................. 800
40/11 yankees york online children california espn bat ball boston home 
  10/3 based internet man looked long hadn rodriguez alex halladay tweet 
    15/2 rod friday field head left hit runs home shot direct 
    13/1 privacy rights policy reserved applicable ads interest terms ventures based 
  22/8 alex investigation federal pending case defendant plead scheduled spring league 
    10/4 minor tampa carlos players list hasn hunt win hander rookie 
    16/4 rodriguez america biogenesis government charges drug guilty uniform suv white 
.................................................. 850
34/11 yankees rodriguez home alex rights man ball federal pending charges 
  24/6 policy rod reserved ads interest online children rights california terms 
    3/1 direct needless tweet reserved applicable ads based interest online children 
    10/2 privacy applicable based ventures internet espn absurd struck reserved ads 
    17/3 looked friday field head bat left boston runs long hadn 
  9/5 tampa beltran debate top game injury oblique light hander reserved 
    11/2 march suffering drills ellsbury york hunt rotation starting spot win 
    18/3 investigation america biogenesis government case defendant drug plead scheduled league 
.................................................. 900
30/11 yankees play reserved based interest online california ventures internet espn 
  40/11 alex rod game march york children looked bat ball runs 
    18/4 privacy rights policy applicable ads terms tampa beltran carlos nationals 
    22/4 rodriguez investigation government drug scheduled odd uniform baseball suv white 
    16/3 home man friday head left boston hit long spring arguably 
.................................................. 950
35/11 alex policy rod interest espn left long biogenesis guilty plead 
  28/11 yankees rodriguez york children ventures internet man ball defendant charges 
    21/5 game league minor tampa beltran carlos shot direct needless fun 
    16/2 home looked friday field head bat boston hit runs hadn 
    7/1 absurd struck odd uniform baseball suv climbing reserved applicable ads 
    19/3 privacy rights reserved applicable ads based online california terms investigation 
.................................................. 1000
31/11 yankees rodriguez policy alex applicable based man looked head long 
  28/9 home rod interest privacy terms internet government federal case drug 
    10/1 friday field bat left ball boston hit runs hadn alex 
    22/5 game play investigation biogenesis pending defendant charges guilty plead scheduled 
    20/3 rights privacy reserved ads online children california ventures espn shot 
  8/2 absurd suv white march suffering drills jacoby york reserved applicable 
    7/2 struck odd baseball climbing oblique light hasn reserved applicable ads 
