218444 210364 0 0 statistics 0 
218444 210364 0 1 history 1 
218444 210364 0 2 baseball 0 
218444 210364 0 3 reference 1 
218550 215594 0 2 baseball 0 
218550 215594 0 4 basketball 2 
218550 215594 0 5 college 2 
218550 215594 0 6 football 2 
218550 215594 0 5 college 2 
218550 215594 0 7 hockey 1 
218550 215594 0 8 olympics 0 
218550 215594 0 9 blog 2 
218550 215594 0 10 question 2 
218550 215594 0 11 comment 1 
217406 183880 0 12 ad 1 
217406 183880 0 13 free 2 
217406 183880 0 14 play 2 
217406 183880 0 15 index 0 
217406 183880 0 16 sponsor 1 
218579 213549 0 15 index 2 
217156 202274 0 17 br 2 
217156 202274 0 18 home 2 
217156 202274 0 19 encyclopedia 0 
217156 202274 0 20 players 0 
217156 202274 0 21 listing 2 
217156 202274 0 22 alex 0 
217156 202274 0 23 rodriguez 0 
217156 202274 0 0 statistics 0 
217156 202274 0 1 history 1 
218038 216992 0 9 blog 2 
218038 216992 0 24 heinie 2 
218038 216992 0 25 zimmerman 2 
218038 216992 0 26 wins 2 
218038 216992 0 27 retro 1 
218038 216992 0 28 active 1 
218038 216992 0 29 nl 1 
218038 216992 0 30 triple 2 
218038 216992 0 31 crown 2 
218308 216113 0 23 rodriguez 0 
218308 216113 0 32 player 0 
218308 216113 0 33 page 1 
218364 213503 0 34 archive 2 
218050 174454 0 35 york 2 
218050 174454 0 36 yankees 0 
218050 174454 0 37 schedule 1 
217941 215584 0 38 ads 2 
217941 215584 0 12 ad 2 
217941 215584 0 13 free 1 
218477 174454 0 39 rod 1 
218477 174454 0 40 ri 1 
218477 174454 0 41 gez 1 
218132 179090 0 42 emmanuel 1 
218132 179090 0 23 rodriguez 0 
218132 179090 0 39 rod 2 
218132 179090 0 43 twitter 2 
218132 179090 0 44 arod 2 
218446 212937 0 45 baseman 1 
218135 189454 0 46 throws 1 
217955 203726 0 47 weight 2 
217955 203726 0 48 lb 2 
217513 179090 0 35 york 0 
217513 179090 0 49 ny 1 
217813 214368 0 50 westminster 1 
217813 214368 0 51 christian 1 
217813 214368 0 52 miami 1 
217813 214368 0 53 fl 1 
218060 214954 0 54 seattle 1 
218060 214954 0 55 mariners 0 
218060 214954 0 56 st 0 
218060 214954 0 57 round 0 
218060 214954 0 56 st 0 
218060 214954 0 58 pick 1 
218060 214954 0 59 amateur 1 
218060 214954 0 60 draft 1 
217841 1 0 61 transactions 1 
217642 213697 0 62 age 0 
217642 213697 0 56 st 0 
217642 213697 0 63 mlb 1 
217642 213697 0 1 history 1 
217928 129617 0 64 exceeded 2 
217928 129617 0 65 rookie 1 
217928 129617 0 66 limits 2 
217928 129617 0 67 season 2 
218587 216113 0 68 gp 1 
218587 216113 0 36 yankees 0 
218587 216113 0 55 mariners 2 
218587 216113 0 69 rangers 1 
218493 217706 0 70 status 1 
218493 217706 0 71 signed 0 
218493 217706 0 72 yrs 0 
218493 217706 0 73 details 2 
217415 208111 0 13 free 0 
217415 208111 0 74 agent 1 
217415 208111 0 75 agents 1 
217415 208111 0 76 jay 2 
217415 208111 0 77 reisinger 1 
217415 208111 0 78 jim 2 
217415 208111 0 79 sharp 1 
217415 208111 0 80 previously 1 
217415 208111 0 81 scott 1 
217415 208111 0 82 boras 1 
217415 208111 0 83 susy 1 
217415 208111 0 84 dunand 1 
218197 209468 0 85 team 1 
218197 209468 0 86 uniforms 2 
218197 209468 0 87 dressed 2 
218197 209468 0 88 nines 2 
218197 209468 0 2 baseball 0 
218197 209468 0 89 hall 1 
218197 209468 0 90 fame 2 
218197 209468 0 91 line 1 
218197 209468 0 92 exhibit 2 
218197 209468 0 93 report 1 
218197 209468 0 94 error 1 
218077 194744 0 33 page 1 
218077 194744 0 2 baseball 0 
218077 194744 0 3 reference 2 
218077 194744 0 95 provide 2 
218077 194744 0 96 service 2 
218077 194744 0 97 message 2 
218077 194744 0 98 replace 1 
218077 194744 0 12 ad 2 
218074 210785 0 99 sports 2 
218074 210785 0 100 fan 0 
218074 210785 0 101 sr 2 
218074 210785 0 102 ninja 2 
218074 210785 0 103 watch 2 
218074 210785 0 104 tutorial 2 
218074 210785 0 105 find 1 
218074 210785 0 33 page 1 
218154 212607 0 3 reference 1 
218154 212607 0 106 youtube 1 
218154 212607 0 107 channel 2 
218300 208808 0 108 news 2 
218203 172172 0 9 blog 2 
218203 172172 0 109 posts 2 
218203 172172 0 32 player 0 
218203 172172 0 108 news 1 
218203 172172 0 34 archive 2 
218203 172172 0 32 player 0 
218203 172172 0 108 news 1 
218203 172172 0 110 rss 2 
218203 172172 0 111 feed 1 
218203 172172 0 112 hide 1 
218203 172172 0 113 stories 1 
218123 211542 0 114 yanks 0 
218123 211542 0 115 yard 2 
218123 211542 0 36 yankees 0 
218123 211542 0 116 editorial 0 
218123 211542 0 22 alex 1 
218123 211542 0 23 rodriguez 0 
218123 211542 0 117 begin 1 
218123 211542 0 118 show 1 
218123 211542 0 36 yankees 0 
218123 211542 0 108 news 2 
218123 211542 0 119 broke 2 
218123 211542 0 120 month 0 
218123 211542 0 35 york 0 
218123 211542 0 36 yankees 0 
218123 211542 0 121 received 1 
218427 209733 0 2 baseball 0 
218427 209733 0 122 junkies 1 
218427 209733 0 123 top 1 
218427 209733 0 124 shortstops 1 
218427 209733 0 125 time 2 
218427 209733 0 126 list 1 
218427 209733 0 127 similar 2 
218427 209733 0 128 base 2 
218427 209733 0 129 counterparts 2 
218427 209733 0 125 time 2 
217887 207486 0 130 bronxpinstripes 2 
217887 207486 0 36 yankees 0 
217887 207486 0 131 win 2 
217887 207486 0 132 al 0 
217887 207486 0 133 east 2 
217887 207486 0 134 repeat 1 
217887 207486 0 36 yankees 0 
217887 207486 0 131 win 2 
217887 207486 0 132 al 0 
217887 207486 0 133 east 2 
218033 203726 0 135 bronx 2 
218033 203726 0 2 baseball 1 
218033 203726 0 136 daily 2 
218033 203726 0 137 spring 0 
218033 203726 0 138 training 0 
218033 203726 0 139 notes 1 
218033 203726 0 140 beltran 2 
218033 203726 0 141 ellsbury 2 
218033 203726 0 142 nova 2 
218033 203726 0 23 rodriguez 0 
218033 203726 0 143 raining 2 
218033 203726 0 144 tampa 1 
218033 203726 0 10 question 2 
217301 186679 0 145 outsidepitchmlb 1 
217301 186679 0 123 top 1 
217301 186679 0 146 major 1 
217301 186679 0 147 league 2 
217301 186679 0 2 baseball 0 
217301 186679 0 148 late 2 
217301 186679 0 149 night 2 
217301 186679 0 150 television 2 
217301 186679 0 151 appearances 2 
217301 186679 0 152 announcement 2 
217301 186679 0 153 texas 2 
217301 186679 0 154 senator 1 
217301 186679 0 155 ted 2 
217301 186679 0 156 cruzs 1 
217301 186679 0 157 campaign 1 
218546 207486 0 113 stories 1 
218132 179090 0 158 addiction 0 
218132 179090 0 159 girardi 1 
218132 179090 0 160 partially 1 
218132 179090 0 161 blame 1 
218132 179090 0 162 pirela 2 
218132 179090 0 163 injury 1 
218132 179090 0 164 yesterday 2 
218132 179090 0 165 morning 2 
218132 179090 0 166 discovered 2 
218132 179090 0 167 jose 1 
218132 179090 0 162 pirela 2 
217521 213249 0 168 canadian 1 
217521 213249 0 2 baseball 0 
217521 213249 0 169 network 2 
217521 213249 0 170 young 2 
217521 213249 0 171 eyes 1 
217521 213249 0 172 jays 2 
217521 213249 0 173 short 1 
217521 213249 0 174 arms 1 
217521 213249 0 175 blue 0 
217521 213249 0 172 jays 2 
217521 213249 0 176 dont 1 
217521 213249 0 177 pitching 2 
217521 213249 0 178 reach 2 
217521 213249 0 179 post 2 
217521 213249 0 67 season 0 
218345 163526 0 180 mlbtraderumors 1 
218345 163526 0 181 teams 2 
218345 163526 0 182 spend 2 
218345 163526 0 183 heavily 1 
218345 163526 0 184 winter 0 
218345 163526 0 185 nationals 2 
218345 163526 0 186 red 2 
218345 163526 0 187 sox 2 
218345 163526 0 188 cubs 0 
218345 163526 0 189 white 1 
218345 163526 0 187 sox 2 
218345 163526 0 190 biggest 1 
218345 163526 0 191 spenders 1 
218485 186679 0 192 mets 2 
218485 186679 0 193 chronicle 1 
218485 186679 0 194 happy 2 
218485 186679 0 195 recap 2 
218485 186679 0 196 game 0 
218485 186679 0 36 yankees 0 
218485 186679 0 192 mets 2 
218485 186679 0 197 harvey 2 
218485 186679 0 198 great 1 
218485 186679 0 114 yanks 0 
218485 186679 0 199 lagares 1 
218485 186679 0 200 hits 2 
218485 186679 0 201 inside 2 
218485 186679 0 202 park 2 
218485 186679 0 203 hr 2 
218485 186679 0 194 happy 0 
218485 186679 0 195 recap 2 
218485 186679 0 196 game 0 
218485 186679 0 36 yankees 0 
218485 186679 0 192 mets 2 
218485 186679 0 197 harvey 0 
217033 129617 0 204 bleeding 1 
217033 129617 0 205 yankee 0 
217033 129617 0 175 blue 2 
217033 129617 0 44 arod 1 
217033 129617 0 206 cuz 1 
217033 129617 0 207 plead 1 
217033 129617 0 208 guilty 2 
217033 129617 0 209 tale 2 
217033 129617 0 210 finally 1 
217033 129617 0 211 begins 2 
217033 129617 0 212 close 2 
217033 129617 0 213 yuri 1 
217033 129617 0 214 sucart 2 
217033 129617 0 215 expected 2 
218520 207486 0 205 yankee 0 
218520 207486 0 158 addiction 1 
218520 207486 0 22 alex 1 
218520 207486 0 23 rodriguez 0 
218520 207486 0 216 make 1 
218520 207486 0 217 fools 2 
218520 207486 0 218 ve 0 
218520 207486 0 219 read 1 
218520 207486 0 220 previous 2 
218520 207486 0 109 posts 1 
218520 207486 0 22 alex 0 
218520 207486 0 23 rodriguez 0 
218423 209340 0 114 yanks 0 
218423 209340 0 115 yard 0 
218423 209340 0 36 yankees 0 
218423 209340 0 108 news 2 
218423 209340 0 205 yankee 0 
218423 209340 0 221 owner 2 
218423 209340 0 222 hal 2 
218423 209340 0 223 steinbrenner 2 
218423 209340 0 224 holds 2 
218423 209340 0 225 back 2 
218423 209340 0 226 punches 2 
218423 209340 0 222 hal 2 
218423 209340 0 223 steinbrenner 2 
218423 209340 0 227 father 2 
218423 209340 0 228 george 1 
218423 209340 0 223 steinbrenner 2 
217576 216995 0 205 yankee 0 
217576 216995 0 158 addiction 0 
217576 216995 0 229 greg 2 
217576 216995 0 230 bird 2 
217576 216995 0 36 yankees 0 
217576 216995 0 231 roster 2 
217576 216995 0 164 yesterday 1 
217576 216995 0 36 yankees 0 
217576 216995 0 232 made 1 
217576 216995 0 57 round 2 
217576 216995 0 233 cuts 2 
217576 216995 0 234 included 2 
218284 216995 0 205 yankee 0 
218284 216995 0 158 addiction 0 
218284 216995 0 114 yanks 0 
218284 216995 0 163 injury 2 
218284 216995 0 235 doomsday 1 
218284 216995 0 67 season 0 
218284 216995 0 36 yankees 0 
218284 216995 0 232 made 1 
218284 216995 0 231 roster 1 
218284 216995 0 67 season 0 
218580 217995 0 205 yankee 0 
218580 217995 0 158 addiction 0 
218580 217995 0 236 playing 0 
218580 217995 0 196 game 1 
218580 217995 0 237 things 0 
218580 217995 0 36 yankees 0 
218580 217995 0 67 season 0 
218580 217995 0 238 order 1 
218575 214571 0 239 motor 2 
218575 214571 0 240 city 1 
218575 214571 0 241 bengals 2 
218575 214571 0 242 alfredo 2 
218575 214571 0 243 simon 2 
218575 214571 0 244 awful 2 
218575 214571 0 245 detroit 2 
218575 214571 0 246 tigers 1 
218575 214571 0 247 blown 2 
218575 214571 0 248 solid 2 
218575 214571 0 249 outings 1 
218575 214571 0 242 alfredo 2 
218575 214571 0 243 simon 2 
218575 214571 0 245 detroit 2 
218575 214571 0 246 tigers 1 
218296 193185 0 135 bronx 1 
218296 193185 0 2 baseball 1 
218296 193185 0 136 daily 1 
218296 193185 0 23 rodriguez 0 
218296 193185 0 250 homers 1 
218296 193185 0 251 victory 1 
218296 193185 0 246 tigers 1 
218296 193185 0 252 loss 1 
218296 193185 0 149 night 1 
218296 193185 0 36 yankees 0 
218296 193185 0 253 headed 1 
218296 193185 0 254 lakeland 2 
218124 217276 0 130 bronxpinstripes 0 
218124 217276 0 137 spring 0 
218124 217276 0 138 training 0 
218124 217276 0 196 game 0 
218124 217276 0 255 early 2 
218124 217276 0 256 offense 1 
218124 217276 0 257 fuels 2 
218124 217276 0 131 win 1 
218124 217276 0 36 yankees 0 
218124 217276 0 258 hit 2 
218124 217276 0 259 cycle 1 
218124 217276 0 260 run 2 
218124 217276 0 261 inning 1 
218124 217276 0 179 post 1 
218523 185164 0 262 world 2 
218523 185164 0 263 series 1 
218523 185164 0 264 dreaming 2 
218523 185164 0 265 ballad 1 
218523 185164 0 266 starlin 1 
218523 185164 0 267 castro 2 
218523 185164 0 268 internet 2 
218523 185164 0 269 give 2 
218523 185164 0 270 hot 2 
218523 185164 0 271 takes 0 
218523 185164 0 272 dive 0 
217452 119776 0 130 bronxpinstripes 0 
217452 119776 0 137 spring 0 
217452 119776 0 138 training 1 
217452 119776 0 196 game 0 
217452 119776 0 273 lineup 0 
217452 119776 0 274 snow 0 
217452 119776 0 275 greets 1 
217452 119776 0 276 ti 2 
217452 119776 0 277 state 2 
217452 119776 0 278 area 1 
217452 119776 0 279 afternoon 2 
217452 119776 0 36 yankees 0 
218307 201197 0 168 canadian 2 
218307 201197 0 2 baseball 0 
218307 201197 0 169 network 2 
218307 201197 0 280 experiencing 2 
218307 201197 0 223 steinbrenner 2 
218307 201197 0 281 field 1 
218307 201197 0 282 trip 2 
218307 201197 0 223 steinbrenner 2 
218307 201197 0 281 field 2 
218307 201197 0 234 included 1 
218307 201197 0 283 likes 2 
218157 204851 0 284 sodo 1 
218157 204851 0 285 mojo 1 
218157 204851 0 54 seattle 1 
218157 204851 0 55 mariners 1 
218157 204851 0 286 unveil 2 
218157 204851 0 287 commercials 1 
218157 204851 0 288 unveiling 1 
218157 204851 0 54 seattle 1 
218157 204851 0 55 mariners 0 
218157 204851 0 287 commercials 1 
218300 208808 0 135 bronx 0 
218300 208808 0 2 baseball 0 
218300 208808 0 136 daily 1 
218300 208808 0 137 spring 0 
218300 208808 0 138 training 0 
218300 208808 0 139 notes 2 
218300 208808 0 23 rodriguez 0 
218300 208808 0 289 ryan 1 
218300 208808 0 290 heres 2 
218300 208808 0 137 spring 0 
218300 208808 0 138 training 1 
218300 208808 0 139 notes 2 
218300 208808 0 291 hold 1 
218225 212937 0 130 bronxpinstripes 2 
218225 212937 0 137 spring 0 
218225 212937 0 138 training 0 
218225 212937 0 196 game 1 
218225 212937 0 273 lineup 0 
218225 212937 0 36 yankees 0 
218225 212937 0 292 face 2 
218225 212937 0 293 phillies 1 
218225 212937 0 294 tonight 1 
218225 212937 0 144 tampa 1 
218225 212937 0 228 george 1 
217921 216113 0 204 bleeding 2 
217921 216113 0 205 yankee 0 
217921 216113 0 175 blue 0 
217921 216113 0 22 alex 0 
217921 216113 0 23 rodriguez 0 
217921 216113 0 295 mentor 2 
217921 216113 0 296 negative 2 
217921 216113 0 297 press 2 
217921 216113 0 298 surrounded 1 
217921 216113 0 22 alex 0 
217921 216113 0 23 rodriguez 0 
218214 181125 0 299 johnny 2 
218214 181125 0 2 baseball 0 
218214 181125 0 300 clubhouse 2 
218214 181125 0 39 rod 1 
218214 181125 0 225 back 2 
218214 181125 0 301 games 1 
218214 181125 0 137 spring 0 
218214 181125 0 138 training 0 
218214 181125 0 302 serving 2 
218214 181125 0 303 yearlong 2 
217134 208808 0 304 da 1 
217134 208808 0 305 windy 2 
217134 208808 0 240 city 2 
217134 208808 0 306 kris 2 
217134 208808 0 307 bryant 2 
217134 208808 0 308 middle 2 
217134 208808 0 309 chicago 1 
217134 208808 0 188 cubs 2 
217134 208808 0 81 scott 2 
217134 208808 0 82 boras 1 
217134 208808 0 310 fight 1 
217134 208808 0 311 battle 1 
217134 208808 0 306 kris 2 
217134 208808 0 307 bryant 2 
217134 208808 0 309 chicago 2 
217134 208808 0 188 cubs 2 
218386 216207 0 145 outsidepitchmlb 2 
218386 216207 0 312 pete 2 
218386 216207 0 313 rose 2 
218386 216207 0 313 rose 2 
218386 216207 0 314 thorn 2 
218386 216207 0 312 pete 2 
218386 216207 0 313 rose 2 
218386 216207 0 2 baseball 0 
218459 191176 0 315 isportsweb 2 
218459 191176 0 35 york 1 
218459 191176 0 36 yankees 0 
218459 191176 0 316 preview 1 
218459 191176 0 317 derek 1 
218459 191176 0 318 jeter 2 
218459 191176 0 319 farewellswan 1 
218459 191176 0 320 song 2 
218459 191176 0 67 season 0 
218459 191176 0 321 masked 2 
218459 191176 0 322 fact 1 
218509 213601 0 114 yanks 0 
218509 213601 0 115 yard 0 
218509 213601 0 22 alex 0 
218509 213601 0 23 rodriguez 0 
218509 213601 0 323 positive 2 
218509 213601 0 324 influence 2 
218509 213601 0 325 prospects 2 
218509 213601 0 146 major 1 
218509 213601 0 326 headline 2 
218509 213601 0 2 baseball 0 
218509 213601 0 137 spring 0 
218509 213601 0 327 beenabout 2 
216536 209340 0 205 yankee 0 
216536 209340 0 158 addiction 2 
216536 209340 0 229 greg 2 
216536 209340 0 230 bird 2 
216536 209340 0 36 yankees 0 
216536 209340 0 231 roster 1 
216536 209340 0 164 yesterday 2 
216536 209340 0 36 yankees 0 
216536 209340 0 232 made 2 
216536 209340 0 57 round 2 
216536 209340 0 233 cuts 1 
216536 209340 0 234 included 2 
218115 209340 0 114 yanks 0 
218115 209340 0 115 yard 1 
218115 209340 0 36 yankees 0 
218115 209340 0 116 editorial 0 
218115 209340 0 22 alex 0 
218115 209340 0 23 rodriguez 0 
218115 209340 0 128 base 1 
218115 209340 0 328 experiment 1 
218115 209340 0 22 alex 0 
218115 209340 0 23 rodriguez 0 
218115 209340 0 328 experiment 1 
218115 209340 0 128 base 1 
217993 212607 0 128 base 1 
217993 212607 0 329 talk 2 
217993 212607 0 63 mlb 1 
217993 212607 0 330 retires 2 
217993 212607 0 331 paper 2 
217993 212607 0 332 star 2 
217993 212607 0 333 ballots 1 
217993 212607 0 334 advancement 2 
217993 212607 0 335 modern 0 
217993 212607 0 336 technology 2 
217993 212607 0 337 communication 2 
217993 212607 0 338 transformed 2 
218502 213457 0 339 tomahawk 1 
218502 213457 0 340 atlanta 1 
218502 213457 0 341 braves 2 
218502 213457 0 108 news 2 
218502 213457 0 165 morning 2 
218502 213457 0 342 chop 1 
218502 213457 0 343 comcast 2 
218502 213457 0 344 deal 2 
218502 213457 0 341 braves 2 
218502 213457 0 36 yankees 0 
218502 213457 0 340 atlanta 1 
218502 213457 0 341 braves 2 
218502 213457 0 341 braves 2 
218502 213457 0 345 finalize 2 
218502 213457 0 346 multiyear 2 
218502 213457 0 347 partnership 2 
218502 213457 0 343 comcast 2 
218457 119776 0 145 outsidepitchmlb 2 
218457 119776 0 348 passing 1 
218457 119776 0 349 baton 1 
218457 119776 0 317 derek 1 
218457 119776 0 350 didi 1 
218457 119776 0 351 darrell 1 
218457 119776 0 352 samuels 2 
218457 119776 0 43 twitter 1 
218457 119776 0 351 darrell 1 
218457 119776 0 352 samuels 2 
218457 119776 0 35 york 0 
218457 119776 0 36 yankees 0 
218447 217366 0 175 blue 2 
218447 217366 0 172 jays 1 
218447 217366 0 353 hutchison 2 
218447 217366 0 267 castro 1 
218447 217366 0 354 osuna 2 
218447 217366 0 355 shine 2 
218447 217366 0 36 yankees 0 
218447 217366 0 164 yesterday 2 
218447 217366 0 356 long 1 
218447 217366 0 357 day 2 
218447 217366 0 358 wanted 2 
218447 217366 0 359 thoughts 2 
218401 201197 0 204 bleeding 1 
218401 201197 0 205 yankee 0 
218401 201197 0 175 blue 0 
218401 201197 0 360 byb 0 
218401 201197 0 270 hot 2 
218401 201197 0 361 stove 2 
218401 201197 0 362 volume 2 
218401 201197 0 363 xix 0 
218401 201197 0 364 focus 1 
218401 201197 0 365 week 2 
218401 201197 0 137 spring 0 
218401 201197 0 138 training 0 
218401 201197 0 366 highs 0 
218401 201197 0 367 lows 2 
218397 208111 0 205 yankee 0 
218397 208111 0 158 addiction 0 
218397 208111 0 114 yanks 0 
218397 208111 0 163 injury 2 
218397 208111 0 235 doomsday 1 
218397 208111 0 67 season 0 
218397 208111 0 36 yankees 0 
218397 208111 0 232 made 2 
218397 208111 0 231 roster 2 
218397 208111 0 67 season 0 
218446 212937 0 145 outsidepitchmlb 0 
218446 212937 0 368 managers 1 
218446 212937 0 369 fired 1 
218446 212937 0 67 season 2 
218446 212937 0 370 pro 1 
218446 212937 0 2 baseball 2 
218446 212937 0 67 season 2 
218446 212937 0 371 bound 0 
218225 212937 0 372 baseballhotcorner 2 
218225 212937 0 373 opening 2 
218225 212937 0 357 day 1 
218225 212937 0 316 preview 2 
218225 212937 0 35 york 0 
218225 212937 0 36 yankees 0 
218225 212937 0 35 york 0 
218225 212937 0 36 yankees 0 
218225 212937 0 373 opening 2 
218225 212937 0 357 day 1 
218225 212937 0 316 preview 2 
218225 212937 0 35 york 0 
218050 174454 0 374 money 1 
218050 174454 0 375 stupid 1 
218050 174454 0 137 spring 0 
218050 174454 0 138 training 0 
218050 174454 0 196 game 1 
218050 174454 0 376 return 2 
218050 174454 0 377 cc 1 
218050 174454 0 378 sabathia 2 
218050 174454 0 379 forgot 2 
218050 174454 0 380 annoying 2 
218050 174454 0 381 sunday 1 
218050 174454 0 357 day 1 
218050 174454 0 196 game 0 
218050 174454 0 382 tuesday 2 
218050 174454 0 149 night 1 
218050 174454 0 196 game 1 
218409 170467 0 130 bronxpinstripes 0 
218409 170467 0 137 spring 0 
218409 170467 0 138 training 0 
218409 170467 0 196 game 1 
218409 170467 0 273 lineup 2 
218409 170467 0 377 cc 2 
218409 170467 0 378 sabathia 2 
218409 170467 0 383 makes 1 
218409 170467 0 376 return 1 
218409 170467 0 384 mound 2 
218409 170467 0 294 tonight 2 
218409 170467 0 36 yankees 0 
218256 183880 0 339 tomahawk 1 
218256 183880 0 385 correction 2 
218256 183880 0 386 contracts 1 
218256 183880 0 387 callaspo 1 
218256 183880 0 340 atlanta 2 
218256 183880 0 341 braves 1 
218256 183880 0 388 created 1 
218256 183880 0 389 confusion 1 
218256 183880 0 390 past 2 
218256 183880 0 391 days 2 
217921 216113 0 392 foros 1 
217921 216113 0 393 de 2 
217921 216113 0 394 planeta 2 
217921 216113 0 395 beisbol 0 
217921 216113 0 396 cooperstown 2 
217921 216113 0 397 posibles 2 
217921 216113 0 398 hofers 2 
217921 216113 0 399 entre 1 
217921 216113 0 400 los 1 
217921 216113 0 401 peloteros 2 
217921 216113 0 402 activos 1 
217921 216113 0 403 alberto 1 
217921 216113 0 404 silva 1 
217921 216113 0 405 escribi 2 
217921 216113 0 406 ejercicio 2 
217921 216113 0 407 muy 2 
217921 216113 0 408 difcil 2 
217921 216113 0 409 es 1 
217921 216113 0 410 el 0 
217921 216113 0 393 de 1 
217921 216113 0 411 pronosticar 1 
217933 217599 0 114 yanks 0 
217933 217599 0 115 yard 0 
217933 217599 0 36 yankees 0 
217933 217599 0 116 editorial 0 
217933 217599 0 412 networks 2 
217933 217599 0 413 ignore 1 
217933 217599 0 414 successful 1 
217933 217599 0 22 alex 0 
217933 217599 0 23 rodriguez 0 
217933 217599 0 373 opening 2 
217933 217599 0 357 day 2 
217933 217599 0 376 return 1 
217933 217599 0 22 alex 0 
217933 217599 0 23 rodriguez 0 
217933 217599 0 415 draws 1 
218316 203726 0 374 money 1 
218316 203726 0 375 stupid 2 
218316 203726 0 416 iiatms 1 
218316 203726 0 123 top 1 
218316 203726 0 417 moment 2 
218316 203726 0 418 alds 0 
218316 203726 0 196 game 0 
218316 203726 0 419 courtesy 1 
218316 203726 0 78 jim 0 
218316 203726 0 420 mcisaac 1 
218316 203726 0 421 getty 2 
218316 203726 0 422 images 1 
218316 203726 0 423 mark 1 
218316 203726 0 424 teixeira 2 
218316 203726 0 22 alex 0 
218316 203726 0 23 rodriguez 0 
217932 174578 0 130 bronxpinstripes 0 
217932 174578 0 36 yankees 0 
217932 174578 0 425 records 2 
217932 174578 0 426 milestones 2 
217932 174578 0 425 records 2 
217932 174578 0 232 made 1 
217932 174578 0 427 broken 1 
217932 174578 0 428 youre 1 
217932 174578 0 35 york 0 
218113 208710 0 204 bleeding 2 
218113 208710 0 205 yankee 0 
218113 208710 0 175 blue 1 
218113 208710 0 20 players 2 
218113 208710 0 429 association 2 
218113 208710 0 430 moves 2 
218113 208710 0 44 arod 2 
218113 208710 0 431 lawsuit 1 
218113 208710 0 432 quick 1 
218113 208710 0 433 note 1 
218113 208710 0 434 tony 1 
218113 208710 0 435 clark 1 
218113 208710 0 63 mlb 2 
218113 208710 0 20 players 2 
218113 208710 0 429 association 2 
218113 208710 0 44 arod 2 
218252 202629 0 135 bronx 2 
218252 202629 0 2 baseball 0 
218252 202629 0 136 daily 0 
218252 202629 0 436 weve 1 
218252 202629 0 437 learned 0 
218252 202629 0 137 spring 0 
218252 202629 0 138 training 0 
218252 202629 0 438 weeks 2 
218252 202629 0 36 yankees 0 
218252 202629 0 137 spring 0 
218252 202629 0 138 training 0 
218252 202629 0 439 camp 1 
218248 1 0 205 yankee 0 
218248 1 0 158 addiction 0 
218248 1 0 236 playing 0 
218248 1 0 196 game 0 
218248 1 0 237 things 2 
218248 1 0 36 yankees 0 
218248 1 0 67 season 0 
218248 1 0 238 order 2 
218193 209733 0 114 yanks 0 
218193 209733 0 115 yard 0 
218193 209733 0 36 yankees 0 
218193 209733 0 116 editorial 0 
218193 209733 0 22 alex 0 
218193 209733 0 23 rodriguez 0 
218193 209733 0 440 bat 0 
218193 209733 0 308 middle 0 
218193 209733 0 273 lineup 0 
218193 209733 0 441 entering 2 
218193 209733 0 137 spring 0 
218193 209733 0 138 training 0 
218193 209733 0 35 york 0 
218193 209733 0 36 yankees 0 
218193 209733 0 442 idea 2 
218573 213249 0 443 statliners 1 
218573 213249 0 22 alex 0 
218573 213249 0 23 rodriguez 0 
218573 213249 0 444 good 2 
218573 213249 0 445 negativity 1 
218573 213249 0 446 surrounding 2 
218573 213249 0 22 alex 0 
218573 213249 0 23 rodriguez 0 
218573 213249 0 390 past 1 
217931 214647 0 114 yanks 1 
217931 214647 0 115 yard 0 
217931 214647 0 36 yankees 0 
217931 214647 0 116 editorial 2 
217931 214647 0 135 bronx 0 
217931 214647 0 447 boiling 2 
217931 214647 0 448 prayforopeningday 2 
217931 214647 0 449 point 2 
217931 214647 0 450 im 2 
217931 214647 0 451 tired 0 
217931 214647 0 452 questions 1 
217400 206708 0 36 yankees 0 
217400 206708 0 453 unscripted 2 
217400 206708 0 36 yankees 0 
217400 206708 0 454 weekend 1 
217400 206708 0 108 news 2 
217400 206708 0 455 wrap 2 
217400 206708 0 456 eovaldi 1 
217400 206708 0 457 showing 1 
217400 206708 0 458 promise 2 
217400 206708 0 282 trip 0 
217400 206708 0 384 mound 2 
217400 206708 0 137 spring 0 
217400 206708 0 35 york 0 
217400 206708 0 36 yankees 0 
217400 206708 0 459 hander 1 
216894 213457 0 114 yanks 0 
216894 213457 0 115 yard 0 
216894 213457 0 205 yankee 0 
216894 213457 0 195 recap 2 
216894 213457 0 460 nathan 2 
216894 213457 0 456 eovaldi 1 
216894 213457 0 461 strong 1 
216894 213457 0 462 outing 1 
216894 213457 0 463 helps 1 
216894 213457 0 36 yankees 0 
216894 213457 0 131 win 1 
216894 213457 0 460 nathan 2 
216894 213457 0 456 eovaldi 1 
216894 213457 0 464 continues 1 
216894 213457 0 465 fantastic 2 
216894 213457 0 137 spring 0 
216894 213457 0 466 pitched 1 
218575 214571 0 172 jays 1 
218575 214571 0 467 journal 1 
218575 214571 0 175 blue 0 
218575 214571 0 172 jays 1 
218575 214571 0 468 podcast 0 
218575 214571 0 469 video 2 
218575 214571 0 132 al 0 
218575 214571 0 133 east 1 
218575 214571 0 316 preview 2 
218575 214571 0 365 week 0 
218575 214571 0 470 episode 2 
218575 214571 0 172 jays 1 
218575 214571 0 471 nest 1 
218575 214571 0 472 discussed 2 
218593 214443 0 473 elorater 1 
218512 214368 0 73 details 1 
218512 214368 0 474 updated 2 
218512 214368 0 475 mar 2 
218512 214368 0 476 pm 1 
218025 214484 0 477 rank 1 
218025 214484 0 478 batters 2 
218025 214484 0 479 gary 1 
218025 214484 0 480 carter 2 
218025 214484 0 481 yogi 2 
218025 214484 0 482 berra 2 
218025 214484 0 483 joe 2 
218025 214484 0 484 cronin 1 
218025 214484 0 22 alex 0 
218025 214484 0 23 rodriguez 0 
218025 214484 0 485 pee 1 
218025 214484 0 486 wee 1 
218025 214484 0 487 reese 2 
218025 214484 0 488 roger 1 
218025 214484 0 489 connor 2 
218025 214484 0 490 cesar 1 
218025 214484 0 491 cedenovote 2 
218464 213231 0 137 spring 0 
218464 213231 0 138 training 0 
2 1 0 492 tm 1 
2 1 0 62 age 1 
2 1 0 493 gs 1 
2 1 0 494 pa 1 
2 1 0 495 ab 2 
2 1 0 203 hr 2 
2 1 0 496 rbi 2 
2 1 0 497 sb 1 
2 1 0 498 cs 1 
2 1 0 499 bb 2 
2 1 0 500 ba 2 
2 1 0 501 obp 2 
2 1 0 502 slg 2 
2 1 0 503 ops 2 
2 1 0 504 tb 2 
2 1 0 505 gdp 2 
2 1 0 506 hbp 2 
2 1 0 507 sh 1 
2 1 0 508 sf 1 
2 1 0 509 ibb 2 
2 1 0 510 oppqual 2 
218594 214647 0 511 batting 0 
218161 218118 0 512 logs 1 
218161 218118 0 513 postseason 1 
218545 214368 0 514 career 1 
218077 194744 0 515 log 1 
217789 207486 0 516 pitcher 2 
218458 212937 0 196 game 1 
2 1 0 62 age 1 
2 1 0 492 tm 1 
2 1 0 517 lg 1 
2 1 0 494 pa 1 
2 1 0 495 ab 2 
2 1 0 203 hr 2 
2 1 0 496 rbi 2 
2 1 0 497 sb 1 
2 1 0 498 cs 1 
2 1 0 499 bb 2 
2 1 0 500 ba 2 
2 1 0 501 obp 2 
2 1 0 502 slg 2 
2 1 0 503 ops 2 
2 1 0 503 ops 2 
2 1 0 504 tb 2 
2 1 0 505 gdp 2 
2 1 0 506 hbp 2 
2 1 0 507 sh 1 
2 1 0 508 sf 1 
2 1 0 509 ibb 2 
2 1 0 518 pos 1 
2 1 0 519 awards 1 
217450 209733 0 520 sea 0 
217450 209733 0 521 min 0 
217450 209733 0 522 aaa 2 
217450 209733 0 523 aa 1 
217450 209733 0 524 app 1 
217450 209733 0 525 cgy 2 
217450 209733 0 526 jck 2 
217450 209733 0 527 midw 2 
217450 209733 0 528 pcl 2 
217450 209733 0 529 soul 2 
218302 192497 0 520 sea 1 
218302 192497 0 132 al 0 
217450 209733 0 520 sea 0 
217450 209733 0 521 min 0 
217450 209733 0 522 aaa 1 
217450 209733 0 530 tac 2 
217450 209733 0 528 pcl 1 
218560 215594 0 520 sea 0 
218560 215594 0 132 al 0 
217450 209733 0 520 sea 0 
217450 209733 0 521 min 0 
217450 209733 0 522 aaa 2 
217450 209733 0 530 tac 2 
217450 209733 0 528 pcl 1 
218553 162583 0 520 sea 0 
218553 162583 0 132 al 0 
218553 162583 0 531 mvp 0 
218553 162583 0 532 ss 0 
218251 162583 0 520 sea 0 
218251 162583 0 132 al 0 
218472 193185 0 520 sea 0 
218472 193185 0 132 al 0 
218472 193185 0 531 mvp 0 
218472 193185 0 532 ss 0 
218594 214647 0 520 sea 0 
218594 214647 0 132 al 0 
218594 214647 0 531 mvp 0 
218594 214647 0 532 ss 0 
217984 213549 0 520 sea 0 
217984 213549 0 132 al 0 
217984 213549 0 531 mvp 0 
217984 213549 0 532 ss 0 
218607 198921 0 533 tex 0 
218607 198921 0 132 al 0 
218607 198921 0 531 mvp 0 
218607 198921 0 532 ss 2 
218570 192497 0 533 tex 0 
218570 192497 0 132 al 0 
218570 192497 0 531 mvp 0 
218570 192497 0 534 gg 0 
218570 192497 0 532 ss 0 
218585 174578 0 533 tex 0 
218585 174578 0 132 al 0 
218585 174578 0 531 mvp 0 
218585 174578 0 534 gg 0 
218585 174578 0 532 ss 0 
218113 208710 0 535 nyy 0 
218113 208710 0 132 al 0 
218113 208710 0 531 mvp 0 
218588 212607 0 535 nyy 0 
218588 212607 0 132 al 0 
218588 212607 0 531 mvp 0 
218588 212607 0 532 ss 0 
2 1 0 535 nyy 0 
2 1 0 132 al 0 
2 1 0 531 mvp 0 
218301 216685 0 535 nyy 1 
218301 216685 0 132 al 0 
218301 216685 0 531 mvp 0 
218301 216685 0 532 ss 0 
218585 174578 0 535 nyy 0 
218585 174578 0 132 al 0 
218585 174578 0 531 mvp 0 
218585 174578 0 532 ss 0 
218451 200473 0 535 nyy 0 
218451 200473 0 132 al 0 
218451 200473 0 531 mvp 0 
218608 211542 0 535 nyy 0 
218608 211542 0 132 al 0 
218608 211542 0 531 mvp 2 
217933 217599 0 535 nyy 0 
217933 217599 0 521 min 2 
217933 217599 0 522 aaa 2 
217933 217599 0 536 tam 1 
217933 217599 0 537 swb 2 
217933 217599 0 538 flor 1 
217933 217599 0 539 il 1 
217758 188780 0 535 nyy 0 
217758 188780 0 132 al 0 
218365 214368 0 535 nyy 0 
218365 214368 0 521 min 1 
218365 214368 0 536 tam 0 
218365 214368 0 538 flor 1 
218251 162583 0 535 nyy 0 
218251 162583 0 132 al 0 
217840 129617 0 535 nyy 1 
217840 129617 0 521 min 0 
217840 129617 0 522 aaa 2 
217840 129617 0 523 aa 1 
217840 129617 0 536 tam 2 
217840 129617 0 537 swb 2 
217840 129617 0 540 tre 1 
217840 129617 0 541 chs 2 
217840 129617 0 538 flor 2 
217840 129617 0 539 il 1 
217840 129617 0 410 el 2 
217840 129617 0 542 sall 1 
218135 189454 0 535 nyy 0 
218135 189454 0 132 al 0 
218251 162583 0 543 avg 2 
2 1 0 494 pa 1 
2 1 0 495 ab 2 
2 1 0 203 hr 2 
2 1 0 496 rbi 2 
2 1 0 497 sb 1 
2 1 0 498 cs 1 
2 1 0 499 bb 2 
2 1 0 500 ba 2 
2 1 0 501 obp 2 
2 1 0 502 slg 2 
2 1 0 503 ops 2 
2 1 0 503 ops 2 
2 1 0 504 tb 2 
2 1 0 505 gdp 2 
2 1 0 506 hbp 2 
2 1 0 507 sh 1 
2 1 0 508 sf 1 
2 1 0 509 ibb 2 
2 1 0 518 pos 1 
2 1 0 519 awards 1 
218609 206708 0 72 yrs 0 
218610 218118 0 72 yrs 0 
217730 202274 0 72 yrs 0 
218563 188355 0 544 speed 2 
218563 188355 0 545 sites 1 
218563 188355 0 99 sports 0 
218563 188355 0 3 reference 0 
218563 188355 0 12 ad 1 
218563 188355 0 13 free 0 
217887 207486 0 478 batters 2 
218178 213601 0 546 explained 1 
218178 213601 0 531 mvp 0 
218178 213601 0 547 starter 2 
218178 213601 0 548 repl 2 
161433 1 0 62 age 1 
161433 1 0 492 tm 1 
161433 1 0 517 lg 1 
161433 1 0 494 pa 1 
161433 1 0 549 rbat 2 
161433 1 0 550 rbaser 2 
161433 1 0 551 rdp 2 
161433 1 0 552 rfield 1 
161433 1 0 553 rpos 2 
161433 1 0 554 raa 2 
161433 1 0 555 waa 1 
161433 1 0 556 rrep 1 
161433 1 0 557 rar 2 
161433 1 0 558 war 2 
161433 1 0 559 waawl 2 
161433 1 0 560 wl 2 
161433 1 0 561 owar 2 
161433 1 0 562 dwar 2 
161433 1 0 563 orar 1 
161433 1 0 564 salary 2 
161433 1 0 518 pos 1 
161433 1 0 519 awards 1 
217101 172172 0 520 sea 0 
217101 172172 0 132 al 0 
218458 212937 0 520 sea 0 
218458 212937 0 132 al 0 
218549 209412 0 520 sea 0 
218549 209412 0 132 al 0 
218549 209412 0 531 mvp 0 
218549 209412 0 532 ss 0 
218108 191176 0 520 sea 0 
218108 191176 0 132 al 0 
218481 214484 0 520 sea 0 
218481 214484 0 132 al 0 
218481 214484 0 531 mvp 0 
218481 214484 0 532 ss 0 
218487 198921 0 520 sea 0 
218487 198921 0 132 al 0 
218487 198921 0 531 mvp 0 
218487 198921 0 532 ss 0 
217847 211433 0 520 sea 0 
217847 211433 0 132 al 0 
217847 211433 0 531 mvp 0 
217847 211433 0 532 ss 0 
218347 214571 0 533 tex 0 
218347 214571 0 132 al 0 
218347 214571 0 531 mvp 0 
218347 214571 0 532 ss 0 
218047 188780 0 533 tex 2 
218047 188780 0 132 al 0 
218047 188780 0 531 mvp 0 
218047 188780 0 534 gg 0 
218047 188780 0 532 ss 0 
217586 217366 0 533 tex 0 
217586 217366 0 132 al 0 
217586 217366 0 531 mvp 0 
217586 217366 0 534 gg 0 
217586 217366 0 532 ss 0 
218266 211542 0 535 nyy 0 
218266 211542 0 132 al 0 
218266 211542 0 531 mvp 0 
218324 216207 0 535 nyy 0 
218324 216207 0 132 al 0 
218324 216207 0 531 mvp 0 
218324 216207 0 532 ss 0 
218381 217918 0 535 nyy 0 
218381 217918 0 132 al 0 
218381 217918 0 531 mvp 0 
62475 1 0 535 nyy 0 
62475 1 0 132 al 0 
62475 1 0 531 mvp 0 
62475 1 0 532 ss 0 
217955 203726 0 535 nyy 0 
217955 203726 0 132 al 0 
217955 203726 0 531 mvp 0 
217955 203726 0 532 ss 0 
218612 215564 0 535 nyy 0 
218612 215564 0 132 al 0 
218612 215564 0 531 mvp 0 
218238 174578 0 535 nyy 0 
218238 174578 0 132 al 0 
218238 174578 0 531 mvp 0 
217776 203721 0 535 nyy 0 
217776 203721 0 132 al 0 
218613 192497 0 535 nyy 0 
218613 192497 0 132 al 0 
218251 162583 0 535 nyy 0 
218251 162583 0 132 al 0 
161433 1 0 494 pa 1 
161433 1 0 549 rbat 2 
161433 1 0 550 rbaser 2 
161433 1 0 551 rdp 1 
161433 1 0 552 rfield 1 
161433 1 0 553 rpos 2 
161433 1 0 554 raa 2 
161433 1 0 555 waa 1 
161433 1 0 556 rrep 1 
161433 1 0 557 rar 2 
161433 1 0 558 war 2 
161433 1 0 559 waawl 2 
161433 1 0 560 wl 2 
161433 1 0 561 owar 2 
161433 1 0 562 dwar 2 
161433 1 0 563 orar 1 
161433 1 0 564 salary 2 
161433 1 0 518 pos 1 
161433 1 0 519 awards 1 
218259 214644 0 72 yrs 1 
218614 212607 0 72 yrs 2 
218615 170467 0 72 yrs 0 
218448 154353 0 511 batting 1 
2 1 0 62 age 1 
2 1 0 492 tm 1 
2 1 0 517 lg 1 
2 1 0 263 series 1 
2 1 0 565 opp 2 
2 1 0 566 rslt 1 
2 1 0 494 pa 1 
2 1 0 495 ab 2 
2 1 0 203 hr 1 
2 1 0 496 rbi 2 
2 1 0 497 sb 1 
2 1 0 498 cs 1 
2 1 0 499 bb 2 
2 1 0 500 ba 2 
2 1 0 501 obp 2 
2 1 0 502 slg 2 
2 1 0 503 ops 2 
2 1 0 504 tb 2 
2 1 0 505 gdp 2 
2 1 0 506 hbp 2 
2 1 0 507 sh 1 
2 1 0 508 sf 1 
2 1 0 509 ibb 2 
217933 217599 0 520 sea 0 
217933 217599 0 132 al 0 
217933 217599 0 418 alds 2 
217933 217599 0 535 nyy 0 
218363 203218 0 520 sea 0 
218363 203218 0 132 al 0 
218363 203218 0 567 alcs 0 
218363 203218 0 568 cle 1 
218447 217366 0 520 sea 0 
218447 217366 0 132 al 0 
218447 217366 0 418 alds 0 
218447 217366 0 569 bal 2 
217686 181125 0 520 sea 0 
217686 181125 0 132 al 0 
217686 181125 0 418 alds 0 
217686 181125 0 570 chw 2 
218090 217276 0 520 sea 0 
218090 217276 0 132 al 0 
218090 217276 0 567 alcs 0 
218090 217276 0 535 nyy 0 
218324 216207 0 535 nyy 0 
218324 216207 0 132 al 0 
218324 216207 0 418 alds 0 
218324 216207 0 521 min 1 
217955 203726 0 535 nyy 0 
217955 203726 0 132 al 0 
217955 203726 0 567 alcs 0 
217955 203726 0 571 bos 1 
218371 191176 0 535 nyy 0 
218371 191176 0 132 al 0 
218371 191176 0 418 alds 0 
218371 191176 0 572 laa 2 
218599 217918 0 535 nyy 0 
218599 217918 0 132 al 0 
218599 217918 0 418 alds 0 
218599 217918 0 573 det 0 
218300 208808 0 535 nyy 0 
218300 208808 0 132 al 0 
218300 208808 0 418 alds 0 
218300 208808 0 568 cle 1 
217386 209412 0 535 nyy 0 
217386 209412 0 132 al 0 
217386 209412 0 418 alds 0 
217386 209412 0 521 min 1 
218431 210364 0 535 nyy 0 
218431 210364 0 132 al 0 
218431 210364 0 567 alcs 2 
218431 210364 0 572 laa 1 
218193 209733 0 535 nyy 0 
218193 209733 0 132 al 0 
218193 209733 0 574 ws 2 
218193 209733 0 575 phi 2 
217769 217366 0 535 nyy 0 
217769 217366 0 132 al 0 
217769 217366 0 418 alds 0 
217769 217366 0 521 min 1 
218414 217876 0 535 nyy 0 
218414 217876 0 132 al 1 
218414 217876 0 567 alcs 0 
218414 217876 0 533 tex 1 
217224 216992 0 535 nyy 0 
217224 216992 0 132 al 0 
217224 216992 0 418 alds 0 
217224 216992 0 573 det 1 
218441 185164 0 535 nyy 0 
218441 185164 0 132 al 0 
218441 185164 0 418 alds 0 
218441 185164 0 569 bal 1 
218551 189805 0 535 nyy 0 
218551 189805 0 132 al 0 
218551 189805 0 567 alcs 0 
218551 189805 0 573 det 2 
218419 215594 0 263 series 2 
2 1 0 494 pa 1 
2 1 0 495 ab 2 
2 1 0 203 hr 2 
2 1 0 496 rbi 2 
2 1 0 497 sb 1 
2 1 0 498 cs 1 
2 1 0 499 bb 2 
2 1 0 500 ba 2 
2 1 0 501 obp 2 
2 1 0 502 slg 2 
2 1 0 503 ops 2 
2 1 0 504 tb 2 
2 1 0 505 gdp 2 
2 1 0 506 hbp 2 
2 1 0 507 sh 1 
2 1 0 508 sf 1 
2 1 0 509 ibb 2 
218042 217143 0 576 fielding 2 
218540 119776 0 260 run 1 
218540 119776 0 577 summary 2 
217788 214368 0 512 logs 2 
218332 172172 0 576 fielding 2 
218332 172172 0 578 stats 2 
32 1 0 492 tm 1 
32 1 0 517 lg 1 
32 1 0 62 age 1 
32 1 0 518 pos 1 
32 1 0 493 gs 1 
32 1 0 579 cg 2 
32 1 0 580 inn 2 
32 1 0 581 ch 2 
32 1 0 582 po 2 
32 1 0 583 dp 2 
32 1 0 584 fld 2 
32 1 0 585 rtot 2 
32 1 0 586 rdrs 2 
32 1 0 585 rtot 2 
32 1 0 587 yr 2 
32 1 0 586 rdrs 2 
32 1 0 587 yr 2 
32 1 0 588 rf 2 
32 1 0 588 rf 2 
32 1 0 589 lgfld 2 
32 1 0 590 lgrf 2 
32 1 0 591 lgrfg 2 
32 1 0 519 awards 1 
218576 203218 0 132 al 0 
218576 203218 0 532 ss 0 
217932 174578 0 132 al 0 
217932 174578 0 532 ss 0 
218298 189805 0 132 al 0 
218298 189805 0 592 dh 0 
218313 209340 0 132 al 0 
218313 209340 0 532 ss 0 
218313 209340 0 531 mvp 0 
218313 209340 0 532 ss 0 
218354 216995 0 132 al 0 
218354 216995 0 532 ss 0 
218625 215564 0 132 al 0 
218625 215564 0 592 dh 1 
218410 215784 0 132 al 0 
218410 215784 0 532 ss 0 
218410 215784 0 531 mvp 0 
218410 215784 0 532 ss 0 
217932 174578 0 132 al 0 
217932 174578 0 592 dh 2 
217932 174578 0 531 mvp 0 
217932 174578 0 532 ss 0 
218421 188780 0 132 al 0 
218421 188780 0 532 ss 0 
218421 188780 0 531 mvp 0 
218421 188780 0 532 ss 0 
218626 213457 0 132 al 0 
218626 213457 0 532 ss 0 
218626 213457 0 531 mvp 0 
218626 213457 0 532 ss 0 
217991 208057 0 132 al 0 
217991 208057 0 532 ss 0 
217991 208057 0 531 mvp 0 
217991 208057 0 532 ss 0 
218446 212937 0 132 al 0 
218446 212937 0 592 dh 0 
218446 212937 0 531 mvp 0 
218446 212937 0 532 ss 0 
218532 174578 0 132 al 0 
218532 174578 0 532 ss 0 
218532 174578 0 531 mvp 0 
218532 174578 0 534 gg 0 
218532 174578 0 532 ss 0 
218345 163526 0 132 al 0 
218345 163526 0 532 ss 0 
218345 163526 0 531 mvp 0 
218345 163526 0 534 gg 0 
218345 163526 0 532 ss 0 
218627 198921 0 132 al 0 
218627 198921 0 592 dh 0 
218627 198921 0 531 mvp 0 
218627 198921 0 534 gg 1 
218627 198921 0 532 ss 0 
218524 186679 0 132 al 0 
218524 186679 0 531 mvp 0 
218628 217918 0 132 al 0 
218628 217918 0 532 ss 0 
218628 217918 0 531 mvp 0 
218348 214368 0 132 al 0 
218348 214368 0 531 mvp 0 
218348 214368 0 532 ss 0 
218629 192497 0 132 al 0 
218629 192497 0 532 ss 0 
218629 192497 0 531 mvp 0 
218629 192497 0 532 ss 0 
218630 187121 0 132 al 0 
218630 187121 0 592 dh 0 
218630 187121 0 531 mvp 0 
218630 187121 0 532 ss 0 
217829 208111 0 132 al 0 
217829 208111 0 531 mvp 0 
218631 213387 0 132 al 0 
218631 213387 0 592 dh 0 
218631 213387 0 531 mvp 2 
218616 189454 0 132 al 0 
218616 189454 0 531 mvp 0 
218616 189454 0 532 ss 0 
218632 213457 0 132 al 0 
218632 213457 0 592 dh 0 
218632 213457 0 531 mvp 0 
218632 213457 0 532 ss 0 
218632 213457 0 132 al 0 
218632 213457 0 531 mvp 0 
218632 213457 0 532 ss 0 
217642 213697 0 132 al 0 
217642 213697 0 592 dh 1 
217642 213697 0 531 mvp 2 
217642 213697 0 532 ss 0 
218095 215319 0 132 al 0 
218095 215319 0 531 mvp 0 
218493 217706 0 132 al 0 
218493 217706 0 592 dh 0 
218493 217706 0 531 mvp 0 
218269 218064 0 132 al 0 
218269 218064 0 531 mvp 0 
218607 198921 0 132 al 0 
218607 198921 0 592 dh 1 
218607 198921 0 531 mvp 0 
217734 187121 0 132 al 0 
218322 202274 0 132 al 0 
218322 202274 0 592 dh 0 
217968 213549 0 132 al 0 
218603 213457 0 132 al 0 
218603 213457 0 592 dh 0 
218057 215784 0 132 al 0 
218612 215564 0 132 al 0 
218612 215564 0 592 dh 1 
217756 207467 0 593 seasons 0 
217756 207467 0 532 ss 0 
218633 194744 0 593 seasons 0 
217156 202274 0 593 seasons 0 
217156 202274 0 592 dh 0 
218543 179090 0 593 seasons 0 
218543 179090 0 594 tot 2 
32 1 0 493 gs 2 
32 1 0 579 cg 2 
32 1 0 580 inn 2 
32 1 0 581 ch 2 
32 1 0 582 po 2 
32 1 0 583 dp 2 
32 1 0 584 fld 2 
32 1 0 585 rtot 2 
32 1 0 586 rdrs 2 
32 1 0 585 rtot 2 
32 1 0 587 yr 2 
32 1 0 586 rdrs 2 
32 1 0 587 yr 2 
32 1 0 588 rf 2 
32 1 0 588 rf 2 
32 1 0 589 lgfld 2 
32 1 0 590 lgrf 2 
32 1 0 591 lgrfg 2 
32 1 0 519 awards 1 
62475 1 0 595 complete 2 
62475 1 0 32 player 0 
62475 1 0 301 games 2 
62475 1 0 596 played 2 
62475 1 0 597 data 2 
218332 172172 0 578 stats 2 
218332 172172 0 598 combination 2 
218332 172172 0 599 official 2 
218332 172172 0 425 records 1 
218332 172172 0 600 retrosheet 1 
218332 172172 0 425 records 1 
218332 172172 0 601 substantial 1 
218332 172172 0 602 errors 2 
218332 172172 0 603 match 2 
218332 172172 0 604 perfectly 2 
218332 172172 0 605 view 2 
218332 172172 0 595 complete 2 
218332 172172 0 139 notes 1 
218332 172172 0 576 fielding 2 
218332 172172 0 597 data 1 
218332 172172 0 606 leagues 2 
218332 172172 0 607 historically 0 
218332 172172 0 232 made 1 
218332 172172 0 608 effort 2 
218332 172172 0 609 balance 2 
218332 172172 0 85 team 1 
218332 172172 0 147 league 0 
218332 172172 0 32 player 2 
218332 172172 0 576 fielding 2 
218332 172172 0 578 stats 2 
218332 172172 0 610 computers 1 
218332 172172 0 232 made 1 
218332 172172 0 611 feasible 1 
218332 172172 0 612 prior 1 
218332 172172 0 613 hundreds 2 
218332 172172 0 614 thousands 1 
218332 172172 0 615 discrepancies 2 
218332 172172 0 616 year 0 
218332 172172 0 301 games 1 
218332 172172 0 596 played 2 
218332 172172 0 32 player 2 
218332 172172 0 596 played 2 
218332 172172 0 617 position 1 
218332 172172 0 618 putouts 2 
218332 172172 0 619 assists 2 
218332 172172 0 620 double 2 
218332 172172 0 621 plays 0 
218332 172172 0 602 errors 1 
218332 172172 0 622 pre 1 
218332 172172 0 497 sb 1 
218332 172172 0 498 cs 0 
218332 172172 0 597 data 1 
218332 172172 0 623 catchers 1 
218332 172172 0 624 estimated 1 
218332 172172 0 625 catcher 1 
218332 172172 0 619 assists 2 
218332 172172 0 301 games 1 
218332 172172 0 626 started 1 
218332 172172 0 627 opposition 2 
218332 172172 0 628 stolen 1 
218332 172172 0 629 bases 2 
62475 1 0 497 sb 1 
62475 1 0 498 cs 1 
62475 1 0 630 pickoff 2 
62475 1 0 631 wp 2 
62475 1 0 597 data 2 
62475 1 0 623 catchers 2 
62475 1 0 632 pitchers 2 
62475 1 0 14 play 2 
62475 1 0 14 play 2 
62475 1 0 633 accounts 1 
62475 1 0 600 retrosheet 2 
62475 1 0 634 files 2 
62475 1 0 635 hundred 2 
62475 1 0 301 games 2 
62475 1 0 636 pbp 1 
62475 1 0 597 data 2 
218061 214644 0 493 gs 2 
218061 214644 0 600 retrosheet 1 
218061 214644 0 597 data 0 
218061 214644 0 595 complete 2 
218061 214644 0 637 pretty 2 
218061 214644 0 638 accurate 2 
62475 1 0 596 played 2 
62475 1 0 497 sb 1 
62475 1 0 498 cs 1 
62475 1 0 600 retrosheet 2 
62475 1 0 14 play 2 
62475 1 0 14 play 2 
62475 1 0 597 data 2 
62475 1 0 639 considered 2 
62475 1 0 595 complete 2 
62475 1 0 595 complete 2 
218462 217599 0 582 po 0 
218462 217599 0 640 lf 1 
218462 217599 0 641 cf 1 
218462 217599 0 588 rf 1 
218462 217599 0 642 positions 1 
218462 217599 0 14 play 1 
218462 217599 0 14 play 1 
218462 217599 0 643 box 2 
218462 217599 0 644 score 2 
218462 217599 0 597 data 1 
218466 213549 0 582 po 1 
218466 213549 0 532 ss 0 
218466 213549 0 642 positions 1 
218466 213549 0 599 official 1 
218466 213549 0 645 reported 1 
218466 213549 0 646 totals 1 
218466 213549 0 647 corrected 2 
218466 213549 0 648 times 2 
218466 213549 0 649 publication 1 
62475 1 0 650 detailed 2 
62475 1 0 651 information 2 
62475 1 0 301 games 2 
62475 1 0 600 retrosheet 2 
62475 1 0 652 missing 2 
62475 1 0 14 play 2 
62475 1 0 14 play 2 
62475 1 0 358 wanted 1 
62475 1 0 301 games 2 
62475 1 0 126 list 2 
62475 1 0 650 detailed 2 
62475 1 0 651 information 2 
62475 1 0 653 availability 2 
62475 1 0 597 data 2 
62475 1 0 654 site 1 
62475 1 0 616 year 1 
62475 1 0 597 data 2 
62475 1 0 655 coverage 2 
62475 1 0 33 page 2 
217987 215319 0 656 leader 2 
217987 215319 0 657 boards 2 
217987 215319 0 519 awards 1 
217987 215319 0 658 honors 1 
218634 217412 0 616 year 0 
218634 217412 0 477 rank 1 
218634 217412 0 659 glossary 1 
217804 214571 0 301 games 1 
218322 202274 0 587 yr 2 
218322 202274 0 517 lg 1 
218322 202274 0 660 award 1 
218616 189454 0 147 league 0 
218616 189454 0 32 player 0 
218616 189454 0 616 year 0 
218486 209412 0 511 batting 0 
218486 209412 0 661 title 1 
216536 209340 0 662 hank 1 
216536 209340 0 663 aaron 0 
216536 209340 0 660 award 0 
218637 203726 0 662 hank 1 
218637 203726 0 663 aaron 0 
218637 203726 0 660 award 0 
218440 189805 0 147 league 0 
218440 189805 0 32 player 0 
218440 189805 0 616 year 0 
217581 214368 0 662 hank 2 
217581 214368 0 663 aaron 1 
217581 214368 0 660 award 1 
218213 215784 0 531 mvp 0 
218263 212937 0 531 mvp 2 
218638 201197 0 147 league 1 
218638 201197 0 32 player 0 
218638 201197 0 616 year 0 
218322 202274 0 531 mvp 0 
218540 119776 0 662 hank 1 
218540 119776 0 663 aaron 0 
218540 119776 0 660 award 1 
218122 202274 0 664 babe 1 
218122 202274 0 665 ruth 2 
218122 202274 0 660 award 0 
217502 202274 0 587 yr 2 
217502 202274 0 517 lg 1 
217502 202274 0 666 rk 1 
217502 202274 0 667 shr 2 
218644 203721 0 668 shares 2 
218344 218173 0 669 gloves 2 
218465 207418 0 532 ss 0 
218482 214644 0 532 ss 0 
218645 213601 0 670 winners 1 
218646 215784 0 671 sluggers 2 
218432 218118 0 532 ss 0 
217786 208808 0 532 ss 0 
218400 213601 0 532 ss 0 
218647 209412 0 532 ss 0 
217538 216113 0 532 ss 0 
218508 203218 0 532 ss 0 
218648 217599 0 532 ss 0 
218624 172172 0 670 winners 1 
218438 213601 0 519 awards 0 
218438 213601 0 587 yr 1 
218438 213601 0 120 month 0 
218438 213601 0 517 lg 1 
218438 213601 0 660 award 1 
218551 189805 0 132 al 0 
218551 189805 0 32 player 0 
218551 189805 0 120 month 0 
218025 214484 0 132 al 0 
218025 214484 0 32 player 0 
218025 214484 0 120 month 0 
218214 181125 0 132 al 0 
218214 181125 0 32 player 0 
218214 181125 0 120 month 2 
218427 209733 0 132 al 0 
218427 209733 0 32 player 0 
218427 209733 0 120 month 0 
217101 172172 0 132 al 0 
217101 172172 0 32 player 0 
217101 172172 0 120 month 0 
218308 216113 0 132 al 0 
218308 216113 0 32 player 0 
218308 216113 0 120 month 2 
218433 202274 0 132 al 0 
218433 202274 0 32 player 0 
218433 202274 0 120 month 0 
216728 208057 0 132 al 0 
216728 208057 0 32 player 0 
216728 208057 0 120 month 0 
218327 179090 0 132 al 0 
218327 179090 0 32 player 0 
218327 179090 0 120 month 0 
218651 200473 0 132 al 0 
218651 200473 0 32 player 0 
218651 200473 0 120 month 0 
217156 202274 0 519 awards 1 
217156 202274 0 587 yr 1 
217156 202274 0 365 week 0 
217156 202274 0 517 lg 1 
217156 202274 0 660 award 1 
218487 198921 0 132 al 0 
218487 198921 0 32 player 0 
218487 198921 0 365 week 0 
218652 214644 0 56 st 0 
218652 214644 0 132 al 0 
218652 214644 0 32 player 0 
218652 214644 0 365 week 0 
218339 214644 0 132 al 0 
218339 214644 0 32 player 0 
218339 214644 0 365 week 0 
218555 213549 0 132 al 0 
218555 213549 0 32 player 0 
218555 213549 0 365 week 0 
217224 216992 0 132 al 0 
217224 216992 0 32 player 0 
217224 216992 0 365 week 0 
218071 217995 0 132 al 0 
218071 217995 0 32 player 0 
218071 217995 0 365 week 0 
218653 208057 0 132 al 0 
218653 208057 0 32 player 0 
218653 208057 0 365 week 0 
217991 208057 0 132 al 0 
217991 208057 0 32 player 0 
217991 208057 0 365 week 0 
218617 209468 0 56 st 0 
218617 209468 0 132 al 0 
218617 209468 0 32 player 0 
218617 209468 0 365 week 0 
218302 192497 0 132 al 2 
218302 192497 0 32 player 0 
218302 192497 0 365 week 0 
218229 198921 0 132 al 0 
218229 198921 0 32 player 0 
218229 198921 0 365 week 0 
218039 200473 0 132 al 0 
218039 200473 0 32 player 0 
218039 200473 0 365 week 0 
218473 172172 0 132 al 0 
218473 172172 0 32 player 0 
218473 172172 0 365 week 0 
218491 189805 0 672 replacement 2 
218482 214644 0 56 st 0 
218652 214644 0 56 st 0 
218656 119776 0 56 st 0 
218071 217995 0 56 st 0 
218036 193185 0 56 st 0 
218459 191176 0 617 position 2 
218459 191176 0 20 players 1 
218660 193185 0 56 st 0 
218132 179090 0 56 st 0 
218365 214368 0 56 st 0 
217045 207486 0 56 st 0 
218661 217995 0 56 st 0 
218451 200473 0 56 st 0 
218664 202274 0 558 war 1 
218458 212937 0 56 st 0 
218047 188780 0 56 st 0 
218491 189805 0 56 st 0 
217785 213503 0 56 st 0 
218369 172172 0 56 st 0 
218439 179090 0 56 st 1 
218665 194744 0 56 st 0 
217756 207467 0 56 st 0 
218458 212937 0 56 st 0 
218666 216992 0 558 war 2 
218371 191176 0 673 average 2 
218670 215584 0 56 st 0 
218161 218118 0 56 st 0 
218416 162583 0 56 st 0 
218218 214368 0 56 st 0 
218646 215784 0 56 st 0 
216884 211433 0 674 slugging 2 
217987 215319 0 56 st 0 
218412 185164 0 56 st 0 
213798 210364 0 596 played 2 
218012 170467 0 56 st 0 
218587 216113 0 56 st 0 
217945 213249 0 56 st 0 
218421 188780 0 675 bats 2 
218677 204851 0 56 st 0 
218416 162583 0 151 appearances 1 
218334 216995 0 56 st 0 
217734 187121 0 676 scored 0 
217791 181125 0 56 st 0 
218371 191176 0 56 st 0 
218161 218118 0 56 st 0 
218679 202629 0 56 st 0 
218535 217599 0 56 st 0 
218592 215784 0 56 st 0 
218495 217143 0 629 bases 2 
218683 217995 0 56 st 0 
218686 179090 0 56 st 0 
217950 193185 0 56 st 0 
218537 209733 0 56 st 0 
218396 213231 0 56 st 0 
218552 202629 0 677 runs 0 
218320 211542 0 56 st 0 
218630 187121 0 56 st 0 
218619 217143 0 56 st 0 
217406 183880 0 56 st 0 
218345 163526 0 56 st 0 
217683 119776 0 678 batted 2 
218112 216995 0 56 st 0 
218599 217918 0 56 st 0 
218063 214368 0 679 balls 1 
218251 162583 0 629 bases 0 
218240 154353 0 503 ops 1 
218472 193185 0 56 st 0 
218390 204851 0 56 st 0 
218465 207418 0 388 created 1 
218491 189805 0 56 st 0 
218260 202629 0 56 st 0 
217045 207486 0 511 batting 0 
217045 207486 0 677 runs 1 
217513 179090 0 56 st 0 
218635 214443 0 56 st 0 
218564 191176 0 511 batting 2 
218564 191176 0 26 wins 1 
218644 203721 0 56 st 0 
218483 207467 0 56 st 0 
218012 170467 0 128 base 1 
218012 170467 0 200 hits 0 
218568 209468 0 56 st 0 
217882 217143 0 128 base 1 
217931 214647 0 56 st 0 
218719 207486 0 56 st 0 
218115 209340 0 131 win 1 
218633 194744 0 56 st 0 
218443 203713 0 680 pitch 1 
218667 211542 0 681 flies 2 
218601 200473 0 629 bases 1 
218601 200473 0 679 balls 1 
217887 207486 0 621 plays 1 
217887 207486 0 682 grounded 1 
218726 214443 0 683 stealing 1 
218630 187121 0 56 st 0 
218730 186679 0 56 st 0 
218568 209468 0 56 st 0 
218457 119776 0 56 st 0 
217759 214443 0 203 hr 2 
218732 189805 0 56 st 0 
218462 217599 0 232 made 1 
218736 206708 0 56 st 0 
218170 210785 0 677 runs 0 
218170 210785 0 684 added 2 
218737 218118 0 56 st 0 
218740 213601 0 56 st 0 
218597 208808 0 685 probability 2 
218597 208808 0 684 added 2 
218597 208808 0 686 wpa 1 
218735 200473 0 56 st 0 
218645 213601 0 56 st 0 
218188 217366 0 26 wins 0 
218188 217366 0 684 added 2 
218188 217366 0 686 wpa 2 
218188 217366 0 687 li 2 
218680 183880 0 56 st 0 
217978 217412 0 56 st 0 
218152 213457 0 56 st 0 
218667 211542 0 26 wins 1 
218667 211542 0 684 added 1 
218667 211542 0 688 rew 1 
218390 204851 0 56 st 0 
218197 209468 0 56 st 0 
218080 203713 0 689 committed 2 
218566 203721 0 301 games 1 
218537 209733 0 56 st 0 
217769 217366 0 56 st 0 
218307 201197 0 689 committed 1 
217964 208881 0 56 st 0 
217847 211433 0 621 plays 0 
217847 211433 0 690 turned 2 
218736 206708 0 301 games 2 
218736 206708 0 532 ss 0 
218743 208808 0 56 st 0 
218751 203713 0 56 st 0 
218745 217366 0 532 ss 0 
218735 200473 0 56 st 0 
218323 214647 0 56 st 1 
218753 213601 0 532 ss 0 
218336 203713 0 689 committed 1 
218336 203713 0 532 ss 0 
218757 217366 0 56 st 0 
218579 213549 0 621 plays 1 
218579 213549 0 690 turned 1 
218579 213549 0 532 ss 0 
218683 217995 0 56 st 0 
217933 217599 0 56 st 0 
218554 213697 0 56 st 0 
218761 218760 0 691 factor 2 
218761 218760 0 580 inn 2 
218244 217143 0 691 factor 2 
218244 217143 0 196 game 0 
218566 203721 0 56 st 0 
218577 174578 0 692 zone 2 
218577 174578 0 677 runs 2 
218577 174578 0 532 ss 0 
218029 192937 0 691 factor 0 
218029 192937 0 580 inn 1 
218029 192937 0 532 ss 0 
218334 216995 0 691 factor 0 
218334 216995 0 196 game 0 
218334 216995 0 532 ss 0 
218771 211542 0 532 ss 2 
218755 204851 0 56 st 0 
218645 213601 0 56 st 0 
218489 192937 0 56 st 0 
218414 217876 0 56 st 0 
218050 174454 0 56 st 0 
218773 191176 0 56 st 0 
218308 216113 0 56 st 0 
218685 186679 0 56 st 0 
218012 170467 0 56 st 0 
218071 217995 0 56 st 0 
218753 213601 0 56 st 0 
218774 207418 0 56 st 0 
218431 210364 0 56 st 0 
218666 216992 0 56 st 0 
62475 1 0 686 wpa 1 
62475 1 0 688 rew 1 
62475 1 0 693 computed 0 
62475 1 0 14 play 2 
62475 1 0 14 play 2 
62475 1 0 597 data 2 
62475 1 0 595 complete 2 
62475 1 0 694 present 1 
62475 1 0 597 data 2 
62475 1 0 695 incomplete 2 
62475 1 0 593 seasons 0 
62475 1 0 301 games 2 
62475 1 0 67 season 1 
62475 1 0 696 total 2 
62475 1 0 652 missing 2 
62475 1 0 33 page 2 
62475 1 0 597 data 2 
62475 1 0 655 coverage 2 
62475 1 0 697 full 2 
62475 1 0 605 view 2 
62475 1 0 597 data 2 
62475 1 0 698 create 2 
62475 1 0 699 leaderboards 2 
218599 217918 0 90 fame 1 
218599 217918 0 0 statistics 0 
218773 191176 0 511 batting 1 
218773 191176 0 673 average 1 
218773 191176 0 700 hofer 0 
218583 217143 0 511 batting 1 
218583 217143 0 673 average 1 
218583 217143 0 700 hofer 0 
218738 174454 0 90 fame 2 
218738 174454 0 701 monitor 2 
218738 174454 0 511 batting 0 
218738 174454 0 700 hofer 1 
218758 174578 0 90 fame 2 
218758 174578 0 702 standards 1 
218758 174578 0 511 batting 2 
218758 174578 0 673 average 2 
218758 174578 0 700 hofer 1 
217683 119776 0 514 career 1 
217683 119776 0 558 war 2 
217683 119776 0 587 yr 2 
217683 119776 0 703 peak 1 
217683 119776 0 558 war 2 
217683 119776 0 704 jaws 2 
217683 119776 0 532 ss 0 
217683 119776 0 514 career 2 
217683 119776 0 558 war 2 
217683 119776 0 587 yr 2 
217683 119776 0 703 peak 1 
217683 119776 0 558 war 2 
217683 119776 0 704 jaws 2 
218052 212937 0 705 scores 1 
218014 209412 0 706 similarity 2 
218014 209412 0 705 scores 2 
218517 208710 0 478 batters 1 
218532 174578 0 32 player 0 
218532 174578 0 707 links 2 
218532 174578 0 708 pop 0 
218267 215594 0 709 similars 2 
218723 208808 0 710 griffey 2 
218022 213457 0 711 mays 2 
218458 212937 0 712 robinson 0 
218699 189454 0 713 ott 1 
218611 193185 0 714 palmeiro 2 
218504 181125 0 715 jones 1 
218775 217995 0 716 sheffield 2 
218587 216113 0 717 ramirez 2 
218252 202629 0 718 bonds 2 
217045 207486 0 719 thome 2 
218449 210364 0 720 signifies 2 
218449 210364 0 89 hall 1 
218449 210364 0 721 famer 2 
218667 211542 0 127 similar 1 
218667 211542 0 722 ages 1 
218080 203713 0 32 player 0 
218080 203713 0 707 links 2 
218080 203713 0 708 pop 0 
161433 1 0 723 names 2 
218336 203713 0 724 foxx 1 
218776 208057 0 725 vaughan 2 
218390 204851 0 725 vaughan 0 
218777 217276 0 710 griffey 0 
217955 203726 0 710 griffey 2 
218640 201197 0 726 mantle 1 
218606 216995 0 726 mantle 2 
218685 186679 0 710 griffey 0 
217576 216995 0 710 griffey 0 
216728 208057 0 710 griffey 0 
161433 1 0 710 griffey 0 
218214 181125 0 710 griffey 0 
218383 203721 0 663 aaron 0 
218300 208808 0 663 aaron 0 
218644 203721 0 663 aaron 2 
218234 217366 0 663 aaron 0 
218537 209733 0 663 aaron 0 
218667 211542 0 663 aaron 0 
218619 217143 0 720 signifies 2 
218619 217143 0 89 hall 1 
218619 217143 0 721 famer 1 
218775 217995 0 727 drafted 2 
218775 217995 0 54 seattle 1 
218775 217995 0 55 mariners 0 
218775 217995 0 56 st 0 
218775 217995 0 57 round 0 
218775 217995 0 56 st 0 
218775 217995 0 58 pick 1 
218775 217995 0 59 amateur 1 
218775 217995 0 60 draft 1 
218775 217995 0 32 player 0 
218775 217995 0 71 signed 2 
218775 217995 0 728 august 0 
218482 214644 0 729 granted 2 
218482 214644 0 13 free 2 
218482 214644 0 730 agency 2 
218641 185164 0 71 signed 0 
218641 185164 0 13 free 0 
218641 185164 0 74 agent 1 
218641 185164 0 153 texas 1 
218641 185164 0 69 rangers 1 
218063 214368 0 731 traded 1 
218063 214368 0 153 texas 2 
218063 214368 0 69 rangers 1 
218063 214368 0 732 cash 1 
218063 214368 0 35 york 0 
218063 214368 0 36 yankees 0 
218063 214368 0 32 player 0 
218063 214368 0 733 named 1 
218063 214368 0 734 alfonso 2 
218063 214368 0 735 soriano 1 
218063 214368 0 35 york 0 
218063 214368 0 36 yankees 0 
218063 214368 0 736 joaquin 2 
218063 214368 0 737 arias 2 
218063 214368 0 738 april 2 
218063 214368 0 153 texas 2 
218063 214368 0 69 rangers 2 
218063 214368 0 595 complete 2 
218063 214368 0 739 trade 1 
218060 214954 0 729 granted 2 
218060 214954 0 13 free 0 
218060 214954 0 730 agency 2 
218566 203721 0 71 signed 0 
218566 203721 0 13 free 0 
218566 203721 0 74 agent 1 
218566 203721 0 35 york 0 
218566 203721 0 36 yankees 0 
62475 1 0 740 transaction 0 
62475 1 0 651 information 2 
62475 1 0 741 obtained 2 
62475 1 0 13 free 0 
62475 1 0 742 charge 2 
62475 1 0 743 copyrighted 2 
62475 1 0 600 retrosheet 2 
62475 1 0 744 attempt 2 
62475 1 0 745 update 2 
62475 1 0 61 transactions 1 
62475 1 0 67 season 2 
218061 214644 0 595 complete 2 
218061 214644 0 622 pre 1 
218061 214644 0 746 include 1 
218061 214644 0 747 earned 1 
218061 214644 0 748 bonuses 2 
218200 181102 0 62 age 1 
218200 181102 0 85 team 0 
218200 181102 0 564 salary 1 
218200 181102 0 749 servtm 2 
218200 181102 0 750 opnday 1 
218200 181102 0 751 sources 2 
218200 181102 0 139 notes 2 
218200 181102 0 751 sources 2 
79887 1 0 752 seattlemariners 2 
79887 1 0 753 joint 2 
79887 1 0 92 exhibit 2 
79887 1 0 754 includes 2 
79887 1 0 755 signing 2 
79887 1 0 756 bonus 2 
79887 1 0 752 sea