.................................................. 50
66/12 day beltran field game bus league feeling dh swap fine 
  72/12 beltran innings rodriguez play back double fourth monday yankees roles 
    29/3 carlos players filled sloppy pace weather torrid spite guys unbelievable 
    44/4 rod single bats grounded viera struck curve worst rolled bat 
    40/3 time jays blue sunday work tiring triple bisons yankees barre 
    12/2 im ball tomorrow physically healthy hard result improvements making roles 
.................................................. 100
69/12 rod rodriguez innings feeling bus struck im day yankees st 
  78/12 beltran double ball play day dh field base lucie hour 
    29/2 jays blue time game minor fun triple buffalo barre scranton 
    18/4 feel recuperating hard hit making im work pitches dont productive 
    34/3 back bats stayed beat yankee half beer cold owe nationals 
    35/3 fourth bat grounded single tomorrow finished groundout day closed curve 
.................................................. 150
80/12 rodriguez rod time play day game league bat yankees dh 
  79/12 beltran innings back field viera rod double lucie minor sunday 
    36/3 single bats grounded girodo line curve slow swinging fourth scored 
    23/4 feeling im ball day physically recuperating healthy hit result improvements 
    13/2 hurt stayed dozen beer steak owe heat mid innings playing 
    26/2 jays blue bus triple buffalo scranton affiliate double fisher thunder 
    6/1 work pitches dont productive tiring great tomorrow roles swap fine 
.................................................. 200
55/12 rodriguez yankees field fourth grounded monday back dh lucie port 
  80/12 beltran day rod time bus double blue carlos tomorrow roles 
    41/2 single bats bat girodo struck day line curve rolled walk 
    33/2 jays game league sunday bisons buffalo barre wilkes scranton affiliate 
    35/5 innings feeling im play ball fine recuperating healthy hard hit 
    19/3 work good dont productive great complex fun guys unbelievable hurt 
.................................................. 250
82/12 beltran rodriguez back single double fourth lucie port pitches dont 
  71/12 rod play field time struck yankees dh base st minor 
    32/5 day feeling im ball fine physically feel recuperating hit result 
    51/4 innings jays blue game bus carlos players hours filled sloppy 
    27/3 monday swap nationals viera travel inning batted pile surgery offseason 
.................................................. 300
79/12 innings day time double struck ball viera monday girodo base 
  74/12 beltran rod rodriguez bats play game carlos roles good productive 
    34/4 league yankees dh field jays blue minor barre adjoining toronto 
    34/4 feeling im tomorrow fine physically recuperating hard hit end improvements 
    19/2 fourth grounded single finished groundout closed line rolled easily eventually 
    23/2 back work dont nationals washington games batted extra left surgery 
.................................................. 350
78/12 beltran double struck fourth viera monday back girodo dh field 
  72/12 rodriguez feeling day yankees game bus im base lucie port 
    35/4 innings ball play day physically feel recuperating healthy hard hit 
    46/4 rod single bats bat play slow worst grounded easily scored 
    32/4 time league jays blue good pitches dont productive tiring great 
.................................................. 400
74/12 day innings league struck play fourth viera rod dh double 
  74/12 beltran rodriguez rod yankees field monday blue base minor bus 
    22/3 feeling im ball tomorrow fine feel recuperating hard hit making 
    33/2 single bats bat grounded girodo closed line curve slow hits 
    32/5 time jays sunday swap pitches dont great complex team triple 
    28/2 innings carlos guys unbelievable hurt make stayed writers beat yankee 
.................................................. 450
87/12 beltran time rodriguez play yankees field game bus viera dh 
  60/12 day innings back rod beltran monday lucie struck tomorrow roles 
    46/3 rod bats bat single girodo double day line slow swinging 
    38/4 league jays blue minor sunday hours sloppy pace tepid weather 
    32/5 feeling im ball carlos recuperating hard result improvements making pitches 
.................................................. 500
74/12 beltran time double rodriguez back girodo yankees blue result end 
  76/12 rod day single bats field game ball play fourth viera 
    39/6 feeling im innings roles swap fine physically feel recuperating healthy 
    43/3 struck bat grounded rodriguez closed line curve slow swinging short 
    31/3 jays port fun guys make stayed dozen half cold owe 
.................................................. 550
75/12 beltran rod single bats innings bat monday double time hour 
  52/8 game rodriguez play grounded back dh carlos sunday feeling closed 
    32/3 fourth viera struck swap line swinging worst short hits easily 
    33/2 field jays time bus tomorrow im team triple bisons buffalo 
    26/3 guys unbelievable make stayed dozen cold dinner owe lucie minutes 
  18/4 recuperating hit improvements work good pitches dont tiring success hours 
    27/4 day feeling ball im fine physically feel healthy hard result 
.................................................. 600
89/12 beltran time im bats double league play bat viera single 
  22/5 innings hours filled sloppy play pace spite day games left 
    26/3 monday back beltran tomorrow roles swap feeling washington trip travel 
    15/2 success termed players error tepid weather torrid minutes florida innings 
  55/7 rodriguez day rod feeling ball fourth grounded game struck physically 
    28/2 jays blue base bus swinging short eventually walk drawing lining 
    28/5 feel result work pitches productive fun unbelievable hurt make stayed 
.................................................. 650
82/12 beltran rod day field game league double time minor hour 
  61/12 innings rodriguez play bats fourth jays carlos result making work 
    28/2 blue time lucie st port guys make beat cold dinner 
    32/3 viera monday back roles swap good dont tiring great nationals 
    25/3 feeling im ball tomorrow fine physically healthy hard hit end 
    14/2 players hours sloppy pace weather minutes heat florida mid playing 
    21/2 bat grounded groundout closed line slow worst rolled hits easily 
.................................................. 700
75/12 beltran rodriguez time im field struck monday base bus feel 
  71/12 rod innings single yankees game league girodo blue lucie st 
    27/2 jays sunday team triple bisons buffalo wilkes dh served affiliate 
    51/7 day feeling play ball viera back bats roles physically end 
    39/3 fourth bat grounded carlos groundout line curve slow worst short 
.................................................. 750
89/12 beltran rodriguez bats yankees double struck fourth bat dh port 
  69/12 innings day time play field league girodo st hour physically 
    44/4 rod back viera monday single line slow worst rolled grounded 
    27/4 good pitches dont tiring success termed players hours error sloppy 
    34/4 feeling im ball blue minor bus fine feel hard hit 
.................................................. 800
70/12 beltran rodriguez time play yankees bus st hour tomorrow roles 
  72/12 rod innings single field double monday back jays game carlos 
    24/2 bats swap nationals washington trip viera games inning extra pile 
    40/3 blue lucie port league sunday guys unbelievable make stayed yankee 
    28/4 feeling im day ball physically feel recuperating hard hit termed 
    29/3 beltran day fourth bat good pitches dont tiring curve slow 
.................................................. 850
84/12 beltran rodriguez single double game girodo time lucie bus hour 
  78/12 rod day innings yankees league monday bats dh blue base 
    36/5 back good dont productive tiring success termed players hours filled 
    32/3 feeling im bat grounded physically feel hard hit result end 
    33/4 field jays time port swap play complex guys unbelievable hurt 
.................................................. 900
73/12 beltran rod rodriguez play game yankees base bus sunday dont 
  71/12 day time innings back field struck ball double lucie minor 
    46/3 single bats fourth bat grounded viera monday girodo roles finished 
    32/5 im feeling tomorrow physically feel recuperating hard hit result making 
    41/4 blue st port league complex unbelievable writers dozen dinner team 
.................................................. 950
63/12 rod double innings league struck lucie st port minor recuperating 
  75/12 beltran day rodriguez time back bats field viera yankees hour 
    25/2 termed players filled error play torrid washington trip monday inning 
    45/4 feeling ball im play dh jays blue game bus tomorrow 
    21/3 carlos guys make stayed writers dozen cold steak mid profusely 
    34/3 fourth bat grounded single good pitches dont productive tiring great 
.................................................. 1000
58/12 rodriguez time league ball viera base port roles fine improvements 
  83/12 beltran day single double game innings struck grounded yankees dh 
    27/4 feeling play im field innings tomorrow physically feel result end 
    39/2 rod bats fourth bat back girodo closed swinging scored walk 
    35/2 jays blue bus triple bisons buffalo wilkes scranton served affiliate 
    21/4 work complex fun guys writers beat dozen half cold dinner 
