.................................................. 50
3175/5 al st ss active nyy mvp career player yankees sea 
  2911/5 runs home league season hit game player rodriguez baseball players 
    2316/2 rodriguez yankees major run games history career year shortstop bases 
    302/3 beltran rod yankees rodriguez innings day struck field time feeling 
.................................................. 100
3174/5 al st ss active nyy mvp career player yankees sea 
  3100/5 rodriguez home runs league yankees hit game player baseball run 
    2112/2 season major year history career mlb rbi batting time award 
    318/3 beltran rod innings struck day time play alex feeling bus 
.................................................. 150
3218/5 al st ss career active mvp nyy player yankees alex 
  3196/5 rodriguez runs home league hit yankees game major run baseball 
    2001/2 season mlb player history rbi time career rangers record batting 
    289/3 beltran rod innings struck day field time feeling bus carlos 
.................................................. 200
3222/5 al st ss career active mvp nyy player yankees sea 
  3169/5 rodriguez home league season hit game major baseball run players 
    2001/2 runs year history mlb yankees award series time july record 
    302/2 beltran rod innings day struck field time play alex feeling 
    10/1 accessibility content main skip visit usability improve efforts learn tomorrow 
.................................................. 250
3150/5 al st ss active nyy career mvp player yankees sea 
  3245/5 rodriguez home season league player major yankees hit game baseball 
    1990/2 runs year mlb history rbi years time july record youngest 
    319/3 beltran rod innings day struck field time feeling bus carlos 
.................................................. 300
3119/5 al st ss career active mvp nyy player yankees sea 
  3258/5 rodriguez season home league runs hit yankees game player major 
    2029/2 year mlb history award rbi years shortstop runs rangers record 
    286/2 beltran rod innings day struck field time alex feeling bus 
    12/1 accessibility content main skip visit usability improve efforts learn website 
.................................................. 350
3204/5 al st ss active nyy mvp career yankees player sea 
  3383/5 rodriguez season runs home league hit major yankees player game 
    1778/2 year career rbi shortstop record average bases postseason history series 
    339/3 beltran rod innings day yankees struck time alex feeling bus 
.................................................. 400
3268/5 al st ss active nyy career mvp yankees player alex 
  3340/5 rodriguez runs home league season hit game yankees major player 
    1812/2 rbi career award july average shortstop postseason texas performance batting 
    284/3 beltran rod innings struck day feeling bus carlos hour viera 
.................................................. 450
3170/5 al st ss active nyy mvp career player yankees sea 
  3338/5 rodriguez home league season runs hit game yankees major baseball 
    1889/2 history career rbi shortstop series average youngest rbis american batting 
    295/2 beltran rod yankees innings day play alex struck field feeling 
    12/1 accessibility content main skip visit usability improve efforts learn website 
.................................................. 500
3191/5 al st ss career active nyy mvp yankees player sea 
  3265/5 rodriguez home league runs hit game yankees player major baseball 
    1953/2 season history rbi games run mlb record series years average 
    295/3 beltran rod innings alex struck field feeling bus carlos hour 
.................................................. 550
3242/5 al st ss active career mvp nyy player yankees alex 
  3320/5 rodriguez runs home league hit yankees game player major baseball 
    1853/2 season run year history years record time series play homers 
    278/2 beltran rod innings day struck field time feeling bus carlos 
    11/1 accessibility content main skip visit usability improve efforts learn page 
.................................................. 600
3183/5 al st ss career active mvp nyy player yankees sea 
  3327/5 rodriguez home runs league yankees hit game major player baseball 
    1902/2 season history run career bases july august seasons reported performance 
    282/2 beltran rod innings day struck field feeling bus carlos hour 
    10/1 accessibility content main skip visit usability improve efforts learn tomorrow 
.................................................. 650
3224/5 al st ss active nyy mvp career player yankees sea 
  3088/5 rodriguez home runs league hit yankees game major baseball players 
    2100/2 season player run career mlb rodriguez time seasons bases july 
    282/2 beltran rod innings day alex field time feeling bus carlos 
    10/1 accessibility content skip visit usability improve efforts learn information tomorrow 
.................................................. 700
3188/5 al st ss active nyy mvp career yankees player sea 
  2959/5 rodriguez runs home league hit yankees game year games mlb 
    2255/2 season player major run career award years base time players 
    292/2 beltran rod innings day struck field time play feeling bus 
    10/1 accessibility content main skip visit usability improve efforts learn tomorrow 
.................................................. 750
3169/5 al st ss career active nyy mvp yankees player sea 
  2935/5 rodriguez league home hit game baseball players yankees games team 
    2313/2 season runs major run player mlb years award yankees bases 
    287/3 beltran rod innings day struck feeling bus carlos hour viera 
.................................................. 800
3181/5 al st ss active mvp nyy career player sea yankees 
  3308/5 rodriguez home runs league season yankees hit game baseball players 
    1929/2 major player run years american series youngest august won reported 
    276/2 beltran rod innings day struck alex feeling bus carlos hour 
    10/1 accessibility content main visit usability improve efforts learn information tomorrow 
.................................................. 850
3154/5 al st ss active career nyy mvp player yankees sea 
  3450/5 rodriguez season runs home league yankees hit game player major 
    1800/2 mlb series homers won bases mvp performance rbis drug reported 
    289/2 beltran rod innings day struck field alex feeling bus carlos 
    11/1 accessibility content main skip visit usability improve efforts learn website 
.................................................. 900
3201/5 al st ss active mvp nyy career player yankees sea 
  3552/5 rodriguez runs home season league yankees hit major game baseball 
    1656/2 player mlb series york seasons youngest homers won positive august 
    295/3 beltran rod innings day struck field feeling bus carlos hour 
.................................................. 950
3152/5 al st ss active career nyy mvp player yankees sea 
  3547/5 rodriguez season runs home league game hit yankees major baseball 
    1699/2 player mlb history years series rbis positive august mvp run 
    296/2 beltran rod innings day struck feeling bus carlos hour viera 
    10/1 accessibility content main skip visit usability improve efforts learn tomorrow 
.................................................. 1000
3167/5 al st ss active mvp nyy career player yankees sea 
  3242/5 rodriguez season home runs league yankees game major hit baseball 
    2005/2 player run mlb games years shortstop history year hit series 
    290/3 beltran rod innings struck day field time feeling bus carlos