.................................................. 50
1197/5 morissette album released alanis canada time pill songs awards tour 
  631/5 music won jagged rock ironic ve studio life day play 
    752/2 year song single video award radio film female nominated april 
    786/2 performer writer episode tv series uncredited oughta ironic pocket hand 
    62/1 bout moment silence india consequence frailty terror stopping purposes educational 
.................................................. 100
1219/5 morissette album released single alanis canada time awards video hit 
  566/5 jagged ironic ve chart pill play life day song funny 
    806/3 song year songs won canadian appeared award female albums show 
    777/1 performer writer episode tv series uncredited oughta ironic pocket hand 
    60/1 bout moment silence india consequence frailty terror stopping purposes educational 
.................................................. 150
1221/5 morissette album released single canada pill alanis jagged music time 
  573/5 bout day ironic chart ve life born alanis moment funny 
    856/2 song year morissette won sold juno film television singles albums 
    778/3 writer performer episode tv series uncredited oughta ironic pocket hand 
.................................................. 200
1253/5 morissette album alanis song single pill jagged awards time music 
  556/5 bout day won ve ironic life oughta moment funny dvd 
    836/1 released canada year video hit canadian sold female top albums 
    783/4 performer writer episode tv series uncredited oughta ironic pocket hand 
.................................................. 250
1256/5 morissette album single song alanis jagged awards video time won 
  523/5 bout ve day ironic life good song track moment funny 
    866/1 released year hit songs appeared canada juno radio studio female 
    783/4 performer writer episode tv series uncredited oughta ironic pocket hand 
.................................................. 300
1205/5 morissette album song single time awards pill tour jagged rock 
  541/5 alanis bout ironic morissette ve life day good moment funny 
    911/4 released year canada hit songs award radio juno film female 
    771/1 performer writer episode tv series uncredited oughta ironic pocket hand 
.................................................. 350
1228/5 morissette album song alanis pill awards jagged time tour june 
  460/5 bout ve day ironic life track produced moment funny late 
    934/2 released single year video hit songs canada canadian award juno 
    806/3 performer writer episode tv series uncredited oughta ironic alanis pocket 
.................................................. 400
1207/5 morissette album song single alanis jagged canada awards hit time 
  558/5 bout ve tour ironic day won life pill moment funny 
    866/1 released year songs album music film singles show recorded nominated 
    797/4 performer writer episode tv series uncredited oughta ironic pocket hand 
.................................................. 450
1112/5 morissette song album canada jagged single time tour june radio 
  532/5 bout ironic alanis ve life day oughta good moment funny 
    1021/2 album released year pill video won hit songs alanis awards 
    763/3 performer writer episode tv series uncredited oughta ironic pocket hand 
.................................................. 500
1141/5 morissette song single canada pill awards hit time rock music 
  562/5 bout ironic day ve life hot role track record moment 
    921/2 album released year jagged won alanis tour songs sold juno 
    804/3 performer writer episode tv series uncredited oughta ironic pocket hand 
.................................................. 550
1222/5 morissette song alanis canada pill time video single won music 
  527/5 bout ironic ve life day play moment funny news good 
    890/2 album released year jagged canadian appeared sold juno film single 
    789/3 performer writer episode tv series uncredited oughta ironic pocket hand 
.................................................. 600
1151/5 morissette song single alanis canada jagged pill time rock tour 
  482/5 bout ironic ve day play life track moment funny late 
    1009/2 album released year awards hit songs award radio appeared sold 
    786/3 performer writer episode tv series uncredited oughta ironic pocket hand 
.................................................. 650
1124/5 morissette song single canada released alanis awards video pill time 
  542/5 bout ironic ve day alanis life play good los track 
    988/3 album year jagged songs music released canadian radio appeared juno 
    774/2 performer writer episode tv series uncredited oughta ironic pocket hand 
.................................................. 700
1128/5 morissette single canada awards video pill time hit rock canadian 
  575/5 song bout ironic ve day good life alanis play track 
    952/3 album released year alanis won tour songs jagged song sold 
    773/2 performer writer episode tv series uncredited oughta ironic pocket alanis 
.................................................. 750
1157/5 morissette song single canada alanis released video time songs music 
  505/5 bout ve ironic life hot day funny good ballard moment 
    1005/2 album year jagged awards won tour hit released sold film 
    761/3 performer writer episode tv series uncredited oughta ironic pocket hand 
.................................................. 800
1153/5 morissette song released single alanis jagged music time video awards 
  471/5 bout pill day ve life moment funny good ironic playing 
    1025/2 album year canada tour songs canadian appeared sold juno female 
    779/3 writer performer episode tv series uncredited oughta ironic pocket hand 
.................................................. 850
1155/5 morissette song single pill awards video hit songs jagged won 
  513/5 bout ironic ve life play good track moment funny lyrics 
    972/3 album released year canada time tour music canadian award radio 
    788/2 performer writer episode tv series uncredited oughta ironic pocket hand 
.................................................. 900
1192/5 morissette released song single alanis pill time awards jagged hit 
  492/5 bout ve ironic life day alanis good moment funny late 
    966/3 album canada video won rock year sold june award female 
    778/2 performer writer episode tv series uncredited oughta ironic hand learn 
.................................................. 950
1058/5 morissette song single canada alanis jagged awards rock june appeared 
  509/5 bout ironic ve time life play moment funny late good 
    1068/2 album released year video hit won tour songs pill award 
    793/3 performer writer episode tv series uncredited oughta ironic alanis pocket 
.................................................. 1000
1230/5 morissette released single alanis song canada awards video time tour 
  555/5 bout ve ironic pill grammy play life good track moment 
    832/2 album year hit songs sold film female million recorded producer 
    811/3 performer writer episode tv series uncredited oughta ironic pocket hand 
