301 94 0 0 alanis 0 
301 94 0 1 nadine 1 
301 94 0 2 morissette 0 
301 94 0 3 born 0 
301 94 0 4 june 0 
301 94 0 5 canadian 0 
301 94 0 6 american 0 
301 94 0 7 alternative 0 
301 94 0 8 rock 0 
301 94 0 9 singer 0 
301 94 0 10 songwriter 1 
301 94 0 11 guitarist 1 
301 94 0 12 record 0 
301 94 0 13 producer 2 
301 94 0 14 actress 0 
301 94 0 15 won 1 
301 94 0 16 juno 0 
301 94 0 17 awards 0 
301 94 0 18 grammy 1 
301 94 0 17 awards 0 
301 94 0 19 nominated 0 
301 94 0 20 golden 0 
301 94 0 21 globe 1 
301 94 0 17 awards 0 
301 94 0 2 morissette 0 
301 94 0 22 began 2 
301 94 0 23 career 0 
301 94 0 24 canada 0 
301 94 0 25 teenager 0 
301 94 0 26 recorded 2 
301 94 0 27 dance 0 
301 94 0 28 pop 0 
301 94 0 29 albums 0 
301 94 0 0 alanis 0 
301 94 0 30 time 0 
301 94 0 31 mca 2 
301 94 0 32 records 0 
301 94 0 24 canada 0 
301 94 0 33 international 2 
301 94 0 34 album 2 
301 94 0 8 rock 0 
301 94 0 35 influenced 2 
301 94 0 36 jagged 0 
301 94 0 37 pill 1 
301 94 0 38 released 0 
301 94 0 36 jagged 0 
301 94 0 39 sold 2 
301 94 0 40 million 2 
301 94 0 41 units 0 
301 94 0 42 globally 0 
301 94 0 34 album 2 
301 94 0 43 supposed 0 
301 94 0 44 infatuation 0 
301 94 0 45 junkie 2 
301 94 0 38 released 0 
301 94 0 2 morissette 0 
301 94 0 46 producing 1 
301 94 0 47 duties 1 
301 94 0 48 subsequent 2 
301 94 0 29 albums 0 
301 94 0 49 include 2 
301 94 0 50 rug 1 
301 94 0 51 swept 2 
301 94 0 52 called 0 
301 94 0 53 chaos 2 
301 94 0 54 flavors 0 
301 94 0 55 entanglement 0 
301 94 0 56 eighth 0 
301 94 0 57 studio 0 
301 94 0 34 album 2 
301 94 0 58 havoc 0 
301 94 0 59 bright 0 
301 94 0 60 lights 0 
301 94 0 38 released 0 
301 94 0 61 august 0 
301 94 0 2 morissette 0 
301 94 0 39 sold 2 
301 94 0 40 million 2 
301 94 0 29 albums 0 
301 94 0 62 worldwide 2 
301 94 0 2 morissette 0 
301 94 0 63 powerful 2 
301 94 0 64 emotive 0 
301 94 0 65 mezzo 0 
301 94 0 66 soprano 0 
301 94 0 67 voice 2 
301 94 0 68 dubbed 1 
301 94 0 69 rolling 0 
301 94 0 70 stone 2 
301 94 0 71 queen 0 
301 94 0 72 alt 1 
301 94 0 8 rock 0 
301 94 0 73 angst 0 
301 94 0 2 morissette 0 
301 94 0 3 born 0 
301 94 0 4 june 2 
301 94 0 74 ottawa 2 
301 94 0 24 canada 0 
301 94 0 75 teacher 0 
301 94 0 76 georgia 2 
301 94 0 77 mary 0 
301 94 0 78 ann 2 
301 94 0 79 ne 0 
301 94 0 80 feuerstein 0 
301 94 0 81 high 2 
301 94 0 82 school 0 
301 94 0 83 principal 1 
301 94 0 84 alan 0 
301 94 0 85 richard 0 
301 94 0 2 morissette 0 
301 94 0 86 siblings 0 
301 94 0 87 years 0 
301 94 0 88 older 2 
301 94 0 89 brother 1 
301 94 0 90 chad 2 
301 94 0 91 twin 0 
301 94 0 89 brother 1 
301 94 0 92 minutes 2 
301 94 0 93 younger 2 
301 94 0 94 fellow 2 
301 94 0 95 musician 0 
301 94 0 96 wade 0 
301 94 0 2 morissette 0 
301 94 0 97 father 0 
301 94 0 98 french 2 
301 94 0 99 irish 0 
301 94 0 100 descent 1 
301 94 0 101 mother 1 
301 94 0 102 hungarian 2 
301 94 0 103 ancestry 0 
301 94 0 2 morissette 0 
301 94 0 104 catholic 0 
301 94 0 105 upbringing 2 
301 94 0 106 attended 2 
301 94 0 107 holy 0 
301 94 0 108 family 1 
301 94 0 104 catholic 0 
301 94 0 82 school 0 
301 94 0 109 elementary 2 
301 94 0 82 school 0 
301 94 0 110 immaculata 1 
301 94 0 81 high 2 
301 94 0 82 school 0 
301 94 0 111 grades 2 
301 94 0 112 completing 0 
301 94 0 113 rest 1 
301 94 0 81 high 2 
301 94 0 82 school 0 
301 94 0 114 glebe 0 
301 94 0 115 collegiate 0 
301 94 0 116 institute 2 
301 94 0 74 ottawa 2 
301 94 0 24 canada 0 
301 94 0 117 appeared 0 
301 94 0 118 children 0 
301 94 0 119 television 0 
301 94 0 120 show 1 
301 94 0 119 television 0 
301 94 0 121 episodes 0 
301 94 0 109 elementary 2 
301 94 0 82 school 0 
301 94 0 2 morissette 0 
301 94 0 26 recorded 2 
301 94 0 122 demo 2 
301 94 0 52 called 0 
301 94 0 123 fate 0 
301 94 0 124 stay 1 
301 94 0 125 produced 0 
301 94 0 126 lindsay 0 
301 94 0 127 thomas 1 
301 94 0 128 morgan 2 
301 94 0 129 marigold 0 
301 94 0 130 studios 2 
301 94 0 131 toronto 2 
301 94 0 132 engineered 2 
301 94 0 133 rich 0 
301 94 0 134 dodson 2 
301 94 0 5 canadian 0 
301 94 0 135 classic 0 
301 94 0 8 rock 0 
301 94 0 136 band 0 
301 94 0 137 stampeders 1 
301 94 0 31 mca 2 
301 94 0 32 records 2 
301 94 0 24 canada 0 
301 94 0 38 released 0 
301 94 0 2 morissette 0 
301 94 0 138 debut 0 
301 94 0 34 album 2 
301 94 0 0 alanis 0 
301 94 0 24 canada 0 
301 94 0 2 morissette 0 
301 94 0 139 wrote 2 
301 94 0 140 track 1 
301 94 0 34 album 0 
301 94 0 13 producer 2 
301 94 0 141 leslie 2 
301 94 0 142 howe 0 
301 94 0 27 dance 0 
301 94 0 28 pop 2 
301 94 0 34 album 2 
301 94 0 143 platinum 0 
301 94 0 144 single 0 
301 94 0 145 hot 0 
301 94 0 146 reached 2 
301 94 0 147 top 0 
301 94 0 148 twenty 2 
301 94 0 149 rpm 2 
301 94 0 150 singles 0 
301 94 0 151 chart 1 
301 94 0 48 subsequent 2 
301 94 0 150 singles 2 
301 94 0 152 walk 1 
301 94 0 153 feel 0 
301 94 0 154 love 2 
301 94 0 146 reached 2 
301 94 0 147 top 0 
301 94 0 2 morissette 0 
301 94 0 155 popularity 0 
301 94 0 156 style 1 
301 94 0 157 music 0 
301 94 0 158 appearance 2 
301 94 0 159 hair 2 
301 94 0 160 led 0 
301 94 0 161 debbie 2 
301 94 0 162 gibson 0 
301 94 0 24 canada 0 
301 94 0 163 comparisons 2 
301 94 0 164 tiffany 0 
301 94 0 165 common 2 
301 94 0 166 period 2 
301 94 0 167 concert 2 
301 94 0 168 opening 1 
301 94 0 169 act 2 
301 94 0 170 rapper 0 
301 94 0 171 vanilla 0 
301 94 0 172 ice 2 
301 94 0 2 morissette 0 
301 94 0 19 nominated 0 
301 94 0 16 juno 0 
301 94 0 17 awards 0 
301 94 0 173 promising 2 
301 94 0 174 female 2 
301 94 0 175 vocalist 2 
301 94 0 176 year 1 
301 94 0 15 won 0 
301 94 0 144 single 0 
301 94 0 176 year 2 
301 94 0 27 dance 0 
301 94 0 177 recording 2 
301 94 0 145 hot 0 
301 94 0 38 released 0 
301 94 0 34 album 2 
301 94 0 30 time 0 
301 94 0 178 ballad 2 
301 94 0 179 driven 0 
301 94 0 12 record 0 
301 94 0 180 featured 0 
301 94 0 181 glitzy 0 
301 94 0 182 production 2 
301 94 0 0 alanis 0 
301 94 0 183 contained 1 
301 94 0 184 thoughtful 2 
301 94 0 185 lyrics 2 
301 94 0 2 morissette 0 
301 94 0 139 wrote 0 
301 94 0 186 songs 2 
301 94 0 34 album 2 
301 94 0 13 producer 2 
301 94 0 141 leslie 2 
301 94 0 142 howe 0 
301 94 0 187 serge 2 
301 94 0 188 ct 1 
301 94 0 34 album 0 
301 94 0 189 people 0 
301 94 0 190 boo 2 
301 94 0 191 hiss 2 
301 94 0 191 hiss 0 
301 94 0 192 girl 0 
301 94 0 164 tiffany 0 
301 94 0 189 people 0 
301 94 0 34 album 2 
301 94 0 193 suck 0 
301 94 0 194 ass 2 
301 94 0 0 alanis 0 
301 94 0 30 time 0 
301 94 0 38 released 0 
301 94 0 24 canada 0 
301 94 0 125 produced 0 
301 94 0 147 top 0 
301 94 0 150 singles 0 
301 94 0 195 emotion 1 
301 94 0 196 minor 1 
301 94 0 197 adult 2 
301 94 0 198 contemporary 0 
301 94 0 199 hit 2 
301 94 0 200 apologies 1 
301 94 0 201 change 0 
301 94 0 202 waste 2 
301 94 0 30 time 0 
301 94 0 203 commercial 2 
301 94 0 204 failure 1 
301 94 0 205 selling 1 
301 94 0 206 half 0 
301 94 0 207 copies 2 
301 94 0 34 album 2 
301 94 0 34 album 0 
301 94 0 208 deal 2 
301 94 0 31 mca 2 
301 94 0 32 records 0 
301 94 0 24 canada 0 
301 94 0 209 complete 0 
301 94 0 2 morissette 0 
301 94 0 210 left 0 
301 94 0 211 major 2 
301 94 0 212 label 0 
301 94 0 213 contract 2 
301 94 0 2 morissette 0 
301 94 0 214 publisher 0 
301 94 0 215 leeds 0 
301 94 0 216 levy 1 
301 94 0 31 mca 2 
301 94 0 157 music 0 
301 94 0 217 publishing 2 
301 94 0 218 introduced 0 
301 94 0 219 manager 2 
301 94 0 220 scott 2 
301 94 0 221 welch 2 
301 94 0 221 welch 2 
301 94 0 222 told 0 
301 94 0 223 hitquarters 2 
301 94 0 224 impressed 0 
301 94 0 225 spectacular 2 
301 94 0 67 voice 2 
301 94 0 226 character 2 
301 94 0 185 lyrics 2 
301 94 0 30 time 0 
301 94 0 227 living 2 
301 94 0 228 home 2 
301 94 0 229 parents 2 
301 94 0 230 decided 1 
301 94 0 23 career 0 
301 94 0 231 move 2 
301 94 0 131 toronto 2 
301 94 0 232 start 0 
301 94 0 233 writing 2 
301 94 0 189 people 0 
301 94 0 234 graduating 0 
301 94 0 81 high 2 
301 94 0 82 school 0 
301 94 0 2 morissette 0 
301 94 0 235 moved 2 
301 94 0 74 ottawa 2 
301 94 0 131 toronto 2 
301 94 0 214 publisher 0 
301 94 0 236 funded 2 
301 94 0 237 part 2 
301 94 0 238 development 1 
301 94 0 239 met 1 
301 94 0 13 producer 2 
301 94 0 10 songwriter 1 
301 94 0 240 glen 1 
301 94 0 241 ballard 1 
301 94 0 242 believed 2 
301 94 0 243 talent 2 
301 94 0 57 studio 0 
301 94 0 139 wrote 2 
301 94 0 26 recorded 2 
301 94 0 2 morissette 0 
301 94 0 244 internationally 1 
301 94 0 38 released 0 
301 94 0 34 album 2 
301 94 0 36 jagged 1 
301 94 0 37 pill 1 
301 94 0 245 spring 2 
301 94 0 246 signed 2 
301 94 0 208 deal 2 
301 94 0 247 maverick 2 
301 94 0 32 records 2 
301 94 0 219 manager 2 
301 94 0 221 welch 2 
301 94 0 212 label 0 
301 94 0 248 approached 2 
301 94 0 249 passed 0 
301 94 0 2 morissette 0 
301 94 0 247 maverick 2 
301 94 0 247 maverick 2 
301 94 0 32 records 0 
301 94 0 38 released 0 
301 94 0 36 jagged 0 
301 94 0 37 pill 0 
301 94 0 244 internationally 1 
301 94 0 34 album 2 
301 94 0 250 expected 2 
301 94 0 251 sell 2 
301 94 0 2 morissette 0 
301 94 0 252 make 2 
301 94 0 253 follow 2 
301 94 0 254 situation 2 
301 94 0 255 changed 2 
301 94 0 256 quickly 0 
301 94 0 257 kroq 2 
301 94 0 258 fm 1 
301 94 0 259 influential 0 
301 94 0 260 los 0 
301 94 0 261 angeles 0 
301 94 0 262 modern 2 
301 94 0 8 rock 0 
301 94 0 263 radio 2 
301 94 0 264 station 2 
301 94 0 22 began 1 
301 94 0 265 playing 0 
301 94 0 266 oughta 2 
301 94 0 34 album 0 
301 94 0 144 single 0 
301 94 0 267 song 0 
301 94 0 268 instantly 2 
301 94 0 269 garnered 0 
301 94 0 270 attention 2 
301 94 0 271 scathing 2 
301 94 0 272 explicit 1 
301 94 0 185 lyrics 2 
301 94 0 48 subsequent 2 
301 94 0 157 music 0 
301 94 0 273 video 0 
301 94 0 274 heavy 2 
301 94 0 275 rotation 0 
301 94 0 276 mtv 2 
301 94 0 277 muchmusic 2 
301 94 0 278 success 0 
301 94 0 266 oughta 2 
301 94 0 34 album 2 
301 94 0 199 hit 2 
301 94 0 150 singles 0 
301 94 0 279 helped 2 
301 94 0 280 send 1 
301 94 0 36 jagged 0 
301 94 0 37 pill 0 
301 94 0 147 top 0 
301 94 0 281 charts 1 
301 94 0 282 hand 1 
301 94 0 283 pocket 2 
301 94 0 284 fourth 0 
301 94 0 144 single 0 
301 94 0 285 ironic 1 
301 94 0 2 morissette 0 
301 94 0 286 biggest 0 
301 94 0 199 hit 2 
301 94 0 287 learn 2 
301 94 0 288 head 0 
301 94 0 289 feet 0 
301 94 0 290 sixth 0 
301 94 0 150 singles 0 
301 94 0 36 jagged 0 
301 94 0 37 pill 1 
301 94 0 147 top 0 
301 94 0 148 twenty 2 
301 94 0 291 billboard 0 
301 94 0 29 albums 0 
301 94 0 151 chart 0 
301 94 0 176 year 2 
301 94 0 292 riaa 1 
301 94 0 36 jagged 0 
301 94 0 37 pill 2 
301 94 0 39 sold 2 
301 94 0 40 million 2 
301 94 0 207 copies 2 
301 94 0 39 sold 2 
301 94 0 40 million 2 
301 94 0 62 worldwide 2 
301 94 0 293 making 2 
301 94 0 286 biggest 0 
301 94 0 205 selling 1 
301 94 0 34 album 0 
301 94 0 174 female 2 
301 94 0 294 artist 2 
301 94 0 295 shania 1 
301 94 0 296 twain 1 
301 94 0 2 morissette 0 
301 94 0 155 popularity 0 
301 94 0 297 grew 0 
301 94 0 298 significantly 1 
301 94 0 24 canada 0 
301 94 0 34 album 2 
301 94 0 299 certified 0 
301 94 0 300 twelve 0 
301 94 0 301 times 2 
301 94 0 143 platinum 0 
301 94 0 125 produced 0 
301 94 0 149 rpm 2 
301 94 0 151 chart 0 
301 94 0 302 toppers 2 
301 94 0 282 hand 1 
301 94 0 283 pocket 2 
301 94 0 285 ironic 1 
301 94 0 287 learn 0 
301 94 0 288 head 0 
301 94 0 289 feet 0 
301 94 0 34 album 2 
301 94 0 303 bestseller 2 
301 94 0 304 australia 0 
301 94 0 305 united 0 
301 94 0 306 kingdom 1 
301 94 0 2 morissette 0 
301 94 0 278 success 0 
301 94 0 36 jagged 0 
301 94 0 37 pill 0 
301 94 0 307 credited 0 
301 94 0 308 leading 2 
301 94 0 309 introduction 1 
301 94 0 174 female 2 
301 94 0 310 singers 0 
301 94 0 311 shakira 1 
301 94 0 312 meredith 1 
301 94 0 313 brooks 1 
301 94 0 314 early 2 
301 94 0 315 pink 2 
301 94 0 94 fellow 2 
301 94 0 5 canadian 0 
301 94 0 316 avril 1 
301 94 0 317 lavigne 2 
301 94 0 318 criticized 0 
301 94 0 319 collaborating 0 
301 94 0 13 producer 2 
301 94 0 43 supposed 0 
301 94 0 320 image 1 
301 94 0 321 maker 0 
301 94 0 241 ballard 1 
301 94 0 322 previous 2 
301 94 0 29 albums 0 
301 94 0 323 proved 0 
301 94 0 324 hindrance 2 
301 94 0 325 respectability 2 
301 94 0 2 morissette 0 
301 94 0 34 album 2 
301 94 0 15 won 0 
301 94 0 16 juno 0 
301 94 0 17 awards 0 
301 94 0 34 album 2 
301 94 0 176 year 2 
301 94 0 144 single 0 
301 94 0 176 year 2 
301 94 0 266 oughta 2 
301 94 0 174 female 2 
301 94 0 175 vocalist 2 
301 94 0 176 year 2 
301 94 0 10 songwriter 1 
301 94 0 176 year 2 
301 94 0 8 rock 0 
301 94 0 34 album 0 
301 94 0 18 grammy 1 
301 94 0 17 awards 0 
301 94 0 15 won 0 
301 94 0 174 female 2 
301 94 0 8 rock 0 
301 94 0 326 vocal 0 
301 94 0 327 performance 0 
301 94 0 8 rock 0 
301 94 0 267 song 0 
301 94 0 266 oughta 2 
301 94 0 8 rock 0 
301 94 0 34 album 2 
301 94 0 34 album 2 
301 94 0 176 year 2 
301 94 0 2 morissette 0 
301 94 0 328 embarked 0 
301 94 0 329 month 2 
301 94 0 330 world 2 
301 94 0 331 tour 0 
301 94 0 332 support 2 
301 94 0 36 jagged 0 
301 94 0 37 pill 0 
301 94 0 333 beginning 2 
301 94 0 334 small 0 
301 94 0 335 clubs 2 
301 94 0 336 ending 0 
301 94 0 337 large 1 
301 94 0 338 venues 2 
301 94 0 339 taylor 0 
301 94 0 340 hawkins 2 
301 94 0 341 joined 1 
301 94 0 342 foo 0 
301 94 0 343 fighters 1 
301 94 0 331 tour 0 
301 94 0 344 drummer 2 
301 94 0 285 ironic 2 
301 94 0 19 nominated 0 
301 94 0 18 grammy 1 
301 94 0 17 awards 0 
301 94 0 12 record 0 
301 94 0 176 year 2 
301 94 0 157 music 0 
301 94 0 273 video 0 
301 94 0 345 short 2 
301 94 0 346 form 0 
301 94 0 15 won 0 
301 94 0 144 single 0 
301 94 0 176 year 2 
301 94 0 16 juno 0 
301 94 0 17 awards 0 
301 94 0 2 morissette 0 
301 94 0 15 won 1 
301 94 0 10 songwriter 1 
301 94 0 176 year 2 
301 94 0 33 international 2 
301 94 0 347 achievement 0 
301 94 0 348 award 2 
301 94 0 273 video 0 
301 94 0 36 jagged 1 
301 94 0 37 pill 1 
301 94 0 349 live 0 
301 94 0 350 directed 0 
301 94 0 2 morissette 0 
301 94 0 351 chronicled 2 
301 94 0 352 bulk 2 
301 94 0 331 tour 0 
301 94 0 15 won 0 
301 94 0 18 grammy 1 
301 94 0 348 award 0 
301 94 0 157 music 0 
301 94 0 273 video 0 
301 94 0 353 long 2 
301 94 0 346 form 0 
301 94 0 354 stressful 0 
301 94 0 331 tour 0 
301 94 0 2 morissette 0 
301 94 0 355 started 1 
301 94 0 356 practicing 0 
301 94 0 357 iyengar 1 
301 94 0 358 yoga 2 
301 94 0 359 balancing 1 
301 94 0 360 december 0 
301 94 0 120 show 1 
301 94 0 361 headed 2 
301 94 0 362 india 1 
301 94 0 363 weeks 2 
301 94 0 364 accompanied 2 
301 94 0 101 mother 1 
301 94 0 365 aunts 0 
301 94 0 366 friends 0 
301 94 0 2 morissette 0 
301 94 0 180 featured 0 
301 94 0 367 guest 2 
301 94 0 175 vocalist 2 
301 94 0 368 ringo 2 
301 94 0 369 starr 2 
301 94 0 370 cover 1 
301 94 0 371 drift 0 
301 94 0 34 album 2 
301 94 0 372 vertical 2 
301 94 0 373 man 1 
301 94 0 186 songs 2 
301 94 0 374 don 1 
301 94 0 375 drink 2 
301 94 0 376 water 2 
301 94 0 377 spoon 0 
301 94 0 378 dave 2 
301 94 0 379 matthews 2 
301 94 0 136 band 0 
301 94 0 34 album 2 
301 94 0 380 crowded 0 
301 94 0 381 streets 0 
301 94 0 26 recorded 2 
301 94 0 267 song 0 
301 94 0 382 uninvited 0 
301 94 0 383 soundtrack 0 
301 94 0 384 film 2 
301 94 0 385 city 1 
301 94 0 386 angels 2 
301 94 0 140 track 1 
301 94 0 387 commercially 0 
301 94 0 38 released 0 
301 94 0 144 single 0 
301 94 0 388 received 0 
301 94 0 389 widespread 0 
301 94 0 263 radio 2 
301 94 0 390 airplay 0 
301 94 0 18 grammy 1 
301 94 0 17 awards 0 
301 94 0 15 won 0 
301 94 0 391 categories 0 
301 94 0 8 rock 0 
301 94 0 267 song 0 
301 94 0 174 female 2 
301 94 0 8 rock 0 
301 94 0 326 vocal 0 
301 94 0 327 performance 0 
301 94 0 19 nominated 0 
301 94 0 267 song 0 
301 94 0 392 written 1 
301 94 0 393 motion 2 
301 94 0 394 picture 2 
301 94 0 119 television 0 
301 94 0 395 visual 2 
301 94 0 396 media 0 
301 94 0 2 morissette 0 
301 94 0 38 released 0 
301 94 0 284 fourth 0 
301 94 0 34 album 2 
301 94 0 43 supposed 0 
301 94 0 44 infatuation 0 
301 94 0 45 junkie 2 
301 94 0 139 wrote 2 
301 94 0 125 produced 0 
301 94 0 240 glen 1 
301 94 0 241 ballard 1 
301 94 0 397 privately 0 
301 94 0 212 label 0 
301 94 0 398 hoped 0 
301 94 0 251 sell 2 
301 94 0 40 million 2 
301 94 0 207 copies 2 
301 94 0 34 album 2 
301 94 0 399 initial 0 
301 94 0 400 release 2 
301 94 0 401 debuted 1 
301 94 0 402 number 2 
301 94 0 291 billboard 0 
301 94 0 151 chart 0 
301 94 0 403 week 2 
301 94 0 404 sales 0 
301 94 0 405 copiesa 1 
301 94 0 12 record 0 
301 94 0 30 time 2 
301 94 0 406 highest 2 
301 94 0 403 week 2 
301 94 0 404 sales 0 
301 94 0 34 album 2 
301 94 0 174 female 2 
301 94 0 294 artist 2 
301 94 0 407 wordy 2 
301 94 0 408 personal 1 
301 94 0 185 lyrics 2 
301 94 0 43 supposed 0 
301 94 0 44 infatuation 0 
301 94 0 45 junkie 2 
301 94 0 409 alienated 0 
301 94 0 410 fans 2 
301 94 0 34 album 2 
301 94 0 39 sold 2 
301 94 0 411 considerably 1 
301 94 0 36 jagged 0 
301 94 0 37 pill 2 
301 94 0 412 labelled 2 
301 94 0 413 sophomore 2 
301 94 0 414 jinx 0 
301 94 0 388 received 0 
301 94 0 415 positive 2 
301 94 0 416 reviews 2 
301 94 0 417 including 0 
301 94 0 418 star 1 
301 94 0 419 review 0 
301 94 0 69 rolling 0 
301 94 0 70 stone 2 
301 94 0 24 canada 0 
301 94 0 15 won 0 
301 94 0 16 juno 0 
301 94 0 348 award 2 
301 94 0 34 album 0 
301 94 0 299 certified 0 
301 94 0 301 times 2 
301 94 0 143 platinum 0 
301 94 0 34 album 2 
301 94 0 211 major 2 
301 94 0 33 international 2 
301 94 0 199 hit 2 
301 94 0 144 single 0 
301 94 0 19 nominated 0 
301 94 0 18 grammy 1 
301 94 0 348 award 0 
301 94 0 174 female 2 
301 94 0 28 pop 2 
301 94 0 326 vocal 0 
301 94 0 327 performance 0 
301 94 0 157 music 0 
301 94 0 273 video 0 
301 94 0 180 featured 0 
301 94 0 2 morissette 0 
301 94 0 420 nude 2 
301 94 0 421 generated 0 
301 94 0 422 mild 1 
301 94 0 423 controversy 2 
301 94 0 2 morissette 0 
301 94 0 350 directed 0 
301 94 0 424 videos 2 
301 94 0 425 unsent 0 
301 94 0 426 pure 0 
301 94 0 15 won 0 
301 94 0 277 muchmusic 2 
301 94 0 273 video 0 
301 94 0 348 award 0 
301 94 0 427 director 0 
301 94 0 16 juno 0 
301 94 0 348 award 2 
301 94 0 273 video 0 
301 94 0 176 year 2 
301 94 0 426 pure 0 
301 94 0 273 video 0 
301 94 0 428 features 2 
301 94 0 429 actor 1 
301 94 0 430 dash 2 
301 94 0 431 mihok 2 
301 94 0 2 morissette 0 
301 94 0 432 relationship 0 
301 94 0 30 time 0 
301 94 0 2 morissette 0 
301 94 0 433 contributed 0 
301 94 0 434 vocals 2 
301 94 0 435 mercy 1 
301 94 0 436 hope 0 
301 94 0 437 innocence 2 
301 94 0 438 faith 0 
301 94 0 439 tracks 0 
301 94 0 440 jonathan 2 
301 94 0 441 elias 1 
301 94 0 442 project 0 
301 94 0 443 prayer 2 
301 94 0 444 cycle 0 
301 94 0 38 released 0 
301 94 0 176 year 2 
301 94 0 38 released 0 
301 94 0 349 live 0 
301 94 0 445 acoustic 2 
301 94 0 34 album 2 
301 94 0 0 alanis 0 
301 94 0 446 unplugged 0 
301 94 0 26 recorded 2 
301 94 0 158 appearance 2 
301 94 0 119 television 0 
301 94 0 120 show 2 
301 94 0 276 mtv 2 
301 94 0 446 unplugged 0 
301 94 0 180 featured 0 
301 94 0 439 tracks 0 
301 94 0 322 previous 2 
301 94 0 29 albums 0 
301 94 0 447 alongside 2 
301 94 0 186 songs 2 
301 94 0 417 including 0 
301 94 0 448 king 0 
301 94 0 449 pain 0 
301 94 0 370 cover 2 
301 94 0 450 police 0 
301 94 0 267 song 2 
301 94 0 451 pressure 0 
301 94 0 452 cappuccino 1 
301 94 0 2 morissette 0 
301 94 0 139 wrote 2 
301 94 0 453 main 2 
301 94 0 454 guitar 0 
301 94 0 455 player 2 
301 94 0 456 nick 2 
301 94 0 457 lashley 0 
301 94 0 177 recording 2 
301 94 0 43 supposed 0 
301 94 0 44 infatuation 0 
301 94 0 45 junkie 2 
301 94 0 140 track 1 
301 94 0 458 good 1 
301 94 0 38 released 0 
301 94 0 144 single 0 
301 94 0 196 minor 1 
301 94 0 199 hit 2 
301 94 0 145 hot 0 
301 94 0 197 adult 2 
301 94 0 198 contemporary 0 
301 94 0 263 radio 0 
301 94 0 459 america 2 
301 94 0 2 morissette 0 
301 94 0 38 released 0 
301 94 0 349 live 0 
301 94 0 460 version 0 
301 94 0 267 song 0 
301 94 0 461 mad 2 
301 94 0 462 charity 0 
301 94 0 34 album 0 
301 94 0 349 live 0 
301 94 0 463 lounge 0 
301 94 0 464 ii 1 
301 94 0 349 live 0 
301 94 0 465 rendition 0 
301 94 0 426 pure 0 
301 94 0 466 woodstock 0 
301 94 0 19 nominated 0 
301 94 0 174 female 2 
301 94 0 8 rock 0 
301 94 0 326 vocal 0 
301 94 0 327 performance 0 
301 94 0 18 grammy 1 
301 94 0 17 awards 0 
301 94 0 467 summer 0 
301 94 0 0 alanis 0 
301 94 0 468 toured 1 
301 94 0 9 singer 0 
301 94 0 10 songwriter 1 
301 94 0 469 tori 2 
301 94 0 470 amos 1 
301 94 0 206 half 0 
301 94 0 363 weeks 2 
301 94 0 331 tour 0 
301 94 0 332 support 2 
301 94 0 470 amos 1 
301 94 0 34 album 2 
301 94 0 471 venus 1 
301 94 0 472 back 0 
301 94 0 2 morissette 0 
301 94 0 180 featured 0 
301 94 0 473 stephanie 1 
301 94 0 474 mckay 2 
301 94 0 475 tricky 0 
301 94 0 267 song 0 
301 94 0 476 excess 0 
301 94 0 34 album 2 
301 94 0 477 blowback 0 
301 94 0 2 morissette 0 
301 94 0 38 released 0 
301 94 0 57 studio 0 
301 94 0 34 album 2 
301 94 0 50 rug 0 
301 94 0 51 swept 2 
301 94 0 478 february 0 
301 94 0 30 time 0 
301 94 0 23 career 0 
301 94 0 479 role 2 
301 94 0 480 sole 1 
301 94 0 481 writer 1 
301 94 0 13 producer 2 
301 94 0 34 album 2 
301 94 0 136 band 0 
301 94 0 482 comprising 0 
301 94 0 483 joel 0 
301 94 0 484 shearer 2 
301 94 0 456 nick 2 
301 94 0 457 lashley 0 
301 94 0 485 chris 2 
301 94 0 486 chaney 0 
301 94 0 487 gary 2 
301 94 0 488 novak 0 
301 94 0 489 played 1 
301 94 0 490 majority 0 
301 94 0 491 instruments 0 
301 94 0 492 additional 2 
301 94 0 493 contributions 0 
301 94 0 494 eric 1 
301 94 0 495 avery 2 
301 94 0 496 dean 1 
301 94 0 497 deleo 1 
301 94 0 498 flea 2 
301 94 0 499 meshell 2 
301 94 0 500 ndegeocello 2 
301 94 0 50 rug 1 
301 94 0 51 swept 2 
301 94 0 401 debuted 1 
301 94 0 402 number 0 
301 94 0 291 billboard 0 
301 94 0 151 chart 1 
301 94 0 501 eventually 0 
301 94 0 143 platinum 0 
301 94 0 24 canada 0 
301 94 0 205 selling 1 
301 94 0 40 million 2 
301 94 0 207 copies 2 
301 94 0 125 produced 0 
301 94 0 199 hit 2 
301 94 0 144 single 0 
301 94 0 502 hands 0 
301 94 0 503 clean 0 
301 94 0 504 topped 0 
301 94 0 5 canadian 0 
301 94 0 150 singles 0 
301 94 0 151 chart 0 
301 94 0 388 received 0 
301 94 0 505 substantial 0 
301 94 0 263 radio 0 
301 94 0 506 play 1 
301 94 0 507 work 1 
301 94 0 502 hands 0 
301 94 0 503 clean 0 
301 94 0 508 unsexy 2 
301 94 0 2 morissette 0 
301 94 0 15 won 0 
301 94 0 16 juno 0 
301 94 0 348 award 2 
301 94 0 13 producer 2 
301 94 0 176 year 2 
301 94 0 144 single 0 
301 94 0 509 precious 2 
301 94 0 510 illusions 1 
301 94 0 38 released 0 
301 94 0 511 garner 2 
301 94 0 512 significant 2 
301 94 0 278 success 0 
301 94 0 24 canada 0 
301 94 0 145 hot 0 
301 94 0 513 ac 1 
301 94 0 263 radio 0 
301 94 0 2 morissette 0 
301 94 0 38 released 0 
301 94 0 514 combination 0 
301 94 0 515 package 2 
301 94 0 516 feast 2 
301 94 0 517 scraps 1 
301 94 0 518 includes 2 
301 94 0 519 dvd 2 
301 94 0 349 live 0 
301 94 0 167 concert 2 
301 94 0 520 backstage 2 
301 94 0 521 documentary 0 
301 94 0 522 footage 0 
301 94 0 350 directed 0 
301 94 0 523 cd 1 
301 94 0 524 previously 2 
301 94 0 525 unreleased 1 
301 94 0 186 songs 2 
301 94 0 50 rug 1 
301 94 0 51 swept 0 
301 94 0 177 recording 2 
301 94 0 526 sessions 0 
301 94 0 527 preceded 0 
301 94 0 144 single 0 
301 94 0 528 simple 2 
301 94 0 39 sold 2 
301 94 0 529 roughly 0 
301 94 0 207 copies 2 
301 94 0 19 nominated 0 
301 94 0 16 juno 0 
301 94 0 348 award 0 
301 94 0 157 music 0 
301 94 0 519 dvd 2 
301 94 0 176 year 2 
301 94 0 2 morissette 0 
301 94 0 530 hosted 0 
301 94 0 16 juno 0 
301 94 0 17 awards 0 
301 94 0 531 dressed 1 
301 94 0 532 bathrobe 1 
301 94 0 533 reveal 0 
301 94 0 534 flesh 2 
301 94 0 535 colored 1 
301 94 0 536 bodysuit 0 
301 94 0 537 response 0 
301 94 0 538 era 0 
301 94 0 539 censorship 1 
301 94 0 540 caused 0 
301 94 0 541 janet 0 
301 94 0 542 jackson 0 
301 94 0 543 breast 1 
301 94 0 533 reveal 1 
301 94 0 544 incident 2 
301 94 0 545 super 0 
301 94 0 546 bowl 2 
301 94 0 547 xxxviii 2 
301 94 0 548 halftime 2 
301 94 0 120 show 2 
301 94 0 2 morissette 0 
301 94 0 38 released 0 
301 94 0 290 sixth 2 
301 94 0 57 studio 0 
301 94 0 34 album 2 
301 94 0 52 called 0 
301 94 0 53 chaos 2 
301 94 0 139 wrote 2 
301 94 0 186 songs 2 
301 94 0 125 produced 0 
301 94 0 34 album 2 
301 94 0 549 tim 2 
301 94 0 550 thorney 2 
301 94 0 28 pop 0 
301 94 0 157 music 0 
301 94 0 13 producer 2 
301 94 0 551 john 0 
301 94 0 552 shanks 2 
301 94 0 34 album 2 
301 94 0 401 debuted 1 
301 94 0 402 number 0 
301 94 0 291 billboard 0 
301 94 0 151 chart 0 
301 94 0 553 generally 0 
301 94 0 554 mixed 0 
301 94 0 555 critical 0 
301 94 0 416 reviews 2 
301 94 0 2 morissette 0 
301 94 0 556 lowest 2 
301 94 0 557 seller 1 
301 94 0 558 lead 2 
301 94 0 144 single 0 
301 94 0 559 achieved 0 
301 94 0 211 major 2 
301 94 0 278 success 0 
301 94 0 197 adult 2 
301 94 0 147 top 0 
301 94 0 263 radio 0 
301 94 0 459 america 2 
301 94 0 560 moderately 1 
301 94 0 561 popular 1 
301 94 0 24 canada 0 
301 94 0 562 failed 1 
301 94 0 563 reach 2 
301 94 0 147 top 0 
301 94 0 145 hot 0 
301 94 0 564 line 0 
301 94 0 267 song 0 
301 94 0 518 includes 2 
301 94 0 565 word 2 
301 94 0 566 asshole 2 
301 94 0 6 american 0 
301 94 0 263 radio 0 
301 94 0 567 stations 1 
301 94 0 568 refused 1 
301 94 0 506 play 1 
301 94 0 144 single 0 
301 94 0 460 version 0 
301 94 0 255 changed 2 
301 94 0 49 include 2 
301 94 0 565 word 2 
301 94 0 569 nightmare 0 
301 94 0 150 singles 0 
301 94 0 570 easy 0 
301 94 0 571 steps 2 
301 94 0 572 fared 2 
301 94 0 411 considerably 1 
301 94 0 573 worse 2 
301 94 0 387 commercially 0 
301 94 0 27 dance 0 
301 94 0 574 mix 2 
301 94 0 570 easy 0 
301 94 0 571 steps 0 
301 94 0 575 club 0 
301 94 0 199 hit 2 
301 94 0 2 morissette 0 
301 94 0 328 embarked 0 
301 94 0 467 summer 0 
301 94 0 331 tour 0 
301 94 0 353 long 0 
301 94 0 30 time 0 
301 94 0 366 friends 0 
301 94 0 94 fellow 2 
301 94 0 576 canadians 2 
301 94 0 577 barenaked 2 
301 94 0 578 ladies 0 
301 94 0 579 working 2 
301 94 0 580 profit 2 
301 94 0 581 environmental 2 
301 94 0 582 organization 1 
301 94 0 583 reverb 2 
301 94 0 584 commemorate 2 
301 94 0 585 tenth 1 
301 94 0 586 anniversary 2 
301 94 0 36 jagged 1 
301 94 0 37 pill 0 
301 94 0 2 morissette 0 
301 94 0 38 released 0 
301 94 0 57 studio 0 
301 94 0 445 acoustic 2 
301 94 0 460 version 0 
301 94 0 36 jagged 0 
301 94 0 37 pill 1 
301 94 0 445 acoustic 2 
301 94 0 4 june 0 
301 94 0 34 album 2 
301 94 0 38 released 0 
301 94 0 587 exclusively 1 
301 94 0 588 starbucks 0 
301 94 0 589 hear 0 
301 94 0 157 music 0 
301 94 0 590 retail 2 
301 94 0 591 concept 0 
301 94 0 592 coffee 0 
301 94 0 593 shops 1 
301 94 0 403 week 2 
301 94 0 594 run 0 
301 94 0 595 limited 1 
301 94 0 596 availability 2 
301 94 0 160 led 0 
301 94 0 597 dispute 2 
301 94 0 247 maverick 2 
301 94 0 32 records 2 
301 94 0 598 hmv 2 
301 94 0 599 north 1 
301 94 0 459 america 2 
301 94 0 600 retaliated 2 
301 94 0 601 removing 0 
301 94 0 2 morissette 0 
301 94 0 29 albums 0 
301 94 0 602 sale 2 
301 94 0 603 duration 0 
301 94 0 588 starbucks 0 
301 94 0 604 exclusive 2 
301 94 0 403 week 2 
301 94 0 602 sale 2 
301 94 0 605 november 0 
301 94 0 36 jagged 0 
301 94 0 37 pill 0 
301 94 0 445 acoustic 2 
301 94 0 39 sold 2 
301 94 0 207 copies 2 
301 94 0 273 video 0 
301 94 0 282 hand 1 
301 94 0 283 pocket 2 
301 94 0 388 received 0 
301 94 0 275 rotation 0 
301 94 0 606 vh 0 
301 94 0 459 america 2 
301 94 0 607 accompanying 0 
301 94 0 331 tour 0 
301 94 0 608 ran 0 
301 94 0 609 months 2 
301 94 0 610 mid 0 
301 94 0 2 morissette 0 
301 94 0 265 playing 0 
301 94 0 334 small 0 
301 94 0 611 theatre 2 
301 94 0 338 venues 2 
301 94 0 166 period 2 
301 94 0 2 morissette 0 
301 94 0 612 inducted 1 
301 94 0 24 canada 0 
301 94 0 152 walk 1 
301 94 0 613 fame 2 
301 94 0 2 morissette 0 
301 94 0 614 opened 2 
301 94 0 69 rolling 0 
301 94 0 615 stones 0 
301 94 0 616 dates 1 
301 94 0 617 bigger 2 
301 94 0 618 bang 1 
301 94 0 331 tour 0 
301 94 0 619 autumn 1 
301 94 0 2 morissette 0 
301 94 0 38 released 0 
301 94 0 620 greatest 1 
301 94 0 621 hits 0 
301 94 0 34 album 2 
301 94 0 0 alanis 0 
301 94 0 2 morissette 0 
301 94 0 622 collection 0 
301 94 0 623 late 1 
301 94 0 558 lead 2 
301 94 0 144 single 0 
301 94 0 140 track 1 
301 94 0 370 cover 2 
301 94 0 624 seal 0 
301 94 0 625 crazy 2 
301 94 0 197 adult 2 
301 94 0 147 top 0 
301 94 0 27 dance 2 
301 94 0 199 hit 2 
301 94 0 559 achieved 0 
301 94 0 626 minimal 2 
301 94 0 151 chart 0 
301 94 0 278 success 0 
301 94 0 595 limited 1 
301 94 0 627 edition 1 
301 94 0 622 collection 0 
301 94 0 428 features 2 
301 94 0 519 dvd 2 
301 94 0 417 including 0 
301 94 0 521 documentary 0 
301 94 0 424 videos 2 
301 94 0 525 unreleased 1 
301 94 0 186 songs 2 
301 94 0 2 morissette 0 
301 94 0 331 tour 0 
301 94 0 448 king 1 
301 94 0 628 intimidation 0 
301 94 0 629 reworked 0 
301 94 0 460 version 0 
301 94 0 117 appeared 0 
301 94 0 43 supposed 0 
301 94 0 44 infatuation 0 
301 94 0 45 junkie 2 
301 94 0 519 dvd 2 
301 94 0 518 includes 2 
301 94 0 630 ninety 1 
301 94 0 631 clip 1 
301 94 0 525 unreleased 1 
301 94 0 273 video 0 
301 94 0 144 single 0 
301 94 0 632 joining 0 
301 94 0 605 november 0 
301 94 0 622 collection 0 
301 94 0 39 sold 2 
301 94 0 207 copies 2 
301 94 0 633 soundscan 2 
301 94 0 2 morissette 0 
301 94 0 433 contributed 0 
301 94 0 267 song 2 
301 94 0 634 wunderkind 2 
301 94 0 383 soundtrack 0 
301 94 0 384 film 2 
301 94 0 635 chronicles 0 
301 94 0 636 narnia 0 
301 94 0 637 lion 0 
301 94 0 638 witch 1 
301 94 0 639 wardrobe 0 
301 94 0 19 nominated 0 
301 94 0 20 golden 1 
301 94 0 21 globe 2 
301 94 0 348 award 2 
301 94 0 640 original 0 
301 94 0 267 song 0 
301 94 0 0 alanis 0 
301 94 0 641 performed 2 
301 94 0 186 songs 2 
301 94 0 316 avril 1 
301 94 0 317 lavigne 2 
301 94 0 2 morissette 0 
301 94 0 285 ironic 1 
301 94 0 317 lavigne 2 
301 94 0 642 losing 0 
301 94 0 643 grip 0 
301 94 0 644 marked 1 
301 94 0 176 year 2 
301 94 0 2 morissette 0 
301 94 0 645 musical 2 
301 94 0 23 career 0 
301 94 0 144 single 0 
301 94 0 167 concert 2 
301 94 0 158 appearance 2 
301 94 0 646 showcasing 2 
301 94 0 186 songs 2 
301 94 0 647 exception 1 
301 94 0 158 appearance 2 
301 94 0 648 tonight 0 
301 94 0 120 show 2 
301 94 0 649 jay 0 
301 94 0 650 leno 2 
301 94 0 651 january 0 
301 94 0 641 performed 0 
301 94 0 634 wunderkind 0 
301 94 0 652 april 2 
301 94 0 2 morissette 0 
301 94 0 38 released 0 
301 94 0 653 tongue 2 
301 94 0 654 cheek 2 
301 94 0 370 cover 2 
301 94 0 655 black 2 
301 94 0 656 eyed 0 
301 94 0 657 peas 0 
301 94 0 658 selection 2 
301 94 0 659 humps 0 
301 94 0 26 recorded 2 
301 94 0 660 slow 1 
301 94 0 661 mournful 2 
301 94 0 67 voice 2 
301 94 0 364 accompanied 2 
301 94 0 662 piano 2 
301 94 0 607 accompanying 0 
301 94 0 663 youtube 0 
301 94 0 530 hosted 0 
301 94 0 273 video 0 
301 94 0 664 dances 2 
301 94 0 665 provocatively 2 
301 94 0 666 group 0 
301 94 0 667 men 2 
301 94 0 621 hits 0 
301 94 0 668 attempt 0 
301 94 0 669 touch 0 
301 94 0 670 lady 0 
301 94 0 671 lumps 0 
301 94 0 388 received 0 
301 94 0 672 views 0 
301 94 0 478 february 0 
301 94 0 2 morissette 0 
301 94 0 673 interviews 2 
301 94 0 30 time 0 
301 94 0 674 explain 0 
301 94 0 267 song 0 
301 94 0 675 theorized 0 
301 94 0 652 april 2 
301 94 0 676 fools 2 
301 94 0 677 day 1 
301 94 0 678 joke 2 
301 94 0 655 black 2 
301 94 0 656 eyed 0 
301 94 0 657 peas 0 
301 94 0 175 vocalist 2 
301 94 0 679 stacy 2 
301 94 0 680 fergie 2 
301 94 0 681 ferguson 0 
301 94 0 682 responded 1 
301 94 0 683 sending 2 
301 94 0 2 morissette 0 
301 94 0 684 buttocks 0 
301 94 0 685 shaped 2 
301 94 0 686 cake 2 
301 94 0 687 approving 0 
301 94 0 688 note 1 
301 94 0 689 verge 2 
301 94 0 400 release 2 
301 94 0 690 latest 1 
301 94 0 34 album 2 
301 94 0 691 finally 0 
301 94 0 692 elaborated 0 
301 94 0 273 video 0 
301 94 0 693 citing 0 
301 94 0 694 emotionally 0 
301 94 0 695 loaded 0 
301 94 0 177 recording 2 
301 94 0 186 songs 2 
301 94 0 677 day 0 
301 94 0 696 wished 2 
301 94 0 528 simple 2 
301 94 0 267 song 0 
301 94 0 659 humps 0 
301 94 0 697 conversation 2 
301 94 0 698 guy 0 
301 94 0 699 sigsworth 0 
301 94 0 678 joke 2 
301 94 0 700 life 1 
301 94 0 355 started 1 
301 94 0 579 working 2 
301 94 0 2 morissette 0 
301 94 0 641 performed 0 
301 94 0 701 gig 1 
301 94 0 702 nightwatchman 0 
301 94 0 703 tom 0 
301 94 0 704 morello 1 
301 94 0 705 rage 2 
301 94 0 706 machine 0 
301 94 0 707 audioslave 0 
301 94 0 613 fame 2 
301 94 0 708 hotel 1 
301 94 0 709 caf 0 
301 94 0 260 los 0 
301 94 0 261 angeles 0 
301 94 0 652 april 2 
301 94 0 4 june 0 
301 94 0 641 performed 0 
301 94 0 418 star 1 
301 94 0 710 spangled 2 
301 94 0 711 banner 1 
301 94 0 24 canada 0 
301 94 0 6 american 0 
301 94 0 5 canadian 0 
301 94 0 712 national 0 
301 94 0 713 anthems 0 
301 94 0 714 game 0 
301 94 0 715 stanley 2 
301 94 0 716 cup 2 
301 94 0 717 finals 1 
301 94 0 74 ottawa 2 
301 94 0 718 senators 1 
301 94 0 719 anaheim 1 
301 94 0 720 ducks 2 
301 94 0 74 ottawa 2 
301 94 0 721 ontario 2 
301 94 0 722 nhl 2 
301 94 0 723 requires 0 
301 94 0 724 arenas 1 
301 94 0 725 perform 2 
301 94 0 6 american 0 
301 94 0 5 canadian 0 
301 94 0 712 national 0 
301 94 0 713 anthems 0 
301 94 0 726 games 0 
301 94 0 727 involving 0 
301 94 0 728 teams 2 
301 94 0 729 countries 0 
301 94 0 314 early 2 
301 94 0 2 morissette 0 
301 94 0 730 participated 0 
301 94 0 331 tour 0 
301 94 0 731 matchbox 1 
301 94 0 148 twenty 2 
301 94 0 732 mutemath 0 
301 94 0 733 special 1 
301 94 0 367 guest 2 
301 94 0 2 morissette 0 
301 94 0 734 seventh 0 
301 94 0 57 studio 0 
301 94 0 34 album 2 
301 94 0 54 flavors 0 
301 94 0 55 entanglement 0 
301 94 0 125 produced 0 
301 94 0 698 guy 0 
301 94 0 699 sigsworth 1 
301 94 0 38 released 0 
301 94 0 610 mid 1 
301 94 0 735 stated 0 
301 94 0 623 late 1 
301 94 0 736 embark 2 
301 94 0 599 north 1 
301 94 0 6 american 0 
301 94 0 737 headlining 1 
301 94 0 331 tour 0 
301 94 0 738 meantime 0 
301 94 0 739 promoting 0 
301 94 0 34 album 2 
301 94 0 244 internationally 1 
301 94 0 740 performing 2 
301 94 0 741 shows 2 
301 94 0 742 festivals 2 
301 94 0 293 making 2 
301 94 0 119 television 0 
301 94 0 263 radio 0 
301 94 0 743 appearances 1 
301 94 0 34 album 2 
301 94 0 144 single 0 
301 94 0 744 underneath 0 
301 94 0 273 video 0 
301 94 0 745 submitted 0 
301 94 0 746 elevate 2 
301 94 0 384 film 2 
301 94 0 747 festival 0 
301 94 0 748 purpose 2 
301 94 0 747 festival 0 
301 94 0 749 create 2 
301 94 0 750 documentaries 1 
301 94 0 157 music 0 
301 94 0 424 videos 2 
301 94 0 751 narratives 2 
301 94 0 752 shorts 2 
301 94 0 753 subjects 0 
301 94 0 754 raise 0 
301 94 0 755 level 2 
301 94 0 756 human 2 
301 94 0 757 consciousness 2 
301 94 0 758 earth 1 
301 94 0 759 october 1 
301 94 0 2 morissette 0 
301 94 0 38 released 0 
301 94 0 273 video 0 
301 94 0 690 latest 1 
301 94 0 144 single 0 
301 94 0 2 morissette 0 
301 94 0 433 contributed 0 
301 94 0 760 giant 2 
301 94 0 761 leap 2 
301 94 0 740 performing 0 
301 94 0 762 arrival 0 
301 94 0 763 zap 2 
301 94 0 764 mama 1 
301 94 0 38 released 0 
301 94 0 445 acoustic 0 
301 94 0 460 version 0 
301 94 0 267 song 0 
301 94 0 237 part 2 
301 94 0 765 compilation 0 
301 94 0 157 music 0 
301 94 0 766 relief 0 
301 94 0 332 support 2 
301 94 0 767 haiti 1 
301 94 0 768 earthquake 2 
301 94 0 769 crisis 2 
301 94 0 433 contributed 0 
301 94 0 177 recording 2 
301 94 0 770 versions 2 
301 94 0 771 violence 0 
301 94 0 34 album 2 
301 94 0 186 songs 2 
301 94 0 772 tibet 1 
301 94 0 773 art 2 
301 94 0 774 peace 0 
301 94 0 775 promote 2 
301 94 0 774 peace 0 
301 94 0 2 morissette 0 
301 94 0 26 recorded 2 
301 94 0 370 cover 2 
301 94 0 776 willie 2 
301 94 0 777 nelson 2 
301 94 0 778 julio 0 
301 94 0 779 iglesias 1 
301 94 0 199 hit 2 
301 94 0 780 girls 2 
301 94 0 781 ve 1 
301 94 0 782 loved 0 
301 94 0 392 written 1 
301 94 0 783 boys 2 
301 94 0 781 ve 1 
301 94 0 782 loved 0 
301 94 0 777 nelson 2 
301 94 0 489 played 2 
301 94 0 784 rhythm 0 
301 94 0 454 guitar 2 
301 94 0 177 recording 2 
301 94 0 652 april 2 
301 94 0 2 morissette 0 
301 94 0 38 released 0 
301 94 0 267 song 2 
301 94 0 785 remain 2 
301 94 0 139 wrote 2 
301 94 0 786 prince 0 
301 94 0 787 persia 0 
301 94 0 788 sands 0 
301 94 0 30 time 0 
301 94 0 383 soundtrack 0 
301 94 0 789 season 0 
301 94 0 790 finale 2 
301 94 0 6 american 2 
301 94 0 791 idol 2 
301 94 0 2 morissette 0 
301 94 0 641 performed 0 
301 94 0 792 duet 0 
301 94 0 267 song 0 
301 94 0 266 oughta 2 
301 94 0 793 runner 0 
301 94 0 794 crystal 2 
301 94 0 795 bowersox 1 
301 94 0 2 morissette 0 
301 94 0 210 left 0 
301 94 0 247 maverick 2 
301 94 0 32 records 2 
301 94 0 796 promotion 0 
301 94 0 54 flavors 0 
301 94 0 797 completed 2 
301 94 0 759 october 1 
301 94 0 2 morissette 0 
301 94 0 798 posted 2 
301 94 0 394 picture 2 
301 94 0 177 recording 2 
301 94 0 57 studio 0 
301 94 0 799 facebook 2 
301 94 0 800 page 1 
301 94 0 394 picture 2 
301 94 0 801 included 2 
301 94 0 802 message 0 
301 94 0 472 back 0 
301 94 0 57 studio 0 
301 94 0 803 saddle 1 
301 94 0 186 songs 0 
301 94 0 804 droves 1 
301 94 0 805 indicating 2 
301 94 0 2 morissette 0 
301 94 0 806 begun 2 
301 94 0 507 work 1 
301 94 0 34 album 0 
301 94 0 605 november 0 
301 94 0 2 morissette 0 
301 94 0 117 appeared 0 
301 94 0 6 american 0 
301 94 0 157 music 0 
301 94 0 17 awards 0 
301 94 0 807 asked 1 
301 94 0 34 album 2 
301 94 0 345 short 1 
301 94 0 808 interview 1 
301 94 0 26 recorded 2 
301 94 0 809 thirty 2 
301 94 0 186 songs 2 
301 94 0 34 album 2 
301 94 0 176 year 2 
301 94 0 810 summertime 0 
301 94 0 360 december 0 
301 94 0 2 morissette 0 
301 94 0 641 performed 0 
301 94 0 792 duet 0 
301 94 0 382 uninvited 0 
301 94 0 811 finalist 0 
301 94 0 812 josh 2 
301 94 0 813 krajcik 1 
301 94 0 327 performance 0 
301 94 0 790 finale 2 
301 94 0 814 factor 2 
301 94 0 2 morissette 0 
301 94 0 328 embarked 0 
301 94 0 815 european 2 
301 94 0 331 tour 0 
301 94 0 467 summer 0 
301 94 0 0 alanis 0 
301 94 0 314 early 2 
301 94 0 267 song 0 
301 94 0 52 called 0 
301 94 0 816 magical 1 
301 94 0 817 child 0 
301 94 0 117 appeared 0 
301 94 0 588 starbucks 0 
301 94 0 765 compilation 0 
301 94 0 52 called 0 
301 94 0 101 mother 1 
301 94 0 818 counts 2 
301 94 0 2 morissette 0 
301 94 0 819 revealed 2 
301 94 0 799 facebook 2 
301 94 0 820 account 0 
301 94 0 56 eighth 0 
301 94 0 57 studio 0 
301 94 0 34 album 2 
301 94 0 821 entitled 2 
301 94 0 58 havoc 0 
301 94 0 59 bright 0 
301 94 0 60 lights 1 
301 94 0 38 released 0 
301 94 0 61 august 0 
301 94 0 212 label 0 
301 94 0 822 collective 2 
301 94 0 823 sounds 2 
301 94 0 824 distributed 2 
301 94 0 825 sony 2 
301 94 0 826 red 1 
301 94 0 827 distribution 2 
301 94 0 677 day 0 
301 94 0 291 billboard 0 
301 94 0 828 date 0 
301 94 0 61 august 0 
301 94 0 819 revealed 2 
301 94 0 34 album 0 
301 94 0 300 twelve 0 
301 94 0 439 tracks 0 
301 94 0 34 album 2 
301 94 0 558 lead 2 
301 94 0 144 single 0 
301 94 0 829 guardian 0 
301 94 0 38 released 0 
301 94 0 830 itunes 2 
301 94 0 199 hit 2 
301 94 0 263 radio 0 
301 94 0 831 airwaves 2 
301 94 0 832 days 1 
301 94 0 833 prior 0 
301 94 0 144 single 0 
301 94 0 196 minor 1 
301 94 0 278 success 0 
301 94 0 599 north 1 
301 94 0 459 america 2 
301 94 0 834 charting 1 
301 94 0 291 billboard 0 
301 94 0 835 bubbling 1 
301 94 0 145 hot 0 
301 94 0 150 singles 0 
301 94 0 836 reaching 2 
301 94 0 147 top 0 
301 94 0 24 canada 0 
301 94 0 267 song 2 
301 94 0 199 hit 2 
301 94 0 729 countries 0 
301 94 0 837 europe 1 
301 94 0 838 receive 2 
301 94 0 144 single 0 
301 94 0 34 album 2 
301 94 0 38 released 0 
301 94 0 314 early 2 
301 94 0 360 december 0 
301 94 0 176 year 2 
301 94 0 839 citation 1 
301 94 0 840 needed 0 
301 94 0 2 morissette 0 
301 94 0 388 received 0 
301 94 0 841 ucla 0 
301 94 0 245 spring 1 
301 94 0 842 sing 0 
301 94 0 843 george 2 
301 94 0 844 ira 2 
301 94 0 845 gershwin 0 
301 94 0 348 award 0 
301 94 0 846 pauley 2 
301 94 0 847 pavilion 2 
301 94 0 848 website 2 
301 94 0 849 starting 0 
301 94 0 467 summer 0 
301 94 0 850 purchase 0 
301 94 0 851 lp 0 
301 94 0 12 record 0 
301 94 0 267 song 2 
301 94 0 852 big 2 
301 94 0 853 sur 0 
301 94 0 770 versions 2 
301 94 0 34 album 2 
301 94 0 58 havoc 0 
301 94 0 59 bright 0 
301 94 0 60 lights 1 
301 94 0 854 july 0 
301 94 0 232 start 0 
301 94 0 120 show 2 
301 94 0 855 intimate 0 
301 94 0 445 acoustic 0 
301 94 0 331 tour 0 
301 94 0 2 morissette 0 
301 94 0 856 stint 2 
301 94 0 14 actress 0 
301 94 0 121 episodes 0 
301 94 0 118 children 0 
301 94 0 119 television 0 
301 94 0 120 show 2 
301 94 0 119 television 0 
301 94 0 117 appeared 0 
301 94 0 857 stage 0 
301 94 0 858 orpheus 2 
301 94 0 645 musical 1 
301 94 0 611 theatre 2 
301 94 0 859 society 1 
301 94 0 2 morissette 0 
301 94 0 860 delved 0 
301 94 0 861 acting 0 
301 94 0 30 time 0 
301 94 0 862 appearing 0 
301 94 0 863 god 1 
301 94 0 864 kevin 0 
301 94 0 865 smith 2 
301 94 0 866 comedy 1 
301 94 0 867 dogma 2 
301 94 0 868 contributing 0 
301 94 0 267 song 0 
301 94 0 383 soundtrack 0 
301 94 0 2 morissette 0 
301 94 0 869 reprised 0 
301 94 0 479 role 2 
301 94 0 863 god 1 
301 94 0 870 post 2 
301 94 0 871 credits 2 
301 94 0 872 scene 0 
301 94 0 865 smith 2 
301 94 0 384 film 2 
301 94 0 649 jay 0 
301 94 0 873 silent 2 
301 94 0 874 bob 2 
301 94 0 875 strike 1 
301 94 0 472 back 0 
301 94 0 876 literally 1 
301 94 0 877 close 0 
301 94 0 878 book 0 
301 94 0 879 view 0 
301 94 0 880 askewniverse 1 
301 94 0 117 appeared 0 
301 94 0 199 hit 2 
301 94 0 881 hbo 0 
301 94 0 882 comedies 1 
301 94 0 883 sex 2 
301 94 0 385 city 1 
301 94 0 884 curb 0 
301 94 0 885 enthusiasm 1 
301 94 0 117 appeared 0 
301 94 0 506 play 1 
301 94 0 886 vagina 0 
301 94 0 887 monologues 1 
301 94 0 888 cameos 0 
301 94 0 265 playing 0 
301 94 0 889 brazilian 2 
301 94 0 199 hit 2 
301 94 0 890 soap 1 
301 94 0 891 operas 1 
301 94 0 892 celebridade 0 
301 94 0 893 malhao 2 
301 94 0 623 late 1 
301 94 0 2 morissette 0 
301 94 0 117 appeared 0 
301 94 0 894 broadway 2 
301 94 0 506 play 1 
301 94 0 895 exonerated 1 
301 94 0 896 sunny 0 
301 94 0 897 jacobs 0 
301 94 0 898 death 1 
301 94 0 899 row 0 
301 94 0 900 inmate 2 
301 94 0 901 freed 1 
301 94 0 902 proof 2 
301 94 0 903 surfaced 0 
301 94 0 904 innocent 2 
301 94 0 652 april 1 
301 94 0 276 mtv 0 
301 94 0 905 news 0 
301 94 0 906 reported 2 
301 94 0 2 morissette 0 
301 94 0 907 reprise 2 
301 94 0 479 role 2 
301 94 0 895 exonerated 1 
301 94 0 908 london 0 
301 94 0 909 expanded 1 
301 94 0 861 acting 2 
301 94 0 910 credentials 2 
301 94 0 854 july 0 
301 94 0 400 release 2 
301 94 0 911 cole 2 
301 94 0 912 porter 1 
301 94 0 913 biographical 0 
301 94 0 384 film 2 
301 94 0 914 de 2 
301 94 0 915 lovely 1 
301 94 0 641 performed 0 
301 94 0 267 song 0 
301 94 0 916 fall 0 
301 94 0 154 love 2 
301 94 0 479 role 0 
301 94 0 917 anonymous 0 
301 94 0 857 stage 0 
301 94 0 918 performer 2 
301 94 0 478 february 0 
301 94 0 919 made 0 
301 94 0 367 guest 2 
301 94 0 158 appearance 1 
301 94 0 5 canadian 0 
301 94 0 119 television 0 
301 94 0 120 show 2 
301 94 0 920 degrassi 2 
301 94 0 921 generation 0 
301 94 0 867 dogma 2 
301 94 0 418 star 2 
301 94 0 922 jason 2 
301 94 0 923 mewes 0 
301 94 0 427 director 0 
301 94 0 864 kevin 0 
301 94 0 865 smith 2 
301 94 0 2 morissette 0 
301 94 0 924 ryan 0 
301 94 0 925 reynolds 1 
301 94 0 926 fiance 1 
301 94 0 919 made 0 
301 94 0 927 cameo 2 
301 94 0 158 appearance 2 
301 94 0 928 client 2 
301 94 0 925 reynolds 1 
301 94 0 226 character 2 
301 94 0 384 film 2 
301 94 0 366 friends 0 
301 94 0 872 scene 0 
301 94 0 929 deleted 2 
301 94 0 930 theatrical 2 
301 94 0 400 release 2 
301 94 0 519 dvd 2 
301 94 0 367 guest 2 
301 94 0 931 starred 0 
301 94 0 932 episode 2 
301 94 0 933 lifetime 0 
301 94 0 934 lovespring 2 
301 94 0 33 international 2 
301 94 0 935 homeless 1 
301 94 0 936 woman 0 
301 94 0 937 named 2 
301 94 0 938 lucinda 0 
301 94 0 121 episodes 0 
301 94 0 939 fx 2 
301 94 0 940 nip 0 
301 94 0 941 tuck 2 
301 94 0 265 playing 0 
301 94 0 942 lesbian 1 
301 94 0 937 named 2 
301 94 0 943 poppy 1 
301 94 0 944 mockumentary 0 
301 94 0 521 documentary 0 
301 94 0 945 pittsburgh 0 
301 94 0 2 morissette 0 
301 94 0 117 appeared 0 
301 94 0 121 episodes 0 
301 94 0 946 weeds 0 
301 94 0 265 playing 0 
301 94 0 947 dr 2 
301 94 0 948 audra 0 
301 94 0 949 kitson 2 
301 94 0 950 nonsense 0 
301 94 0 951 obstetrician 2 
301 94 0 952 treats 0 
301 94 0 953 pregnant 1 
301 94 0 453 main 2 
301 94 0 226 character 2 
301 94 0 954 nancy 2 
301 94 0 955 botwin 2 
301 94 0 932 episode 2 
301 94 0 956 aired 1 
301 94 0 854 july 0 
301 94 0 314 early 2 
301 94 0 2 morissette 0 
301 94 0 957 returned 0 
301 94 0 857 stage 0 
301 94 0 740 performing 0 
301 94 0 958 night 0 
301 94 0 959 engagement 1 
301 94 0 960 oak 0 
301 94 0 961 tree 2 
301 94 0 962 experimental 2 
301 94 0 506 play 1 
301 94 0 260 los 0 
301 94 0 261 angeles 0 
301 94 0 327 performance 0 
301 94 0 251 sell 2 
301 94 0 652 april 2 
301 94 0 2 morissette 0 
301 94 0 963 confirmed 0 
301 94 0 964 cast 2 
301 94 0 946 weeds 0 
301 94 0 789 season 0 
301 94 0 740 performing 0 
301 94 0 479 role 0 
301 94 0 947 dr 2 
301 94 0 948 audra 1 
301 94 0 949 kitson 2 
301 94 0 2 morissette 0 
301 94 0 931 starred 0 
301 94 0 384 film 2 
301 94 0 965 adaptation 1 
301 94 0 966 philip 0 
301 94 0 967 dick 0 
301 94 0 263 radio 2 
301 94 0 968 free 1 
301 94 0 969 albemuth 2 
301 94 0 2 morissette 0 
301 94 0 970 plays 0 
301 94 0 971 sylvia 0 
301 94 0 972 ordinary 2 
301 94 0 936 woman 0 
301 94 0 973 unexpected 1 
301 94 0 974 remission 2 
301 94 0 975 lymphoma 0 
301 94 0 2 morissette 0 
301 94 0 735 stated 0 
301 94 0 852 big 2 
301 94 0 976 fan 0 
301 94 0 966 philip 2 
301 94 0 967 dick 0 
301 94 0 977 poetic 0 
301 94 0 978 expansively 0 
301 94 0 979 imaginative 0 
301 94 0 980 books 0 
301 94 0 153 feel 0 
301 94 0 981 blessed 1 
301 94 0 982 portray 0 
301 94 0 971 sylvia 0 
301 94 0 237 part 2 
301 94 0 983 story 1 
301 94 0 222 told 0 
301 94 0 384 film 2 
301 94 0 117 appeared 0 
301 94 0 984 amanda 0 
301 94 0 985 bandmate 2 
301 94 0 453 main 2 
301 94 0 226 character 2 
301 94 0 986 ava 1 
301 94 0 987 alexander 0 
301 94 0 489 played 1 
301 94 0 988 maya 2 
301 94 0 989 rudolph 0 
301 94 0 932 episode 2 
301 94 0 990 nbc 2 
301 94 0 958 night 0 
301 94 0 478 february 0 
301 94 0 989 rudolph 0 
301 94 0 991 officiated 0 
301 94 0 992 minister 0 
301 94 0 2 morissette 0 
301 94 0 993 wedding 1 
301 94 0 740 performing 0 
301 94 0 272 explicit 1 
301 94 0 460 version 0 
301 94 0 199 hit 2 
301 94 0 994 hip 2 
301 94 0 995 hop 0 
301 94 0 267 song 0 
301 94 0 472 back 0 
301 94 0 996 beep 0 
301 94 0 996 beep 0 
301 94 0 2 morissette 0 
301 94 0 489 played 1 
301 94 0 479 role 2 
301 94 0 997 marisa 1 
301 94 0 998 damia 1 
301 94 0 999 lover 2 
301 94 0 1000 architect 2 
301 94 0 1001 designer 1 
301 94 0 1002 eileen 1 
301 94 0 1003 gray 0 
301 94 0 384 film 2 
301 94 0 1004 price 1 
301 94 0 1005 desire 0 
301 94 0 350 directed 2 
301 94 0 77 mary 0 
301 94 0 1006 mcguckian 1 
301 94 0 2 morissette 0 
301 94 0 1007 raised 0 
301 94 0 1008 devout 1 
301 94 0 1009 roman 0 
301 94 0 104 catholic 0 
301 94 0 108 family 1 
301 94 0 1010 dated 1 
301 94 0 429 actor 0 
301 94 0 1011 comedian 2 
301 94 0 378 dave 0 
301 94 0 1012 coulier 0 
301 94 0 345 short 1 
301 94 0 30 time 0 
301 94 0 314 early 2 
301 94 0 808 interview 1 
301 94 0 1013 calgary 1 
301 94 0 1014 herald 0 
301 94 0 1012 coulier 0 
301 94 0 1015 claimed 2 
301 94 0 1016 boyfriend 2 
301 94 0 1017 inspired 2 
301 94 0 2 morissette 0 
301 94 0 267 song 0 
301 94 0 266 oughta 2 
301 94 0 2 morissette 0 
301 94 0 1018 maintained 2 
301 94 0 1019 silence 1 
301 94 0 1020 subject 1 
301 94 0 267 song 0 
301 94 0 1021 teen 0 
301 94 0 87 years 2 
301 94 0 2 morissette 0 
301 94 0 1022 suffered 1 
301 94 0 1023 eating 0 
301 94 0 1024 disorders 0 
301 94 0 1025 recover 2 
301 94 0 355 started 0 
301 94 0 1026 eat 0 
301 94 0 1027 healthier 0 
301 94 0 1028 diet 0 
301 94 0 608 ran 0 
301 94 0 1029 marathon 0 
301 94 0 739 promoting 0 
301 94 0 1030 awareness 2 
301 94 0 712 national 0 
301 94 0 1023 eating 0 
301 94 0 1024 disorders 1 
301 94 0 1031 association 1 
301 94 0 2 morissette 0 
301 94 0 239 met 0 
301 94 0 5 canadian 0 
301 94 0 429 actor 1 
301 94 0 924 ryan 0 
301 94 0 925 reynolds 2 
301 94 0 1032 drew 0 
301 94 0 1033 barrymore 1 
301 94 0 1034 birthday 1 
301 94 0 1035 party 0 
301 94 0 1036 couple 2 
301 94 0 22 began 2 
301 94 0 1037 dating 2 
301 94 0 1038 announced 2 
301 94 0 959 engagement 1 
301 94 0 4 june 0 
301 94 0 478 february 0 
301 94 0 1039 representatives 0 
301 94 0 2 morissette 0 
301 94 0 925 reynolds 1 
301 94 0 1038 announced 2 
301 94 0 1040 mutually 0 
301 94 0 230 decided 1 
301 94 0 1041 end 2 
301 94 0 959 engagement 1 
301 94 0 2 morissette 0 
301 94 0 735 stated 0 
301 94 0 34 album 2 
301 94 0 54 flavors 2 
301 94 0 55 entanglement 0 
301 94 0 1042 created 2 
301 94 0 1043 grief 1 
301 94 0 1044 break 1 
301 94 0 1045 cathartic 0 
301 94 0 2 morissette 0 
301 94 0 1046 citizen 2 
301 94 0 1047 maintaining 2 
301 94 0 5 canadian 0 
301 94 0 1048 citizenship 0 
301 94 0 2 morissette 0 
301 94 0 1049 married 2 
301 94 0 170 rapper 0 
301 94 0 1050 mario 2 
301 94 0 1051 souleye 2 
301 94 0 1052 treadway 2 
301 94 0 3 born 0 
301 94 0 1053 boston 1 
301 94 0 1054 massachusetts 0 
301 94 0 1055 private 2 
301 94 0 1056 ceremony 2 
301 94 0 260 los 0 
301 94 0 261 angeles 0 
301 94 0 228 home 2 
301 94 0 817 child 0 
301 94 0 1057 imre 2 
301 94 0 2 morissette 0 
301 94 0 1052 treadway 2 
301 94 0 3 born 0 
301 94 0 360 december 0 
301 94 0 168 opening 1 
301 94 0 169 act 2 
301 94 0 737 headlining 1 
301 94 0 737 headlining 1 
301 94 0 1058 patch 2 
301 94 0 456 nick 2 
301 94 0 4 june 0 
301 94 0 0 alanis 0 
301 94 0 2 morissette 0 
301 94 0 1059 marries 2 
301 94 0 170 rapper 0 
301 94 0 1051 souleye 2 
301 94 0 1060 msn 0 
301 94 0 905 news 0 
301 94 0 24 canada 0 
301 94 0 1060 msn 0 
301 94 0 1061 retrieved 2 
301 94 0 39 sold 2 
301 94 0 40 million 2 
301 94 0 29 albums 0 
301 94 0 15 won 0 
301 94 0 18 grammy 1 
301 94 0 17 awards 0 
301 94 0 1062 junos 2 
301 94 0 1063 skye 2 
301 94 0 1064 dan 2 
301 94 0 360 december 2 
301 94 0 1065 land 2 
301 94 0 0 alanis 0 
301 94 0 81 high 2 
301 94 0 301 times 2 
301 94 0 1061 retrieved 2 
301 94 0 5 canadian 0 
301 94 0 3 born 0 
301 94 0 9 singer 0 
301 94 0 39 sold 2 
301 94 0 40 million 2 
301 94 0 29 albums 0 
301 94 0 62 worldwide 2 
301 94 0 2 morissette 0 
301 94 0 1066 stands 0 
301 94 0 1067 rocky 2 
301 94 0 1068 pedestal 0 
301 94 0 1069 newsbank 2 
301 94 0 1061 retrieved 2 
301 94 0 1070 september 1 
301 94 0 1071 harris 0 
301 94 0 1072 bill 0 
301 94 0 71 queen 0 
301 94 0 1073 rules 2 
301 94 0 34 album 2 
301 94 0 404 sales 0 
301 94 0 131 toronto 2 
301 94 0 1074 sun 0 
301 94 0 605 november 0 
301 94 0 1075 oops 2 
301 94 0 1076 britney 1 
301 94 0 1077 breaks 2 
301 94 0 12 record 0 
301 94 0 1078 chicago 0 
301 94 0 1074 sun 0 
301 94 0 301 times 2 
301 94 0 1079 lynskey 0 
301 94 0 1080 dorian 1 
301 94 0 1081 suffering 0 
301 94 0 1082 dsas 1 
301 94 0 829 guardian 0 
301 94 0 1070 september 1 
301 94 0 16 juno 0 
301 94 0 17 awards 0 
301 94 0 260 los 0 
301 94 0 261 angeles 0 
301 94 0 301 times 2 
301 94 0 2 morissette 0 
301 94 0 1083 laughs 0 
301 94 0 1084 display 0 
301 94 0 1085 nudity 2 
301 94 0 5 canadian 2 
301 94 0 1086 press 2 
301 94 0 1087 ctv 1 
301 94 0 119 television 0 
301 94 0 1088 network 1 
301 94 0 652 april 2 
301 94 0 2 morissette 0 
301 94 0 588 starbucks 0 
301 94 0 34 album 2 
301 94 0 899 row 0 
301 94 0 1089 bbc 0 
301 94 0 905 news 0 
301 94 0 4 june 0 
301 94 0 598 hmv 2 
301 94 0 1090 pulls 0 
301 94 0 0 alanis 0 
301 94 0 1091 product 2 
301 94 0 1092 protest 2 
301 94 0 588 starbucks 0 
301 94 0 208 deal 2 
301 94 0 1093 cbc 2 
301 94 0 1094 arts 0 
301 94 0 4 june 0 
301 94 0 1095 baltin 1 
301 94 0 1096 steve 2 
301 94 0 0 alanis 0 
301 94 0 233 writing 2 
301 94 0 1097 memoir 1 
301 94 0 34 album 2 
301 94 0 69 rolling 0 
301 94 0 70 stone 2 
301 94 0 651 january 0 
301 94 0 0 alanis 0 
301 94 0 2 morissette 0 
301 94 0 842 sing 0 
301 94 0 712 national 0 
301 94 0 713 anthems 0 
301 94 0 714 game 0 
301 94 0 715 stanley 2 
301 94 0 716 cup 2 
301 94 0 1098 final 0 
301 94 0 5 canadian 2 
301 94 0 1086 press 2 
301 94 0 1099 maclean 1 
301 94 0 4 june 0 
301 94 0 1100 halperin 0 
301 94 0 1101 shirley 0 
301 94 0 176 year 2 
301 94 0 6 american 0 
301 94 0 791 idol 2 
301 94 0 1102 winner 2 
301 94 0 260 los 0 
301 94 0 261 angeles 0 
301 94 0 301 times 2 
301 94 0 1103 archived 1 
301 94 0 640 original 0 
301 94 0 1061 retrieved 2 
301 94 0 990 nbc 1 
301 94 0 0 alanis 0 
301 94 0 2 morissette 0 
301 94 0 1059 marries 0 
301 94 0 170 rapper 0 
301 94 0 1016 boyfriend 2 
301 94 0 1093 cbc 2 
301 94 0 905 news 0 
301 94 0 4 june 2 
301 94 0 0 alanis 0 
301 94 0 2 morissette 0 
301 94 0 1104 reveals 0 
301 94 0 1105 secret 1 
301 94 0 186 songs 0 
301 94 0 24 canada 2 
301 94 0 605 november 0 
301 94 0 1061 retrieved 2 
301 94 0 759 october 1 
301 94 0 1106 fraught 0 
301 94 0 432 relationship 0 
301 94 0 1107 food 2 
301 94 0 1108 fat 2 
301 94 0 0 alanis 0 
301 94 0 2 morissette 0 
301 94 0 1109 opens 2 
301 94 0 1023 eating 0 
301 94 0 1110 disorder 1 
301 94 0 1111 daily 2 
301 94 0 1112 mail 2 
301 94 0 605 november 0 
301 94 0 1061 retrieved 2 
301 94 0 360 december 0 
309 94 0 0 alanis 2 
309 94 0 1 nadine 1 
309 94 0 2 morissette 0 
309 94 0 3 born 0 
309 94 0 74 ottawa 2 
309 94 0 24 canada 0 
309 94 0 4 june 0 
309 94 0 1113 st 2 
309 94 0 0 alanis 2 
309 94 0 1114 greek 2 
309 94 0 1115 feminine 2 
309 94 0 460 version 0 
309 94 0 97 father 2 
309 94 0 84 alan 2 
309 94 0 101 mother 2 
309 94 0 76 georgia 2 
309 94 0 1116 brothers 2 
309 94 0 90 chad 2 
309 94 0 96 wade 0 
309 94 0 0 alanis 2 
309 94 0 91 twin 2 
309 94 0 1117 learned 2 
309 94 0 506 play 1 
309 94 0 662 piano 2 
309 94 0 1118 age 2 
309 94 0 454 guitar 1 
309 94 0 1118 age 2 
309 94 0 0 alanis 2 
309 94 0 919 made 2 
309 94 0 144 single 0 
309 94 0 52 called 2 
309 94 0 123 fate 2 
309 94 0 124 stay 2 
309 94 0 1119 full 2 
309 94 0 1120 bio 0 
309 94 0 378 dave 2 
309 94 0 1121 dead 2 
309 94 0 918 performer 2 
309 94 0 1121 dead 2 
309 94 0 667 men 2 
309 94 0 1122 walking 2 
309 94 0 481 writer 2 
309 94 0 1121 dead 2 
309 94 0 667 men 2 
309 94 0 1122 walking 2 
309 94 0 1123 pre 2 
309 94 0 182 production 2 
309 94 0 1124 glee 2 
309 94 0 1125 tv 2 
309 94 0 1126 series 2 
309 94 0 481 writer 2 
309 94 0 121 episodes 2 
309 94 0 36 jagged 2 
309 94 0 1127 tapestry 2 
309 94 0 481 writer 2 
309 94 0 282 hand 2 
309 94 0 283 pocket 2 
309 94 0 153 feel 0 
309 94 0 758 earth 2 
309 94 0 231 move 2 
309 94 0 154 love 2 
309 94 0 1128 tomorrow 2 
309 94 0 288 head 2 
309 94 0 289 feet 2 
309 94 0 287 learn 2 
309 94 0 781 ve 1 
309 94 0 1129 friend 2 
309 94 0 1130 uncredited 2 
309 94 0 1131 loser 2 
309 94 0 481 writer 2 
309 94 0 382 uninvited 2 
309 94 0 1130 uncredited 2 
309 94 0 1132 dancing 2 
309 94 0 1133 stars 2 
309 94 0 1125 tv 2 
309 94 0 1126 series 2 
309 94 0 481 writer 2 
309 94 0 932 episode 2 
309 94 0 1134 dynamic 2 
309 94 0 1135 duos 2 
309 94 0 958 night 2 
309 94 0 481 writer 2 
309 94 0 382 uninvited 2 
309 94 0 1136 guapas 2 
309 94 0 1125 tv 2 
309 94 0 1126 series 2 
309 94 0 918 performer 2 
309 94 0 932 episode 2 
309 94 0 481 writer 2 
309 94 0 932 episode 2 
309 94 0 1137 la 2 
309 94 0 1138 ovejita 2 
309 94 0 1139 crdula 1 
309 94 0 918 performer 2 
309 94 0 285 ironic 2 
309 94 0 1130 uncredited 2 
309 94 0 481 writer 2 
309 94 0 285 ironic 2 
309 94 0 1130 uncredited 2 
309 94 0 1140 tennis 2 
309 94 0 1141 eastbourne 2 
309 94 0 1125 tv 2 
309 94 0 1126 series 2 
309 94 0 185 lyrics 2 
309 94 0 932 episode 2 
309 94 0 157 music 2 
309 94 0 932 episode 2 
309 94 0 918 performer 2 
309 94 0 932 episode 2 
309 94 0 677 day 2 
309 94 0 185 lyrics 2 
309 94 0 1130 uncredited 2 
309 94 0 157 music 2 
309 94 0 1130 uncredited 2 
309 94 0 918 performer 2 
309 94 0 1130 uncredited 2 
309 94 0 1142 tu 2 
309 94 0 1143 cara 2 
309 94 0 1144 suena 2 
309 94 0 1125 tv 2 
309 94 0 1126 series 2 
309 94 0 481 writer 2 
309 94 0 932 episode 2 
309 94 0 932 episode 2 
309 94 0 481 writer 2 
309 94 0 285 ironic 2 
309 94 0 461 mad 2 
309 94 0 1108 fat 2 
309 94 0 1145 diary 2 
309 94 0 1125 tv 2 
309 94 0 1126 series 2 
309 94 0 918 performer 2 
309 94 0 932 episode 2 
309 94 0 481 writer 2 
309 94 0 932 episode 2 
309 94 0 780 girls 2 
309 94 0 918 performer 2 
309 94 0 287 learn 2 
309 94 0 1130 uncredited 2 
309 94 0 481 writer 2 
309 94 0 287 learn 2 
309 94 0 1130 uncredited 2 
309 94 0 67 voice 2 
309 94 0 1146 philippines 2 
309 94 0 1125 tv 2 
309 94 0 1126 series 2 
309 94 0 481 writer 2 
309 94 0 121 episodes 2 
309 94 0 932 episode 2 
309 94 0 481 writer 2 
309 94 0 1147 outa 1 
309 94 0 932 episode 2 
309 94 0 481 writer 2 
309 94 0 285 ironic 2 
309 94 0 1148 internship 2 
309 94 0 918 performer 2 
309 94 0 285 ironic 2 
309 94 0 481 writer 2 
309 94 0 285 ironic 2 
309 94 0 67 voice 2 
309 94 0 1149 danmarks 2 
309 94 0 1150 strste 2 
309 94 0 1151 stemme 2 
309 94 0 1125 tv 2 
309 94 0 1126 series 2 
309 94 0 481 writer 2 
309 94 0 932 episode 2 
309 94 0 1152 fjerde 2 
309 94 0 1153 blindtest 2 
309 94 0 481 writer 2 
309 94 0 1130 uncredited 2 
309 94 0 814 factor 2 
309 94 0 1146 philippines 2 
309 94 0 1125 tv 2 
309 94 0 1126 series 2 
309 94 0 481 writer 2 
309 94 0 932 episode 2 
309 94 0 147 top 0 
309 94 0 327 performance 2 
309 94 0 958 night 2 
309 94 0 481 writer 2 
309 94 0 266 oughta 2 
309 94 0 893 malhao 2 
309 94 0 1125 tv 2 
309 94 0 1126 series 2 
309 94 0 918 performer 2 
309 94 0 932 episode 2 
309 94 0 932 episode 2 
309 94 0 918 performer 2 
309 94 0 285 ironic 2 
309 94 0 1154 katy 2 
309 94 0 1155 perry 2 
309 94 0 237 part 2 
309 94 0 521 documentary 2 
309 94 0 918 performer 2 
309 94 0 266 oughta 2 
309 94 0 481 writer 2 
309 94 0 266 oughta 2 
309 94 0 27 dance 0 
309 94 0 24 canada 0 
309 94 0 1125 tv 2 
309 94 0 1126 series 2 
309 94 0 918 performer 2 
309 94 0 932 episode 2 
309 94 0 147 top 0 
309 94 0 327 performance 2 
309 94 0 918 performer 2 
309 94 0 382 uninvited 2 
309 94 0 6 american 0 
309 94 0 791 idol 2 
309 94 0 1125 tv 2 
309 94 0 1126 series 2 
309 94 0 932 episode 2 
309 94 0 1156 finalists 2 
309 94 0 1157 compete 2 
309 94 0 266 oughta 2 
309 94 0 342 foo 0 
309 94 0 343 fighters 2 
309 94 0 472 back 2 
309 94 0 521 documentary 2 
309 94 0 918 performer 2 
309 94 0 266 oughta 2 
309 94 0 481 writer 2 
309 94 0 266 oughta 2 
309 94 0 1158 doctors 2 
309 94 0 1125 tv 2 
309 94 0 1126 series 2 
309 94 0 918 performer 2 
309 94 0 932 episode 2 
309 94 0 36 jagged 2 
309 94 0 37 pill 2 
309 94 0 918 performer 2 
309 94 0 36 jagged 2 
309 94 0 37 pill 1 
309 94 0 1130 uncredited 2 
309 94 0 958 night 2 
309 94 0 1159 stand 2 
309 94 0 1125 tv 2 
309 94 0 1126 series 2 
309 94 0 345 short 2 
309 94 0 121 episodes 2 
309 94 0 1160 mac 2 
309 94 0 677 day 2 
309 94 0 266 oughta 2 
309 94 0 1161 ace 2 
309 94 0 1162 hole 2 
309 94 0 285 ironic 2 
309 94 0 918 performer 2 
309 94 0 648 tonight 0 
309 94 0 120 show 2 
309 94 0 649 jay 0 
309 94 0 650 leno 2 
309 94 0 1125 tv 2 
309 94 0 1126 series 2 
309 94 0 918 performer 2 
309 94 0 932 episode 2 
309 94 0 481 writer 2 
309 94 0 932 episode 2 
309 94 0 932 episode 2 
309 94 0 918 performer 2 
309 94 0 785 remain 2 
309 94 0 481 writer 2 
309 94 0 785 remain 2 
309 94 0 786 prince 0 
309 94 0 787 persia 2 
309 94 0 788 sands 0 
309 94 0 30 time 0 
309 94 0 918 performer 2 
309 94 0 785 remain 2 
309 94 0 481 writer 2 
309 94 0 785 remain 2 
309 94 0 349 live 2 
309 94 0 57 studio 0 
309 94 0 1125 tv 2 
309 94 0 1126 series 2 
309 94 0 481 writer 2 
309 94 0 932 episode 2 
309 94 0 932 episode 2 
309 94 0 481 writer 2 
309 94 0 266 oughta 2 
309 94 0 814 factor 2 
309 94 0 1125 tv 2 
309 94 0 1126 series 2 
309 94 0 481 writer 2 
309 94 0 932 episode 2 
309 94 0 932 episode 2 
309 94 0 481 writer 2 
309 94 0 382 uninvited 2 
309 94 0 8 rock 0 
309 94 0 1125 tv 2 
309 94 0 1126 series 2 
309 94 0 481 writer 2 
309 94 0 932 episode 2 
309 94 0 932 episode 2 
309 94 0 481 writer 2 
309 94 0 266 oughta 2 
309 94 0 1130 uncredited 2 
309 94 0 1163 house 2 
309 94 0 1125 tv 2 
309 94 0 1126 series 2 
309 94 0 932 episode 2 
309 94 0 1164 seconds 2 
309 94 0 936 woman 0 
309 94 0 481 writer 2 
309 94 0 285 ironic 2 
309 94 0 1165 office 2 
309 94 0 1125 tv 2 
309 94 0 1126 series 2 
309 94 0 481 writer 2 
309 94 0 932 episode 2 
309 94 0 1166 benihana 2 
309 94 0 1167 christmas 2 
309 94 0 481 writer 2 
309 94 0 266 oughta 2 
309 94 0 1168 devil 2 
309 94 0 1169 wears 2 
309 94 0 1170 prada 0 
309 94 0 918 performer 2 
309 94 0 625 crazy 2 
309 94 0 1044 break 2 
309 94 0 918 performer 2 
309 94 0 266 oughta 2 
309 94 0 481 writer 2 
309 94 0 266 oughta 2 
309 94 0 1171 clerks 1 
309 94 0 464 ii 2 
309 94 0 918 performer 2 
309 94 0 481 writer 2 
309 94 0 1172 ha 2 
309 94 0 1173 shminiya 2 
309 94 0 1125 tv 2 
309 94 0 1126 series 2 
309 94 0 918 performer 2 
309 94 0 121 episodes 2 
309 94 0 481 writer 2 
309 94 0 121 episodes 2 
309 94 0 353 long 2 
309 94 0 983 story 2 
309 94 0 918 performer 2 
309 94 0 1130 uncredited 2 
309 94 0 481 writer 2 
309 94 0 1130 uncredited 2 
309 94 0 1174 ayot 2 
309 94 0 1175 ba 2 
309 94 0 1176 derech 2 
309 94 0 918 performer 2 
309 94 0 1177 forgiven 2 
309 94 0 1130 uncredited 2 
309 94 0 481 writer 2 
309 94 0 1177 forgiven 2 
309 94 0 1130 uncredited 2 
309 94 0 635 chronicles 0 
309 94 0 636 narnia 2 
309 94 0 637 lion 2 
309 94 0 638 witch 2 
309 94 0 639 wardrobe 2 
309 94 0 918 performer 2 
309 94 0 634 wunderkind 2 
309 94 0 13 producer 2 
309 94 0 634 wunderkind 2 
309 94 0 481 writer 2 
309 94 0 634 wunderkind 0 
309 94 0 1178 saturday 2 
309 94 0 958 night 2 
309 94 0 349 live 2 
309 94 0 1179 jimmy 2 
309 94 0 1180 fallon 2 
309 94 0 273 video 2 
309 94 0 481 writer 2 
309 94 0 1181 halloween 2 
309 94 0 267 song 2 
309 94 0 154 love 2 
309 94 0 237 part 2 
309 94 0 1182 deux 2 
309 94 0 1125 tv 2 
309 94 0 1126 series 2 
309 94 0 521 documentary 2 
309 94 0 918 performer 2 
309 94 0 932 episode 2 
309 94 0 918 performer 2 
309 94 0 914 de 2 
309 94 0 915 lovely 2 
309 94 0 918 performer 2 
309 94 0 916 fall 2 
309 94 0 154 love 2 
309 94 0 1183 jools 2 
309 94 0 1184 holland 2 
309 94 0 1125 tv 2 
309 94 0 1126 series 2 
309 94 0 918 performer 2 
309 94 0 932 episode 2 
309 94 0 932 episode 2 
309 94 0 918 performer 2 
309 94 0 285 ironic 2 
309 94 0 1185 beth 2 
309 94 0 1186 palau 2 
309 94 0 914 de 2 
309 94 0 1137 la 2 
309 94 0 1187 msica 2 
309 94 0 1188 catalana 2 
309 94 0 273 video 2 
309 94 0 481 writer 2 
309 94 0 288 head 2 
309 94 0 289 feet 2 
309 94 0 1189 smallville 2 
309 94 0 1125 tv 2 
309 94 0 1126 series 2 
309 94 0 918 performer 2 
309 94 0 932 episode 2 
309 94 0 1190 resurrection 1 
309 94 0 918 performer 2 
309 94 0 1130 uncredited 2 
309 94 0 1191 hinter 2 
309 94 0 1192 gittern 2 
309 94 0 1193 der 2 
309 94 0 1194 frauenknast 2 
309 94 0 1125 tv 2 
309 94 0 1126 series 2 
309 94 0 918 performer 2 
309 94 0 932 episode 2 
309 94 0 1195 belastungsprobe 2 
309 94 0 918 performer 2 
309 94 0 502 hands 2 
309 94 0 503 clean 2 
309 94 0 892 celebridade 2 
309 94 0 1125 tv 2 
309 94 0 1126 series 2 
309 94 0 918 performer 2 
309 94 0 932 episode 2 
309 94 0 932 episode 2 
309 94 0 1010 dated 2 
309 94 0 759 october 1 
309 94 0 918 performer 2 
309 94 0 1196 offer 2 
309 94 0 1130 uncredited 2 
309 94 0 1197 dawson 2 
309 94 0 1198 creek 2 
309 94 0 1125 tv 2 
309 94 0 1126 series 2 
309 94 0 121 episodes 2 
309 94 0 1041 end 2 
309 94 0 282 hand 2 
309 94 0 283 pocket 2 
309 94 0 1199 operacin 2 
309 94 0 1200 triunfo 2 
309 94 0 1125 tv 2 
309 94 0 1126 series 2 
309 94 0 481 writer 2 
309 94 0 932 episode 2 
309 94 0 932 episode 2 
309 94 0 481 writer 2 
309 94 0 285 ironic 2 
309 94 0 1201 stella 2 
309 94 0 752 shorts 2 
309 94 0 273 video 2 
309 94 0 918 performer 2 
309 94 0 481 writer 2 
309 94 0 0 alanis 2 
309 94 0 2 morissette 0 
309 94 0 516 feast 2 
309 94 0 517 scraps 2 
309 94 0 273 video 2 
309 94 0 521 documentary 2 
309 94 0 918 performer 2 
309 94 0 1202 baba 2 
309 94 0 1203 things 2 
309 94 0 999 lover 2 
309 94 0 282 hand 2 
309 94 0 283 pocket 2 
309 94 0 1204 purgatorying 2 
309 94 0 237 part 2 
309 94 0 1205 unprodigal 2 
309 94 0 1206 daughter 2 
309 94 0 1207 flinch 2 
309 94 0 509 precious 2 
309 94 0 510 illusions 2 
309 94 0 1208 sympathetic 2 
309 94 0 226 character 2 
309 94 0 1204 purgatorying 2 
309 94 0 237 part 2 
309 94 0 508 unsexy 2 
309 94 0 288 head 2 
309 94 0 289 feet 2 
309 94 0 1204 purgatorying 2 
309 94 0 237 part 2 
309 94 0 266 oughta 2 
309 94 0 502 hands 0 
309 94 0 503 clean 2 
309 94 0 382 uninvited 2 
309 94 0 285 ironic 2 
309 94 0 287 learn 2 
309 94 0 30 time 2 
309 94 0 481 writer 2 
309 94 0 1202 baba 2 
309 94 0 1203 things 2 
309 94 0 999 lover 2 
309 94 0 282 hand 2 
309 94 0 283 pocket 2 
309 